TpTrace Verbose: 0 : 23624, 1, 2023/08/04, 16:27:56.333, 9405165149316, vstest.console.dll, Version: 17.6.0-release-20230405-08 Current process architecture: X64
TpTrace Verbose: 0 : 23624, 1, 2023/08/04, 16:27:56.335, 9405165171599, vstest.console.dll, Runtime location: C:\Program Files\dotnet\shared\Microsoft.NETCore.App\7.0.7
TpTrace Verbose: 0 : 23624, 1, 2023/08/04, 16:27:56.338, 9405165202074, vstest.console.dll, ArtifactProcessingPostProcessModeProcessorExecutor.Initialize: ArtifactProcessingMode.Collect
TpTrace Verbose: 0 : 23624, 1, 2023/08/04, 16:27:56.338, 9405165203479, vstest.console.dll, TestSessionCorrelationIdProcessorModeProcessorExecutor.Initialize: TestSessionCorrelationId '15048_42275a6b-9473-41d8-a0aa-84293d8723b1'
TpTrace Information: 0 : 23624, 1, 2023/08/04, 16:27:56.347, 9405165294556, vstest.console.dll, FilePatternParser: The given file C:\Users\PC\source\repos\WebApplication1\IntegrationTests\bin\Debug\net6.0\fine-code-coverage\build-output\IntegrationTests.dll is a full path.
TpTrace Verbose: 0 : 23624, 1, 2023/08/04, 16:27:56.353, 9405165350970, vstest.console.dll, TestPluginCache.DiscoverTestExtensions: finding test extensions in assemblies ends with: RuntimeProvider.dll TPluginInfo: Microsoft.VisualStudio.TestPlatform.Common.ExtensionFramework.Utilities.TestRuntimePluginInformation TExtension: Microsoft.VisualStudio.TestPlatform.ObjectModel.Host.ITestRuntimeProvider
TpTrace Verbose: 0 : 23624, 1, 2023/08/04, 16:27:56.353, 9405165354577, vstest.console.dll, TestPluginCache.GetExtensionPaths: Filtered extension paths: 
TpTrace Verbose: 0 : 23624, 1, 2023/08/04, 16:27:56.354, 9405165355751, vstest.console.dll, TestPluginCache.GetExtensionPaths: Added default extension paths: C:\Program Files\dotnet\sdk\7.0.304\Extensions\Microsoft.Diagnostics.NETCore.Client.dll
C:\Program Files\dotnet\sdk\7.0.304\Extensions\Microsoft.TestPlatform.Extensions.BlameDataCollector.dll
C:\Program Files\dotnet\sdk\7.0.304\Extensions\Microsoft.TestPlatform.Extensions.EventLogCollector.dll
C:\Program Files\dotnet\sdk\7.0.304\Extensions\Microsoft.TestPlatform.TestHostRuntimeProvider.dll
C:\Program Files\dotnet\sdk\7.0.304\Extensions\Microsoft.VisualStudio.TestPlatform.Extensions.Html.TestLogger.dll
C:\Program Files\dotnet\sdk\7.0.304\Extensions\Microsoft.VisualStudio.TestPlatform.Extensions.Trx.TestLogger.dll
TpTrace Verbose: 0 : 23624, 1, 2023/08/04, 16:27:56.354, 9405165356431, vstest.console.dll, TestPluginCache.GetExtensionPaths: Added unfilterableExtensionPaths: 
TpTrace Information: 0 : 23624, 1, 2023/08/04, 16:27:56.354, 9405165364736, vstest.console.dll, AssemblyResolver.ctor: Creating AssemblyResolver with searchDirectories C:\Program Files\dotnet\sdk\7.0.304\Extensions,C:\Program Files\dotnet\sdk\7.0.304
TpTrace Verbose: 0 : 23624, 1, 2023/08/04, 16:27:56.356, 9405165379362, vstest.console.dll, TestPluginCache.DiscoverTestExtensions: Discovering the extensions using extension path.
TpTrace Verbose: 0 : 23624, 1, 2023/08/04, 16:27:56.356, 9405165380747, vstest.console.dll, TestPluginCache.GetExtensionPaths: Filtered extension paths: 
TpTrace Verbose: 0 : 23624, 1, 2023/08/04, 16:27:56.356, 9405165381287, vstest.console.dll, TestPluginCache.GetExtensionPaths: Added default extension paths: C:\Program Files\dotnet\sdk\7.0.304\Extensions\Microsoft.Diagnostics.NETCore.Client.dll
C:\Program Files\dotnet\sdk\7.0.304\Extensions\Microsoft.TestPlatform.Extensions.BlameDataCollector.dll
C:\Program Files\dotnet\sdk\7.0.304\Extensions\Microsoft.TestPlatform.Extensions.EventLogCollector.dll
C:\Program Files\dotnet\sdk\7.0.304\Extensions\Microsoft.TestPlatform.TestHostRuntimeProvider.dll
C:\Program Files\dotnet\sdk\7.0.304\Extensions\Microsoft.VisualStudio.TestPlatform.Extensions.Html.TestLogger.dll
C:\Program Files\dotnet\sdk\7.0.304\Extensions\Microsoft.VisualStudio.TestPlatform.Extensions.Trx.TestLogger.dll
TpTrace Verbose: 0 : 23624, 1, 2023/08/04, 16:27:56.356, 9405165381628, vstest.console.dll, TestPluginCache.GetExtensionPaths: Added unfilterableExtensionPaths: 
TpTrace Verbose: 0 : 23624, 1, 2023/08/04, 16:27:56.356, 9405165382648, vstest.console.dll, TestPluginCache.DiscoverTestExtensions: Discovering the extensions using allExtensionPaths: C:\Program Files\dotnet\sdk\7.0.304\Extensions\Microsoft.Diagnostics.NETCore.Client.dll
C:\Program Files\dotnet\sdk\7.0.304\Extensions\Microsoft.TestPlatform.Extensions.BlameDataCollector.dll
C:\Program Files\dotnet\sdk\7.0.304\Extensions\Microsoft.TestPlatform.Extensions.EventLogCollector.dll
C:\Program Files\dotnet\sdk\7.0.304\Extensions\Microsoft.TestPlatform.TestHostRuntimeProvider.dll
C:\Program Files\dotnet\sdk\7.0.304\Extensions\Microsoft.VisualStudio.TestPlatform.Extensions.Html.TestLogger.dll
C:\Program Files\dotnet\sdk\7.0.304\Extensions\Microsoft.VisualStudio.TestPlatform.Extensions.Trx.TestLogger.dll
TpTrace Information: 0 : 23624, 1, 2023/08/04, 16:27:56.356, 9405165384416, vstest.console.dll, AssemblyResolver.AddSearchDirectories: Adding more searchDirectories C:\Program Files\dotnet\sdk\7.0.304\Extensions,C:\Program Files\dotnet\sdk\7.0.304
TpTrace Information: 0 : 23624, 1, 2023/08/04, 16:27:56.357, 9405165385205, vstest.console.dll, AssemblyResolver.AddSearchDirectories: Adding more searchDirectories C:\Program Files\dotnet\sdk\7.0.304\Extensions,C:\Program Files\dotnet\sdk\7.0.304
TpTrace Information: 0 : 23624, 1, 2023/08/04, 16:27:56.357, 9405165385665, vstest.console.dll, AssemblyResolver.AddSearchDirectories: Adding more searchDirectories C:\Program Files\dotnet\sdk\7.0.304\Extensions,C:\Program Files\dotnet\sdk\7.0.304
TpTrace Information: 0 : 23624, 1, 2023/08/04, 16:27:56.357, 9405165385982, vstest.console.dll, AssemblyResolver.AddSearchDirectories: Adding more searchDirectories C:\Program Files\dotnet\sdk\7.0.304\Extensions,C:\Program Files\dotnet\sdk\7.0.304
TpTrace Information: 0 : 23624, 1, 2023/08/04, 16:27:56.357, 9405165386284, vstest.console.dll, AssemblyResolver.AddSearchDirectories: Adding more searchDirectories C:\Program Files\dotnet\sdk\7.0.304\Extensions,C:\Program Files\dotnet\sdk\7.0.304
TpTrace Information: 0 : 23624, 1, 2023/08/04, 16:27:56.357, 9405165386652, vstest.console.dll, AssemblyResolver.AddSearchDirectories: Adding more searchDirectories C:\Program Files\dotnet\sdk\7.0.304\Extensions,C:\Program Files\dotnet\sdk\7.0.304
TpTrace Information: 0 : 23624, 1, 2023/08/04, 16:27:56.357, 9405165390911, vstest.console.dll, AssemblyResolver.OnResolve: Microsoft.Diagnostics.NETCore.Client: Resolving assembly.
TpTrace Information: 0 : 23624, 1, 2023/08/04, 16:27:56.357, 9405165391683, vstest.console.dll, AssemblyResolver.OnResolve: Microsoft.Diagnostics.NETCore.Client: Searching in: 'C:\Program Files\dotnet\sdk\7.0.304\Extensions'.
TpTrace Information: 0 : 23624, 1, 2023/08/04, 16:27:56.365, 9405165466673, vstest.console.dll, AssemblyResolver.OnResolve: Microsoft.Diagnostics.NETCore.Client: Loading assembly 'C:\Program Files\dotnet\sdk\7.0.304\Extensions\Microsoft.Diagnostics.NETCore.Client.dll'.
TpTrace Information: 0 : 23624, 1, 2023/08/04, 16:27:56.365, 9405165473309, vstest.console.dll, AssemblyResolver.OnResolve: Resolved assembly: Microsoft.Diagnostics.NETCore.Client, from path: C:\Program Files\dotnet\sdk\7.0.304\Extensions\Microsoft.Diagnostics.NETCore.Client.dll
TpTrace Verbose: 0 : 23624, 1, 2023/08/04, 16:27:56.367, 9405165490523, vstest.console.dll, MetadataReaderExtensionsHelper: Discovering extensions inside assembly 'Microsoft.Diagnostics.NETCore.Client, Version=0.2.6.42401, Culture=neutral, PublicKeyToken=31bf3856ad364e35' file path 'C:\Program Files\dotnet\sdk\7.0.304\Extensions\Microsoft.Diagnostics.NETCore.Client.dll'
TpTrace Information: 0 : 23624, 1, 2023/08/04, 16:27:56.372, 9405165539482, vstest.console.dll, AssemblyResolver.OnResolve: Microsoft.Bcl.AsyncInterfaces: Resolving assembly.
TpTrace Information: 0 : 23624, 1, 2023/08/04, 16:27:56.372, 9405165540409, vstest.console.dll, AssemblyResolver.OnResolve: Microsoft.Bcl.AsyncInterfaces: Searching in: 'C:\Program Files\dotnet\sdk\7.0.304\Extensions'.
TpTrace Information: 0 : 23624, 1, 2023/08/04, 16:27:56.372, 9405165541243, vstest.console.dll, AssemblyResolver.OnResolve: Microsoft.Bcl.AsyncInterfaces: Assembly path does not exist: 'C:\Program Files\dotnet\sdk\7.0.304\Extensions\Microsoft.Bcl.AsyncInterfaces.dll', returning.
TpTrace Information: 0 : 23624, 1, 2023/08/04, 16:27:56.372, 9405165542656, vstest.console.dll, AssemblyResolver.OnResolve: Microsoft.Bcl.AsyncInterfaces: Assembly path does not exist: 'C:\Program Files\dotnet\sdk\7.0.304\Extensions\Microsoft.Bcl.AsyncInterfaces.exe', returning.
TpTrace Information: 0 : 23624, 1, 2023/08/04, 16:27:56.372, 9405165543154, vstest.console.dll, AssemblyResolver.OnResolve: Microsoft.Bcl.AsyncInterfaces: Searching in: 'C:\Program Files\dotnet\sdk\7.0.304'.
TpTrace Information: 0 : 23624, 1, 2023/08/04, 16:27:56.372, 9405165543821, vstest.console.dll, AssemblyResolver.OnResolve: Microsoft.Bcl.AsyncInterfaces: Assembly path does not exist: 'C:\Program Files\dotnet\sdk\7.0.304\Microsoft.Bcl.AsyncInterfaces.dll', returning.
TpTrace Information: 0 : 23624, 1, 2023/08/04, 16:27:56.372, 9405165544427, vstest.console.dll, AssemblyResolver.OnResolve: Microsoft.Bcl.AsyncInterfaces: Assembly path does not exist: 'C:\Program Files\dotnet\sdk\7.0.304\Microsoft.Bcl.AsyncInterfaces.exe', returning.
TpTrace Information: 0 : 23624, 1, 2023/08/04, 16:27:56.373, 9405165544790, vstest.console.dll, AssemblyResolver.OnResolve: Microsoft.Bcl.AsyncInterfaces: Failed to load assembly.
TpTrace Verbose: 0 : 23624, 1, 2023/08/04, 16:27:56.373, 9405165545230, vstest.console.dll, CurrentDomainAssemblyResolve: Resolving assembly 'Microsoft.Bcl.AsyncInterfaces'.
TpTrace Information: 0 : 23624, 1, 2023/08/04, 16:27:56.373, 9405165545908, vstest.console.dll, AssemblyResolver.OnResolve: Microsoft.Bcl.AsyncInterfaces: Resolving assembly.
TpTrace Information: 0 : 23624, 1, 2023/08/04, 16:27:56.373, 9405165546331, vstest.console.dll, AssemblyResolver.OnResolve: Microsoft.Bcl.AsyncInterfaces: Resolved from cache.
TpTrace Verbose: 0 : 23624, 1, 2023/08/04, 16:27:56.373, 9405165546611, vstest.console.dll, CurrentDomainAssemblyResolve: Resolving assembly 'Microsoft.Bcl.AsyncInterfaces'.
TpTrace Verbose: 0 : 23624, 1, 2023/08/04, 16:27:56.373, 9405165546959, vstest.console.dll, CurrentDomainAssemblyResolve: Failed to resolve assembly 'Microsoft.Bcl.AsyncInterfaces'.
TpTrace Verbose: 0 : 23624, 1, 2023/08/04, 16:27:56.374, 9405165555597, vstest.console.dll, CurrentDomainAssemblyResolve: Failed to resolve assembly 'Microsoft.Bcl.AsyncInterfaces'.
TpTrace Warning: 0 : 23624, 1, 2023/08/04, 16:27:56.381, 9405165628996, vstest.console.dll, TestPluginDiscoverer: Failed to get types from assembly 'Microsoft.Diagnostics.NETCore.Client, Version=0.2.6.42401, Culture=neutral, PublicKeyToken=31bf3856ad364e35'. Error: System.Reflection.ReflectionTypeLoadException: Unable to load one or more of the requested types.
Could not load file or assembly 'Microsoft.Bcl.AsyncInterfaces, Version=1.0.0.0, Culture=neutral, PublicKeyToken=cc7b13ffcd2ddd51'. The system cannot find the file specified.
   at System.Reflection.RuntimeModule.GetTypes(RuntimeModule module)
   at System.Reflection.Assembly.GetTypes()
   at Microsoft.VisualStudio.TestPlatform.Common.ExtensionFramework.TestPluginDiscoverer.GetTestExtensionsFromAssembly[TPluginInfo,TExtension](Assembly assembly, Dictionary`2 pluginInfos, String filePath)
System.IO.FileNotFoundException: Could not load file or assembly 'Microsoft.Bcl.AsyncInterfaces, Version=1.0.0.0, Culture=neutral, PublicKeyToken=cc7b13ffcd2ddd51'. The system cannot find the file specified.
File name: 'Microsoft.Bcl.AsyncInterfaces, Version=1.0.0.0, Culture=neutral, PublicKeyToken=cc7b13ffcd2ddd51'
 ---> System.IO.FileNotFoundException: Could not load file or assembly 'Microsoft.Bcl.AsyncInterfaces, Culture=neutral, PublicKeyToken=null'. The system cannot find the file specified.
File name: 'Microsoft.Bcl.AsyncInterfaces, Culture=neutral, PublicKeyToken=null'
   at System.Reflection.RuntimeAssembly.InternalLoad(AssemblyName assemblyName, StackCrawlMark& stackMark, AssemblyLoadContext assemblyLoadContext, RuntimeAssembly requestingAssembly, Boolean throwOnFileNotFound)
   at System.Reflection.Assembly.Load(AssemblyName assemblyRef)
   at Microsoft.VisualStudio.TestPlatform.Common.ExtensionFramework.TestPluginCache.CurrentDomainAssemblyResolve(Object sender, AssemblyResolveEventArgs args)
   at System.Runtime.Loader.AssemblyLoadContext.GetFirstResolvedAssemblyFromResolvingEvent(AssemblyName assemblyName)
   at System.Runtime.Loader.AssemblyLoadContext.ResolveUsingEvent(AssemblyName assemblyName)
   at System.Runtime.Loader.AssemblyLoadContext.ResolveUsingResolvingEvent(IntPtr gchManagedAssemblyLoadContext, AssemblyName assemblyName)
TpTrace Warning: 0 : 23624, 1, 2023/08/04, 16:27:56.381, 9405165634319, vstest.console.dll, LoaderExceptions: System.IO.FileNotFoundException: Could not load file or assembly 'Microsoft.Bcl.AsyncInterfaces, Version=1.0.0.0, Culture=neutral, PublicKeyToken=cc7b13ffcd2ddd51'. The system cannot find the file specified.
File name: 'Microsoft.Bcl.AsyncInterfaces, Version=1.0.0.0, Culture=neutral, PublicKeyToken=cc7b13ffcd2ddd51'
 ---> System.IO.FileNotFoundException: Could not load file or assembly 'Microsoft.Bcl.AsyncInterfaces, Culture=neutral, PublicKeyToken=null'. The system cannot find the file specified.
File name: 'Microsoft.Bcl.AsyncInterfaces, Culture=neutral, PublicKeyToken=null'
   at System.Reflection.RuntimeAssembly.InternalLoad(AssemblyName assemblyName, StackCrawlMark& stackMark, AssemblyLoadContext assemblyLoadContext, RuntimeAssembly requestingAssembly, Boolean throwOnFileNotFound)
   at System.Reflection.Assembly.Load(AssemblyName assemblyRef)
   at Microsoft.VisualStudio.TestPlatform.Common.ExtensionFramework.TestPluginCache.CurrentDomainAssemblyResolve(Object sender, AssemblyResolveEventArgs args)
   at System.Runtime.Loader.AssemblyLoadContext.GetFirstResolvedAssemblyFromResolvingEvent(AssemblyName assemblyName)
   at System.Runtime.Loader.AssemblyLoadContext.ResolveUsingEvent(AssemblyName assemblyName)
   at System.Runtime.Loader.AssemblyLoadContext.ResolveUsingResolvingEvent(IntPtr gchManagedAssemblyLoadContext, AssemblyName assemblyName)
TpTrace Information: 0 : 23624, 1, 2023/08/04, 16:27:56.382, 9405165636731, vstest.console.dll, AssemblyResolver.OnResolve: Microsoft.TestPlatform.Extensions.BlameDataCollector: Resolving assembly.
TpTrace Information: 0 : 23624, 1, 2023/08/04, 16:27:56.382, 9405165637383, vstest.console.dll, AssemblyResolver.OnResolve: Microsoft.TestPlatform.Extensions.BlameDataCollector: Searching in: 'C:\Program Files\dotnet\sdk\7.0.304\Extensions'.
TpTrace Information: 0 : 23624, 1, 2023/08/04, 16:27:56.382, 9405165643347, vstest.console.dll, AssemblyResolver.OnResolve: Microsoft.TestPlatform.Extensions.BlameDataCollector: Loading assembly 'C:\Program Files\dotnet\sdk\7.0.304\Extensions\Microsoft.TestPlatform.Extensions.BlameDataCollector.dll'.
TpTrace Information: 0 : 23624, 1, 2023/08/04, 16:27:56.383, 9405165648946, vstest.console.dll, AssemblyResolver.OnResolve: Resolved assembly: Microsoft.TestPlatform.Extensions.BlameDataCollector, from path: C:\Program Files\dotnet\sdk\7.0.304\Extensions\Microsoft.TestPlatform.Extensions.BlameDataCollector.dll
TpTrace Verbose: 0 : 23624, 1, 2023/08/04, 16:27:56.383, 9405165649915, vstest.console.dll, MetadataReaderExtensionsHelper: Discovering extensions inside assembly 'Microsoft.TestPlatform.Extensions.BlameDataCollector, Version=15.0.0.0, Culture=neutral, PublicKeyToken=b03f5f7f11d50a3a' file path 'C:\Program Files\dotnet\sdk\7.0.304\Extensions\Microsoft.TestPlatform.Extensions.BlameDataCollector.dll'
TpTrace Information: 0 : 23624, 1, 2023/08/04, 16:27:56.385, 9405165665030, vstest.console.dll, AssemblyResolver.OnResolve: Microsoft.TestPlatform.Extensions.EventLogCollector: Resolving assembly.
TpTrace Information: 0 : 23624, 1, 2023/08/04, 16:27:56.385, 9405165665643, vstest.console.dll, AssemblyResolver.OnResolve: Microsoft.TestPlatform.Extensions.EventLogCollector: Searching in: 'C:\Program Files\dotnet\sdk\7.0.304\Extensions'.
TpTrace Information: 0 : 23624, 1, 2023/08/04, 16:27:56.385, 9405165669738, vstest.console.dll, AssemblyResolver.OnResolve: Microsoft.TestPlatform.Extensions.EventLogCollector: Loading assembly 'C:\Program Files\dotnet\sdk\7.0.304\Extensions\Microsoft.TestPlatform.Extensions.EventLogCollector.dll'.
TpTrace Information: 0 : 23624, 1, 2023/08/04, 16:27:56.385, 9405165674684, vstest.console.dll, AssemblyResolver.OnResolve: Resolved assembly: Microsoft.TestPlatform.Extensions.EventLogCollector, from path: C:\Program Files\dotnet\sdk\7.0.304\Extensions\Microsoft.TestPlatform.Extensions.EventLogCollector.dll
TpTrace Verbose: 0 : 23624, 1, 2023/08/04, 16:27:56.386, 9405165675443, vstest.console.dll, MetadataReaderExtensionsHelper: Discovering extensions inside assembly 'Microsoft.TestPlatform.Extensions.EventLogCollector, Version=15.0.0.0, Culture=neutral, PublicKeyToken=b03f5f7f11d50a3a' file path 'C:\Program Files\dotnet\sdk\7.0.304\Extensions\Microsoft.TestPlatform.Extensions.EventLogCollector.dll'
TpTrace Information: 0 : 23624, 1, 2023/08/04, 16:27:56.388, 9405165698946, vstest.console.dll, AssemblyResolver.OnResolve: Microsoft.TestPlatform.TestHostRuntimeProvider: Resolving assembly.
TpTrace Information: 0 : 23624, 1, 2023/08/04, 16:27:56.388, 9405165699729, vstest.console.dll, AssemblyResolver.OnResolve: Microsoft.TestPlatform.TestHostRuntimeProvider: Searching in: 'C:\Program Files\dotnet\sdk\7.0.304\Extensions'.
TpTrace Information: 0 : 23624, 1, 2023/08/04, 16:27:56.388, 9405165704137, vstest.console.dll, AssemblyResolver.OnResolve: Microsoft.TestPlatform.TestHostRuntimeProvider: Loading assembly 'C:\Program Files\dotnet\sdk\7.0.304\Extensions\Microsoft.TestPlatform.TestHostRuntimeProvider.dll'.
TpTrace Information: 0 : 23624, 1, 2023/08/04, 16:27:56.389, 9405165709023, vstest.console.dll, AssemblyResolver.OnResolve: Resolved assembly: Microsoft.TestPlatform.TestHostRuntimeProvider, from path: C:\Program Files\dotnet\sdk\7.0.304\Extensions\Microsoft.TestPlatform.TestHostRuntimeProvider.dll
TpTrace Verbose: 0 : 23624, 1, 2023/08/04, 16:27:56.389, 9405165709746, vstest.console.dll, MetadataReaderExtensionsHelper: Discovering extensions inside assembly 'Microsoft.TestPlatform.TestHostRuntimeProvider, Version=15.0.0.0, Culture=neutral, PublicKeyToken=b03f5f7f11d50a3a' file path 'C:\Program Files\dotnet\sdk\7.0.304\Extensions\Microsoft.TestPlatform.TestHostRuntimeProvider.dll'
TpTrace Information: 0 : 23624, 1, 2023/08/04, 16:27:56.391, 9405165730780, vstest.console.dll, GetTestExtensionFromType: Register extension with identifier data 'HostProvider://DefaultTestHost' and type 'Microsoft.VisualStudio.TestPlatform.CrossPlatEngine.Hosting.DefaultTestHostManager, Microsoft.TestPlatform.TestHostRuntimeProvider, Version=15.0.0.0, Culture=neutral, PublicKeyToken=b03f5f7f11d50a3a' inside file 'C:\Program Files\dotnet\sdk\7.0.304\Extensions\Microsoft.TestPlatform.TestHostRuntimeProvider.dll'
TpTrace Information: 0 : 23624, 1, 2023/08/04, 16:27:56.391, 9405165733794, vstest.console.dll, GetTestExtensionFromType: Register extension with identifier data 'HostProvider://DotnetTestHost' and type 'Microsoft.VisualStudio.TestPlatform.CrossPlatEngine.Hosting.DotnetTestHostManager, Microsoft.TestPlatform.TestHostRuntimeProvider, Version=15.0.0.0, Culture=neutral, PublicKeyToken=b03f5f7f11d50a3a' inside file 'C:\Program Files\dotnet\sdk\7.0.304\Extensions\Microsoft.TestPlatform.TestHostRuntimeProvider.dll'
TpTrace Information: 0 : 23624, 1, 2023/08/04, 16:27:56.391, 9405165734681, vstest.console.dll, AssemblyResolver.OnResolve: Microsoft.VisualStudio.TestPlatform.Extensions.Html.TestLogger: Resolving assembly.
TpTrace Information: 0 : 23624, 1, 2023/08/04, 16:27:56.392, 9405165735078, vstest.console.dll, AssemblyResolver.OnResolve: Microsoft.VisualStudio.TestPlatform.Extensions.Html.TestLogger: Searching in: 'C:\Program Files\dotnet\sdk\7.0.304\Extensions'.
TpTrace Information: 0 : 23624, 1, 2023/08/04, 16:27:56.392, 9405165739925, vstest.console.dll, AssemblyResolver.OnResolve: Microsoft.VisualStudio.TestPlatform.Extensions.Html.TestLogger: Loading assembly 'C:\Program Files\dotnet\sdk\7.0.304\Extensions\Microsoft.VisualStudio.TestPlatform.Extensions.Html.TestLogger.dll'.
TpTrace Information: 0 : 23624, 1, 2023/08/04, 16:27:56.393, 9405165745726, vstest.console.dll, AssemblyResolver.OnResolve: Resolved assembly: Microsoft.VisualStudio.TestPlatform.Extensions.Html.TestLogger, from path: C:\Program Files\dotnet\sdk\7.0.304\Extensions\Microsoft.VisualStudio.TestPlatform.Extensions.Html.TestLogger.dll
TpTrace Verbose: 0 : 23624, 1, 2023/08/04, 16:27:56.393, 9405165746490, vstest.console.dll, MetadataReaderExtensionsHelper: Discovering extensions inside assembly 'Microsoft.VisualStudio.TestPlatform.Extensions.Html.TestLogger, Version=15.0.0.0, Culture=neutral, PublicKeyToken=b03f5f7f11d50a3a' file path 'C:\Program Files\dotnet\sdk\7.0.304\Extensions\Microsoft.VisualStudio.TestPlatform.Extensions.Html.TestLogger.dll'
TpTrace Information: 0 : 23624, 1, 2023/08/04, 16:27:56.394, 9405165756354, vstest.console.dll, AssemblyResolver.OnResolve: Microsoft.VisualStudio.TestPlatform.Extensions.Trx.TestLogger: Resolving assembly.
TpTrace Information: 0 : 23624, 1, 2023/08/04, 16:27:56.394, 9405165757173, vstest.console.dll, AssemblyResolver.OnResolve: Microsoft.VisualStudio.TestPlatform.Extensions.Trx.TestLogger: Searching in: 'C:\Program Files\dotnet\sdk\7.0.304\Extensions'.
TpTrace Information: 0 : 23624, 1, 2023/08/04, 16:27:56.394, 9405165761902, vstest.console.dll, AssemblyResolver.OnResolve: Microsoft.VisualStudio.TestPlatform.Extensions.Trx.TestLogger: Loading assembly 'C:\Program Files\dotnet\sdk\7.0.304\Extensions\Microsoft.VisualStudio.TestPlatform.Extensions.Trx.TestLogger.dll'.
TpTrace Information: 0 : 23624, 1, 2023/08/04, 16:27:56.395, 9405165767305, vstest.console.dll, AssemblyResolver.OnResolve: Resolved assembly: Microsoft.VisualStudio.TestPlatform.Extensions.Trx.TestLogger, from path: C:\Program Files\dotnet\sdk\7.0.304\Extensions\Microsoft.VisualStudio.TestPlatform.Extensions.Trx.TestLogger.dll
TpTrace Verbose: 0 : 23624, 1, 2023/08/04, 16:27:56.395, 9405165768015, vstest.console.dll, MetadataReaderExtensionsHelper: Discovering extensions inside assembly 'Microsoft.VisualStudio.TestPlatform.Extensions.Trx.TestLogger, Version=15.0.0.0, Culture=neutral, PublicKeyToken=b03f5f7f11d50a3a' file path 'C:\Program Files\dotnet\sdk\7.0.304\Extensions\Microsoft.VisualStudio.TestPlatform.Extensions.Trx.TestLogger.dll'
TpTrace Verbose: 0 : 23624, 1, 2023/08/04, 16:27:56.396, 9405165781286, vstest.console.dll, TestPluginCache: Discovered the extensions using extension path ''.
TpTrace Verbose: 0 : 23624, 1, 2023/08/04, 16:27:56.396, 9405165782090, vstest.console.dll, TestPluginCache: Discoverers are ''.
TpTrace Verbose: 0 : 23624, 1, 2023/08/04, 16:27:56.396, 9405165782408, vstest.console.dll, TestPluginCache: Executors are ''.
TpTrace Verbose: 0 : 23624, 1, 2023/08/04, 16:27:56.396, 9405165782657, vstest.console.dll, TestPluginCache: Executors2 are ''.
TpTrace Verbose: 0 : 23624, 1, 2023/08/04, 16:27:56.396, 9405165782893, vstest.console.dll, TestPluginCache: Setting providers are ''.
TpTrace Verbose: 0 : 23624, 1, 2023/08/04, 16:27:56.396, 9405165783128, vstest.console.dll, TestPluginCache: Loggers are ''.
TpTrace Verbose: 0 : 23624, 1, 2023/08/04, 16:27:56.396, 9405165784589, vstest.console.dll, TestPluginCache: TestHosts are 'HostProvider://DefaultTestHost,HostProvider://DotnetTestHost'.
TpTrace Verbose: 0 : 23624, 1, 2023/08/04, 16:27:56.397, 9405165784981, vstest.console.dll, TestPluginCache: DataCollectors are ''.
TpTrace Information: 0 : 23624, 1, 2023/08/04, 16:27:56.410, 9405165916239, vstest.console.dll, RunTestsArgumentProcessor:Execute: Test run is starting.
TpTrace Verbose: 0 : 23624, 1, 2023/08/04, 16:27:56.410, 9405165917355, vstest.console.dll, RunTestsArgumentProcessor:Execute: Queuing Test run.
TpTrace Information: 0 : 23624, 1, 2023/08/04, 16:27:56.410, 9405165921163, vstest.console.dll, TestRequestManager.RunTests: run tests started.
TpTrace Information: 0 : 23624, 1, 2023/08/04, 16:27:56.411, 9405165934548, vstest.console.dll, AssemblyMetadataProvider.GetFrameworkName: Determined framework:'.NETCoreApp,Version=v6.0' for source: 'C:\Users\PC\source\repos\WebApplication1\IntegrationTests\bin\Debug\net6.0\fine-code-coverage\build-output\IntegrationTests.dll'
TpTrace Information: 0 : 23624, 1, 2023/08/04, 16:27:56.412, 9405165936067, vstest.console.dll, Determined framework for all sources: .NETCoreApp,Version=v6.0
TpTrace Verbose: 0 : 23624, 1, 2023/08/04, 16:27:56.412, 9405165940937, vstest.console.dll, TestRequestManager.UpdateRunSettingsIfRequired: Default architecture: X64 IsDefaultTargetArchitecture: True, Current process architecture: X64 OperatingSystem: Windows.
TpTrace Information: 0 : 23624, 1, 2023/08/04, 16:27:56.415, 9405165968834, vstest.console.dll, AssemblyMetadataProvider.GetArchitecture: Determined architecture:AnyCPU info for assembly: C:\Users\PC\source\repos\WebApplication1\IntegrationTests\bin\Debug\net6.0\fine-code-coverage\build-output\IntegrationTests.dll
TpTrace Information: 0 : 23624, 1, 2023/08/04, 16:27:56.415, 9405165969840, vstest.console.dll, Determined platform for source 'C:\Users\PC\source\repos\WebApplication1\IntegrationTests\bin\Debug\net6.0\fine-code-coverage\build-output\IntegrationTests.dll' was AnyCPU and it will use the default plaform X64.
TpTrace Information: 0 : 23624, 1, 2023/08/04, 16:27:56.415, 9405165970277, vstest.console.dll, None of the sources provided any runnable platform, using the default platform: X64
TpTrace Information: 0 : 23624, 1, 2023/08/04, 16:27:56.415, 9405165971629, vstest.console.dll, Platform was updated to 'X64'.
TpTrace Information: 0 : 23624, 1, 2023/08/04, 16:27:56.421, 9405166028348, vstest.console.dll, InferRunSettingsHelper.IsTestSettingsEnabled: Unable to navigate to RunSettings/MSTest. Current node: RunSettings
TpTrace Information: 0 : 23624, 1, 2023/08/04, 16:27:56.422, 9405166038471, vstest.console.dll, AssemblyResolver.OnResolve: Microsoft.VisualStudio.TestPlatform.Fakes: Resolving assembly.
TpTrace Information: 0 : 23624, 1, 2023/08/04, 16:27:56.422, 9405166039436, vstest.console.dll, AssemblyResolver.OnResolve: Microsoft.VisualStudio.TestPlatform.Fakes: Searching in: 'C:\Program Files\dotnet\sdk\7.0.304\Extensions'.
TpTrace Information: 0 : 23624, 1, 2023/08/04, 16:27:56.422, 9405166040779, vstest.console.dll, AssemblyResolver.OnResolve: Microsoft.VisualStudio.TestPlatform.Fakes: Assembly path does not exist: 'C:\Program Files\dotnet\sdk\7.0.304\Extensions\Microsoft.VisualStudio.TestPlatform.Fakes.dll', returning.
TpTrace Information: 0 : 23624, 1, 2023/08/04, 16:27:56.422, 9405166041713, vstest.console.dll, AssemblyResolver.OnResolve: Microsoft.VisualStudio.TestPlatform.Fakes: Assembly path does not exist: 'C:\Program Files\dotnet\sdk\7.0.304\Extensions\Microsoft.VisualStudio.TestPlatform.Fakes.exe', returning.
TpTrace Information: 0 : 23624, 1, 2023/08/04, 16:27:56.422, 9405166042163, vstest.console.dll, AssemblyResolver.OnResolve: Microsoft.VisualStudio.TestPlatform.Fakes: Searching in: 'C:\Program Files\dotnet\sdk\7.0.304'.
TpTrace Information: 0 : 23624, 1, 2023/08/04, 16:27:56.422, 9405166043242, vstest.console.dll, AssemblyResolver.OnResolve: Microsoft.VisualStudio.TestPlatform.Fakes: Assembly path does not exist: 'C:\Program Files\dotnet\sdk\7.0.304\Microsoft.VisualStudio.TestPlatform.Fakes.dll', returning.
TpTrace Information: 0 : 23624, 1, 2023/08/04, 16:27:56.422, 9405166044111, vstest.console.dll, AssemblyResolver.OnResolve: Microsoft.VisualStudio.TestPlatform.Fakes: Assembly path does not exist: 'C:\Program Files\dotnet\sdk\7.0.304\Microsoft.VisualStudio.TestPlatform.Fakes.exe', returning.
TpTrace Information: 0 : 23624, 1, 2023/08/04, 16:27:56.422, 9405166044554, vstest.console.dll, AssemblyResolver.OnResolve: Microsoft.VisualStudio.TestPlatform.Fakes: Failed to load assembly.
TpTrace Information: 0 : 23624, 1, 2023/08/04, 16:27:56.423, 9405166047923, vstest.console.dll, Failed to load assembly Microsoft.VisualStudio.TestPlatform.Fakes, Version=17.0.0.0, Culture=neutral. Reason:System.IO.FileNotFoundException: Could not load file or assembly 'Microsoft.VisualStudio.TestPlatform.Fakes, Version=17.0.0.0, Culture=neutral, PublicKeyToken=null'. The system cannot find the file specified.
File name: 'Microsoft.VisualStudio.TestPlatform.Fakes, Version=17.0.0.0, Culture=neutral, PublicKeyToken=null'
   at System.Reflection.RuntimeAssembly.InternalLoad(AssemblyName assemblyName, StackCrawlMark& stackMark, AssemblyLoadContext assemblyLoadContext, RuntimeAssembly requestingAssembly, Boolean throwOnFileNotFound)
   at System.Reflection.Assembly.Load(AssemblyName assemblyRef)
   at Microsoft.VisualStudio.TestPlatform.Common.Utilities.FakesUtilities.LoadTestPlatformAssembly()
TpTrace Verbose: 0 : 23624, 1, 2023/08/04, 16:27:56.428, 9405166094866, vstest.console.dll, TestPluginCache.DiscoverTestExtensions: finding test extensions in assemblies ends with: TestLogger.dll TPluginInfo: Microsoft.VisualStudio.TestPlatform.Common.ExtensionFramework.Utilities.TestLoggerPluginInformation TExtension: Microsoft.VisualStudio.TestPlatform.ObjectModel.Client.ITestLogger
TpTrace Verbose: 0 : 23624, 1, 2023/08/04, 16:27:56.428, 9405166095954, vstest.console.dll, TestPluginCache.GetExtensionPaths: Filtered extension paths: 
TpTrace Verbose: 0 : 23624, 1, 2023/08/04, 16:27:56.428, 9405166096361, vstest.console.dll, TestPluginCache.GetExtensionPaths: Added default extension paths: C:\Program Files\dotnet\sdk\7.0.304\Extensions\Microsoft.Diagnostics.NETCore.Client.dll
C:\Program Files\dotnet\sdk\7.0.304\Extensions\Microsoft.TestPlatform.Extensions.BlameDataCollector.dll
C:\Program Files\dotnet\sdk\7.0.304\Extensions\Microsoft.TestPlatform.Extensions.EventLogCollector.dll
C:\Program Files\dotnet\sdk\7.0.304\Extensions\Microsoft.TestPlatform.TestHostRuntimeProvider.dll
C:\Program Files\dotnet\sdk\7.0.304\Extensions\Microsoft.VisualStudio.TestPlatform.Extensions.Html.TestLogger.dll
C:\Program Files\dotnet\sdk\7.0.304\Extensions\Microsoft.VisualStudio.TestPlatform.Extensions.Trx.TestLogger.dll
TpTrace Verbose: 0 : 23624, 1, 2023/08/04, 16:27:56.428, 9405166096682, vstest.console.dll, TestPluginCache.GetExtensionPaths: Added unfilterableExtensionPaths: 
TpTrace Information: 0 : 23624, 1, 2023/08/04, 16:27:56.428, 9405166097977, vstest.console.dll, AssemblyResolver.AddSearchDirectories: Adding more searchDirectories C:\Program Files\dotnet\sdk\7.0.304\Extensions,C:\Program Files\dotnet\sdk\7.0.304
TpTrace Verbose: 0 : 23624, 1, 2023/08/04, 16:27:56.428, 9405166098446, vstest.console.dll, TestPluginCache.DiscoverTestExtensions: Discovering the extensions using extension path.
TpTrace Verbose: 0 : 23624, 1, 2023/08/04, 16:27:56.428, 9405166098805, vstest.console.dll, TestPluginCache.GetExtensionPaths: Filtered extension paths: 
TpTrace Verbose: 0 : 23624, 1, 2023/08/04, 16:27:56.428, 9405166099287, vstest.console.dll, TestPluginCache.GetExtensionPaths: Added default extension paths: C:\Program Files\dotnet\sdk\7.0.304\Extensions\Microsoft.Diagnostics.NETCore.Client.dll
C:\Program Files\dotnet\sdk\7.0.304\Extensions\Microsoft.TestPlatform.Extensions.BlameDataCollector.dll
C:\Program Files\dotnet\sdk\7.0.304\Extensions\Microsoft.TestPlatform.Extensions.EventLogCollector.dll
C:\Program Files\dotnet\sdk\7.0.304\Extensions\Microsoft.TestPlatform.TestHostRuntimeProvider.dll
C:\Program Files\dotnet\sdk\7.0.304\Extensions\Microsoft.VisualStudio.TestPlatform.Extensions.Html.TestLogger.dll
C:\Program Files\dotnet\sdk\7.0.304\Extensions\Microsoft.VisualStudio.TestPlatform.Extensions.Trx.TestLogger.dll
TpTrace Verbose: 0 : 23624, 1, 2023/08/04, 16:27:56.428, 9405166099717, vstest.console.dll, TestPluginCache.GetExtensionPaths: Added unfilterableExtensionPaths: 
TpTrace Verbose: 0 : 23624, 1, 2023/08/04, 16:27:56.428, 9405166100092, vstest.console.dll, TestPluginCache.DiscoverTestExtensions: Discovering the extensions using allExtensionPaths: C:\Program Files\dotnet\sdk\7.0.304\Extensions\Microsoft.Diagnostics.NETCore.Client.dll
C:\Program Files\dotnet\sdk\7.0.304\Extensions\Microsoft.TestPlatform.Extensions.BlameDataCollector.dll
C:\Program Files\dotnet\sdk\7.0.304\Extensions\Microsoft.TestPlatform.Extensions.EventLogCollector.dll
C:\Program Files\dotnet\sdk\7.0.304\Extensions\Microsoft.TestPlatform.TestHostRuntimeProvider.dll
C:\Program Files\dotnet\sdk\7.0.304\Extensions\Microsoft.VisualStudio.TestPlatform.Extensions.Html.TestLogger.dll
C:\Program Files\dotnet\sdk\7.0.304\Extensions\Microsoft.VisualStudio.TestPlatform.Extensions.Trx.TestLogger.dll
TpTrace Information: 0 : 23624, 1, 2023/08/04, 16:27:56.428, 9405166100577, vstest.console.dll, AssemblyResolver.AddSearchDirectories: Adding more searchDirectories C:\Program Files\dotnet\sdk\7.0.304\Extensions,C:\Program Files\dotnet\sdk\7.0.304
TpTrace Information: 0 : 23624, 1, 2023/08/04, 16:27:56.428, 9405166101018, vstest.console.dll, AssemblyResolver.AddSearchDirectories: Adding more searchDirectories C:\Program Files\dotnet\sdk\7.0.304\Extensions,C:\Program Files\dotnet\sdk\7.0.304
TpTrace Information: 0 : 23624, 1, 2023/08/04, 16:27:56.428, 9405166101330, vstest.console.dll, AssemblyResolver.AddSearchDirectories: Adding more searchDirectories C:\Program Files\dotnet\sdk\7.0.304\Extensions,C:\Program Files\dotnet\sdk\7.0.304
TpTrace Information: 0 : 23624, 1, 2023/08/04, 16:27:56.428, 9405166101754, vstest.console.dll, AssemblyResolver.AddSearchDirectories: Adding more searchDirectories C:\Program Files\dotnet\sdk\7.0.304\Extensions,C:\Program Files\dotnet\sdk\7.0.304
TpTrace Information: 0 : 23624, 1, 2023/08/04, 16:27:56.428, 9405166102449, vstest.console.dll, AssemblyResolver.AddSearchDirectories: Adding more searchDirectories C:\Program Files\dotnet\sdk\7.0.304\Extensions,C:\Program Files\dotnet\sdk\7.0.304
TpTrace Information: 0 : 23624, 1, 2023/08/04, 16:27:56.428, 9405166102804, vstest.console.dll, AssemblyResolver.AddSearchDirectories: Adding more searchDirectories C:\Program Files\dotnet\sdk\7.0.304\Extensions,C:\Program Files\dotnet\sdk\7.0.304
TpTrace Verbose: 0 : 23624, 1, 2023/08/04, 16:27:56.428, 9405166104018, vstest.console.dll, MetadataReaderExtensionsHelper: Discovering extensions inside assembly 'Microsoft.Diagnostics.NETCore.Client, Version=0.2.6.42401, Culture=neutral, PublicKeyToken=31bf3856ad364e35' file path 'C:\Program Files\dotnet\sdk\7.0.304\Extensions\Microsoft.Diagnostics.NETCore.Client.dll'
TpTrace Information: 0 : 23624, 1, 2023/08/04, 16:27:56.429, 9405166113859, vstest.console.dll, AssemblyResolver.OnResolve: Microsoft.Bcl.AsyncInterfaces: Resolving assembly.
TpTrace Information: 0 : 23624, 1, 2023/08/04, 16:27:56.429, 9405166114334, vstest.console.dll, AssemblyResolver.OnResolve: Microsoft.Bcl.AsyncInterfaces: Resolved from cache.
TpTrace Verbose: 0 : 23624, 1, 2023/08/04, 16:27:56.430, 9405166114735, vstest.console.dll, CurrentDomainAssemblyResolve: Resolving assembly 'Microsoft.Bcl.AsyncInterfaces'.
TpTrace Information: 0 : 23624, 1, 2023/08/04, 16:27:56.430, 9405166115234, vstest.console.dll, AssemblyResolver.OnResolve: Microsoft.Bcl.AsyncInterfaces: Resolving assembly.
TpTrace Information: 0 : 23624, 1, 2023/08/04, 16:27:56.430, 9405166115546, vstest.console.dll, AssemblyResolver.OnResolve: Microsoft.Bcl.AsyncInterfaces: Resolved from cache.
TpTrace Verbose: 0 : 23624, 1, 2023/08/04, 16:27:56.430, 9405166115920, vstest.console.dll, CurrentDomainAssemblyResolve: Resolving assembly 'Microsoft.Bcl.AsyncInterfaces'.
TpTrace Verbose: 0 : 23624, 1, 2023/08/04, 16:27:56.430, 9405166116207, vstest.console.dll, CurrentDomainAssemblyResolve: Failed to resolve assembly 'Microsoft.Bcl.AsyncInterfaces'.
TpTrace Verbose: 0 : 23624, 1, 2023/08/04, 16:27:56.430, 9405166117731, vstest.console.dll, CurrentDomainAssemblyResolve: Failed to resolve assembly 'Microsoft.Bcl.AsyncInterfaces'.
TpTrace Warning: 0 : 23624, 1, 2023/08/04, 16:27:56.430, 9405166121100, vstest.console.dll, TestPluginDiscoverer: Failed to get types from assembly 'Microsoft.Diagnostics.NETCore.Client, Version=0.2.6.42401, Culture=neutral, PublicKeyToken=31bf3856ad364e35'. Error: System.Reflection.ReflectionTypeLoadException: Unable to load one or more of the requested types.
Could not load file or assembly 'Microsoft.Bcl.AsyncInterfaces, Version=1.0.0.0, Culture=neutral, PublicKeyToken=cc7b13ffcd2ddd51'. The system cannot find the file specified.
   at System.Reflection.RuntimeModule.GetTypes(RuntimeModule module)
   at System.Reflection.Assembly.GetTypes()
   at Microsoft.VisualStudio.TestPlatform.Common.ExtensionFramework.TestPluginDiscoverer.GetTestExtensionsFromAssembly[TPluginInfo,TExtension](Assembly assembly, Dictionary`2 pluginInfos, String filePath)
System.IO.FileNotFoundException: Could not load file or assembly 'Microsoft.Bcl.AsyncInterfaces, Version=1.0.0.0, Culture=neutral, PublicKeyToken=cc7b13ffcd2ddd51'. The system cannot find the file specified.
File name: 'Microsoft.Bcl.AsyncInterfaces, Version=1.0.0.0, Culture=neutral, PublicKeyToken=cc7b13ffcd2ddd51'
 ---> System.IO.FileNotFoundException: Could not load file or assembly 'Microsoft.Bcl.AsyncInterfaces, Culture=neutral, PublicKeyToken=null'. The system cannot find the file specified.
File name: 'Microsoft.Bcl.AsyncInterfaces, Culture=neutral, PublicKeyToken=null'
   at System.Reflection.RuntimeAssembly.InternalLoad(AssemblyName assemblyName, StackCrawlMark& stackMark, AssemblyLoadContext assemblyLoadContext, RuntimeAssembly requestingAssembly, Boolean throwOnFileNotFound)
   at System.Reflection.Assembly.Load(AssemblyName assemblyRef)
   at Microsoft.VisualStudio.TestPlatform.Common.ExtensionFramework.TestPluginCache.CurrentDomainAssemblyResolve(Object sender, AssemblyResolveEventArgs args)
   at System.Runtime.Loader.AssemblyLoadContext.GetFirstResolvedAssemblyFromResolvingEvent(AssemblyName assemblyName)
   at System.Runtime.Loader.AssemblyLoadContext.ResolveUsingEvent(AssemblyName assemblyName)
   at System.Runtime.Loader.AssemblyLoadContext.ResolveUsingResolvingEvent(IntPtr gchManagedAssemblyLoadContext, AssemblyName assemblyName)
TpTrace Warning: 0 : 23624, 1, 2023/08/04, 16:27:56.430, 9405166122618, vstest.console.dll, LoaderExceptions: System.IO.FileNotFoundException: Could not load file or assembly 'Microsoft.Bcl.AsyncInterfaces, Version=1.0.0.0, Culture=neutral, PublicKeyToken=cc7b13ffcd2ddd51'. The system cannot find the file specified.
File name: 'Microsoft.Bcl.AsyncInterfaces, Version=1.0.0.0, Culture=neutral, PublicKeyToken=cc7b13ffcd2ddd51'
 ---> System.IO.FileNotFoundException: Could not load file or assembly 'Microsoft.Bcl.AsyncInterfaces, Culture=neutral, PublicKeyToken=null'. The system cannot find the file specified.
File name: 'Microsoft.Bcl.AsyncInterfaces, Culture=neutral, PublicKeyToken=null'
   at System.Reflection.RuntimeAssembly.InternalLoad(AssemblyName assemblyName, StackCrawlMark& stackMark, AssemblyLoadContext assemblyLoadContext, RuntimeAssembly requestingAssembly, Boolean throwOnFileNotFound)
   at System.Reflection.Assembly.Load(AssemblyName assemblyRef)
   at Microsoft.VisualStudio.TestPlatform.Common.ExtensionFramework.TestPluginCache.CurrentDomainAssemblyResolve(Object sender, AssemblyResolveEventArgs args)
   at System.Runtime.Loader.AssemblyLoadContext.GetFirstResolvedAssemblyFromResolvingEvent(AssemblyName assemblyName)
   at System.Runtime.Loader.AssemblyLoadContext.ResolveUsingEvent(AssemblyName assemblyName)
   at System.Runtime.Loader.AssemblyLoadContext.ResolveUsingResolvingEvent(IntPtr gchManagedAssemblyLoadContext, AssemblyName assemblyName)
TpTrace Verbose: 0 : 23624, 1, 2023/08/04, 16:27:56.430, 9405166123678, vstest.console.dll, MetadataReaderExtensionsHelper: Discovering extensions inside assembly 'Microsoft.TestPlatform.Extensions.BlameDataCollector, Version=15.0.0.0, Culture=neutral, PublicKeyToken=b03f5f7f11d50a3a' file path 'C:\Program Files\dotnet\sdk\7.0.304\Extensions\Microsoft.TestPlatform.Extensions.BlameDataCollector.dll'
TpTrace Information: 0 : 23624, 1, 2023/08/04, 16:27:56.431, 9405166129234, vstest.console.dll, GetTestExtensionFromType: Register extension with identifier data 'logger://Microsoft/TestPlatform/Extensions/Blame/v1' and type 'Microsoft.TestPlatform.Extensions.BlameDataCollector.BlameLogger, Microsoft.TestPlatform.Extensions.BlameDataCollector, Version=15.0.0.0, Culture=neutral, PublicKeyToken=b03f5f7f11d50a3a' inside file 'C:\Program Files\dotnet\sdk\7.0.304\Extensions\Microsoft.TestPlatform.Extensions.BlameDataCollector.dll'
TpTrace Verbose: 0 : 23624, 1, 2023/08/04, 16:27:56.431, 9405166129890, vstest.console.dll, MetadataReaderExtensionsHelper: Discovering extensions inside assembly 'Microsoft.TestPlatform.Extensions.EventLogCollector, Version=15.0.0.0, Culture=neutral, PublicKeyToken=b03f5f7f11d50a3a' file path 'C:\Program Files\dotnet\sdk\7.0.304\Extensions\Microsoft.TestPlatform.Extensions.EventLogCollector.dll'
TpTrace Verbose: 0 : 23624, 1, 2023/08/04, 16:27:56.431, 9405166134000, vstest.console.dll, MetadataReaderExtensionsHelper: Discovering extensions inside assembly 'Microsoft.TestPlatform.TestHostRuntimeProvider, Version=15.0.0.0, Culture=neutral, PublicKeyToken=b03f5f7f11d50a3a' file path 'C:\Program Files\dotnet\sdk\7.0.304\Extensions\Microsoft.TestPlatform.TestHostRuntimeProvider.dll'
TpTrace Verbose: 0 : 23624, 1, 2023/08/04, 16:27:56.432, 9405166137819, vstest.console.dll, MetadataReaderExtensionsHelper: Discovering extensions inside assembly 'Microsoft.VisualStudio.TestPlatform.Extensions.Html.TestLogger, Version=15.0.0.0, Culture=neutral, PublicKeyToken=b03f5f7f11d50a3a' file path 'C:\Program Files\dotnet\sdk\7.0.304\Extensions\Microsoft.VisualStudio.TestPlatform.Extensions.Html.TestLogger.dll'
TpTrace Information: 0 : 23624, 1, 2023/08/04, 16:27:56.432, 9405166143075, vstest.console.dll, GetTestExtensionFromType: Register extension with identifier data 'logger://Microsoft/TestPlatform/HtmlLogger/v1' and type 'Microsoft.VisualStudio.TestPlatform.Extensions.HtmlLogger.HtmlLogger, Microsoft.VisualStudio.TestPlatform.Extensions.Html.TestLogger, Version=15.0.0.0, Culture=neutral, PublicKeyToken=b03f5f7f11d50a3a' inside file 'C:\Program Files\dotnet\sdk\7.0.304\Extensions\Microsoft.VisualStudio.TestPlatform.Extensions.Html.TestLogger.dll'
TpTrace Verbose: 0 : 23624, 1, 2023/08/04, 16:27:56.432, 9405166143692, vstest.console.dll, MetadataReaderExtensionsHelper: Discovering extensions inside assembly 'Microsoft.VisualStudio.TestPlatform.Extensions.Trx.TestLogger, Version=15.0.0.0, Culture=neutral, PublicKeyToken=b03f5f7f11d50a3a' file path 'C:\Program Files\dotnet\sdk\7.0.304\Extensions\Microsoft.VisualStudio.TestPlatform.Extensions.Trx.TestLogger.dll'
TpTrace Information: 0 : 23624, 1, 2023/08/04, 16:27:56.433, 9405166147702, vstest.console.dll, GetTestExtensionFromType: Register extension with identifier data 'logger://Microsoft/TestPlatform/TrxLogger/v1' and type 'Microsoft.VisualStudio.TestPlatform.Extensions.TrxLogger.TrxLogger, Microsoft.VisualStudio.TestPlatform.Extensions.Trx.TestLogger, Version=15.0.0.0, Culture=neutral, PublicKeyToken=b03f5f7f11d50a3a' inside file 'C:\Program Files\dotnet\sdk\7.0.304\Extensions\Microsoft.VisualStudio.TestPlatform.Extensions.Trx.TestLogger.dll'
TpTrace Verbose: 0 : 23624, 1, 2023/08/04, 16:27:56.433, 9405166148506, vstest.console.dll, TestPluginCache: Discovered the extensions using extension path ''.
TpTrace Verbose: 0 : 23624, 1, 2023/08/04, 16:27:56.433, 9405166148846, vstest.console.dll, TestPluginCache: Discoverers are ''.
TpTrace Verbose: 0 : 23624, 1, 2023/08/04, 16:27:56.433, 9405166149250, vstest.console.dll, TestPluginCache: Executors are ''.
TpTrace Verbose: 0 : 23624, 1, 2023/08/04, 16:27:56.433, 9405166149505, vstest.console.dll, TestPluginCache: Executors2 are ''.
TpTrace Verbose: 0 : 23624, 1, 2023/08/04, 16:27:56.433, 9405166149734, vstest.console.dll, TestPluginCache: Setting providers are ''.
TpTrace Verbose: 0 : 23624, 1, 2023/08/04, 16:27:56.433, 9405166150344, vstest.console.dll, TestPluginCache: Loggers are 'logger://Microsoft/TestPlatform/Extensions/Blame/v1,logger://Microsoft/TestPlatform/HtmlLogger/v1,logger://Microsoft/TestPlatform/TrxLogger/v1'.
TpTrace Verbose: 0 : 23624, 1, 2023/08/04, 16:27:56.433, 9405166150793, vstest.console.dll, TestPluginCache: TestHosts are 'HostProvider://DefaultTestHost,HostProvider://DotnetTestHost'.
TpTrace Verbose: 0 : 23624, 1, 2023/08/04, 16:27:56.433, 9405166151076, vstest.console.dll, TestPluginCache: DataCollectors are ''.
TpTrace Information: 0 : 23624, 1, 2023/08/04, 16:27:56.434, 9405166162758, vstest.console.dll, TestPluginManager.CreateTestExtension: Attempting to load test extension: Microsoft.TestPlatform.Extensions.BlameDataCollector.BlameLogger
TpTrace Verbose: 0 : 23624, 1, 2023/08/04, 16:27:56.442, 9405166239425, vstest.console.dll, TestEngine: Initializing Parallel Execution as MaxCpuCount is set to: 1
TpTrace Information: 0 : 23624, 1, 2023/08/04, 16:27:56.444, 9405166256499, vstest.console.dll, TestPluginManager.CreateTestExtension: Attempting to load test extension: Microsoft.VisualStudio.TestPlatform.CrossPlatEngine.Hosting.DefaultTestHostManager
TpTrace Information: 0 : 23624, 1, 2023/08/04, 16:27:56.445, 9405166266405, vstest.console.dll, TestPluginManager.CreateTestExtension: Attempting to load test extension: Microsoft.VisualStudio.TestPlatform.CrossPlatEngine.Hosting.DotnetTestHostManager
TpTrace Information: 0 : 23624, 1, 2023/08/04, 16:27:56.445, 9405166272664, vstest.console.dll, InferRunSettingsHelper.IsTestSettingsEnabled: Unable to navigate to RunSettings/MSTest. Current node: RunSettings
TpTrace Verbose: 0 : 23624, 1, 2023/08/04, 16:27:56.449, 9405166312831, vstest.console.dll, TestEngine.GetExecutionManager: Chosen execution manager 'Microsoft.VisualStudio.TestPlatform.CrossPlatEngine.Client.Parallel.ParallelProxyExecutionManager, Microsoft.TestPlatform.CrossPlatEngine, Version=15.0.0.0, Culture=neutral, PublicKeyToken=b03f5f7f11d50a3a' ParallelLevel '1'.
TpTrace Verbose: 0 : 23624, 1, 2023/08/04, 16:27:56.449, 9405166314119, vstest.console.dll, TestRunRequest.ExecuteAsync: Creating test run request.
TpTrace Verbose: 0 : 23624, 1, 2023/08/04, 16:27:56.450, 9405166316329, vstest.console.dll, TestRunRequest.ExecuteAsync: Starting.
TpTrace Information: 0 : 23624, 1, 2023/08/04, 16:27:56.450, 9405166318901, vstest.console.dll, TestRunRequest.ExecuteAsync: Starting run with settings:TestRunCriteria:
   KeepAlive=False,FrequencyOfRunStatsChangeEvent=10,RunStatsChangeEventTimeout=00:00:01.5000000,TestCaseFilter=,TestExecutorLauncher=
   Settingsxml=<RunSettings>
  <RunConfiguration>
    <ResultsDirectory>C:\Users\PC\source\repos\WebApplication1\IntegrationTests\bin\Debug\net6.0\fine-code-coverage\coverage-tool-output</ResultsDirectory>
    <TargetPlatform>X64</TargetPlatform>
    <TargetFrameworkVersion>.NETCoreApp,Version=v6.0</TargetFrameworkVersion>
    <DesignMode>False</DesignMode>
    <CollectSourceInformation>False</CollectSourceInformation>
  </RunConfiguration>
  <LoggerRunSettings>
    <Loggers>
      <Logger friendlyName="blame" enabled="True" />
      <Logger friendlyName="Console" uri="logger://microsoft/TestPlatform/ConsoleLogger/v1" assemblyQualifiedName="Microsoft.VisualStudio.TestPlatform.CommandLine.Internal.ConsoleLogger, vstest.console, Version=15.0.0.0, Culture=neutral, PublicKeyToken=b03f5f7f11d50a3a" codeBase="C:\Program Files\dotnet\sdk\7.0.304\vstest.console.dll" enabled="True" />
    </Loggers>
  </LoggerRunSettings>
  <DataCollectionRunSettings>
    <DataCollectors>
      <DataCollector friendlyName="blame" enabled="True">
        <Configuration>
          <ResultsDirectory>C:\Users\PC\source\repos\WebApplication1\IntegrationTests\bin\Debug\net6.0\fine-code-coverage\coverage-tool-output</ResultsDirectory>
        </Configuration>
      </DataCollector>
    </DataCollectors>
  </DataCollectionRunSettings>
</RunSettings>

TpTrace Verbose: 0 : 23624, 1, 2023/08/04, 16:27:56.450, 9405166319465, vstest.console.dll, TestRunRequest.ExecuteAsync: Wait for the first run request is over.
TpTrace Verbose: 0 : 23624, 1, 2023/08/04, 16:27:56.450, 9405166321743, vstest.console.dll, MulticastDelegateUtilities.SafeInvoke: TestRun.TestRunStart: Invoking callbacks was skipped because there are no subscribers.
TpTrace Verbose: 0 : 23624, 4, 2023/08/04, 16:27:56.450, 9405166323522, vstest.console.dll, MulticastDelegateUtilities.SafeInvoke: InternalTestLoggerEvents.SendTestRunStart: Invoking callback 1/1 for Microsoft.VisualStudio.TestPlatform.CommandLine.Internal.ConsoleLogger., took 0 ms.
TpTrace Verbose: 0 : 23624, 1, 2023/08/04, 16:27:56.451, 9405166333950, vstest.console.dll, ParallelProxyExecutionManager: Start execution. Total sources: 1
TpTrace Verbose: 0 : 23624, 1, 2023/08/04, 16:27:56.453, 9405166351041, vstest.console.dll, TestRequestSender is acting as server.
TpTrace Verbose: 0 : 23624, 1, 2023/08/04, 16:27:56.456, 9405166381630, vstest.console.dll, ParallelOperationManager.RunWorkInParallel: Started work on a host.
TpTrace Verbose: 0 : 23624, 1, 2023/08/04, 16:27:56.457, 9405166390600, vstest.console.dll, ProxyParallelExecutionManager: No sources available for execution.
TpTrace Information: 0 : 23624, 1, 2023/08/04, 16:27:56.457, 9405166391314, vstest.console.dll, TestRunRequest.ExecuteAsync: Started.
TpTrace Verbose: 0 : 23624, 1, 2023/08/04, 16:27:56.457, 9405166392176, vstest.console.dll, TestRunRequest.WaitForCompletion: Waiting with timeout -1.
TpTrace Verbose: 0 : 23624, 5, 2023/08/04, 16:27:56.457, 9405166392742, vstest.console.dll, DataCollectionRequestSender.InitializeCommunication : Initialize communication. 
TpTrace Information: 0 : 23624, 5, 2023/08/04, 16:27:56.462, 9405166441021, vstest.console.dll, Listening on Endpoint : 127.0.0.1:64327
TpTrace Verbose: 0 : 23624, 5, 2023/08/04, 16:27:56.469, 9405166505592, vstest.console.dll, DotnetDataCollectionLauncher: Adding  --runtimeconfig "C:\Program Files\dotnet\sdk\7.0.304\datacollector.runtimeconfig.json" in args
TpTrace Verbose: 0 : 23624, 5, 2023/08/04, 16:27:56.469, 9405166506707, vstest.console.dll, DotnetDataCollectionLauncher: Adding  --depsfile "C:\Program Files\dotnet\sdk\7.0.304\datacollector.deps.json" in args
TpTrace Verbose: 0 : 23624, 5, 2023/08/04, 16:27:56.469, 9405166508640, vstest.console.dll, DotnetDataCollectionLauncher: Full path of dotnet.exe is C:\Program Files\dotnet\dotnet.exe
TpTrace Information: 0 : 23624, 5, 2023/08/04, 16:27:56.475, 9405166567984, vstest.console.dll, ProxyDataCollectionManager.Initialize: Launched datacollector processId: 20208 port: 64327
TpTrace Information: 0 : 23624, 5, 2023/08/04, 16:27:56.475, 9405166569557, vstest.console.dll, ProxyDataCollectionManager.Initialize: waiting for connection with timeout: 90 seconds
TpTrace Verbose: 0 : 23624, 5, 2023/08/04, 16:27:56.475, 9405166570185, vstest.console.dll, DataCollectionRequestSender.WaitForRequestHandlerConnection : Waiting for connection with timeout: 90000
TpTrace Information: 0 : 23624, 7, 2023/08/04, 16:27:56.619, 9405168006367, vstest.console.dll, Using the buffer size of 16384 bytes
TpTrace Verbose: 0 : 23624, 5, 2023/08/04, 16:27:56.619, 9405168006703, vstest.console.dll, SocketCommunicationManager.WaitForClientConnection took: 143 ms, with 90000 ms timeout, and finished with True.
TpTrace Information: 0 : 23624, 7, 2023/08/04, 16:27:56.619, 9405168008081, vstest.console.dll, Accepted Client request and set the flag
TpTrace Verbose: 0 : 23624, 5, 2023/08/04, 16:27:56.619, 9405168009597, vstest.console.dll, ProxyDataCollectionManager.InvokeDataCollectionServiceAction: Starting.
TpTrace Information: 0 : 23624, 5, 2023/08/04, 16:27:56.619, 9405168010709, vstest.console.dll, ProxyDataCollectionManager.BeforeTestRunStart: Get environment variable and port for datacollector processId: 20208 port: 64327
TpTrace Verbose: 0 : 23624, 5, 2023/08/04, 16:27:56.619, 9405168012294, vstest.console.dll, DataCollectionRequestSender.SendBeforeTestRunStartAndGetResult: Send BeforeTestRunStart message with settingsXml <RunSettings><RunConfiguration><ResultsDirectory>C:\Users\PC\source\repos\WebApplication1\IntegrationTests\bin\Debug\net6.0\fine-code-coverage\coverage-tool-output</ResultsDirectory><TargetPlatform>X64</TargetPlatform><TargetFrameworkVersion>.NETCoreApp,Version=v6.0</TargetFrameworkVersion><DesignMode>False</DesignMode><CollectSourceInformation>False</CollectSourceInformation><TestAdaptersPaths>C:\Program Files\dotnet\sdk\7.0.304\Extensions</TestAdaptersPaths></RunConfiguration><LoggerRunSettings><Loggers><Logger friendlyName="blame" enabled="True" /><Logger friendlyName="Console" uri="logger://microsoft/TestPlatform/ConsoleLogger/v1" assemblyQualifiedName="Microsoft.VisualStudio.TestPlatform.CommandLine.Internal.ConsoleLogger, vstest.console, Version=15.0.0.0, Culture=neutral, PublicKeyToken=b03f5f7f11d50a3a" codeBase="C:\Program Files\dotnet\sdk\7.0.304\vstest.console.dll" enabled="True" /></Loggers></LoggerRunSettings><DataCollectionRunSettings><DataCollectors><DataCollector friendlyName="blame" enabled="True"><Configuration><ResultsDirectory>C:\Users\PC\source\repos\WebApplication1\IntegrationTests\bin\Debug\net6.0\fine-code-coverage\coverage-tool-output</ResultsDirectory></Configuration></DataCollector></DataCollectors></DataCollectionRunSettings></RunSettings> and sources System.Collections.Generic.List`1[System.String]: 
TpTrace Verbose: 0 : 23624, 5, 2023/08/04, 16:27:56.708, 9405168897448, vstest.console.dll, DataCollectionRequestSender.SendBeforeTestRunStartAndGetResult: Received message: (DataCollection.SendMessage) -> {"MessageType":"DataCollection.SendMessage","Payload":{"FriendlyName":null,"Uri":null,"TestCaseId":"00000000-0000-0000-0000-000000000000","Message":"Logging DataCollector Diagnostics in file: C:\\Users\\PC\\source\\repos\\WebApplication1\\IntegrationTests\\bin\\Debug\\net6.0\\fine-code-coverage\\coverage-tool-output\\diagnostics.datacollector.23-08-04_16-27-56_46887_5.log","Level":0}}
TpTrace Verbose: 0 : 23624, 5, 2023/08/04, 16:27:56.808, 9405169903355, vstest.console.dll, DataCollectionRequestSender.SendBeforeTestRunStartAndGetResult: Received message: (DataCollection.BeforeTestRunStartResult) -> {"MessageType":"DataCollection.BeforeTestRunStartResult","Payload":{"EnvironmentVariables":{},"DataCollectionEventsPort":64331}}
TpTrace Information: 0 : 23624, 5, 2023/08/04, 16:27:56.813, 9405169950242, vstest.console.dll, ProxyDataCollectionManager.BeforeTestRunStart: SendBeforeTestRunStartAndGetResult successful, env variable from datacollector:   and testhost port: 64331
TpTrace Information: 0 : 23624, 5, 2023/08/04, 16:27:56.813, 9405169951254, vstest.console.dll, ProxyDataCollectionManager.InvokeDataCollectionServiceAction: Completed.
TpTrace Verbose: 0 : 23624, 5, 2023/08/04, 16:27:56.813, 9405169952151, vstest.console.dll, ProxyExecutionManager: Test host is always Lazy initialize.
TpTrace Verbose: 0 : 23624, 5, 2023/08/04, 16:27:56.814, 9405169954829, vstest.console.dll, TestRequestSender.InitializeCommunication: initialize communication. 
TpTrace Information: 0 : 23624, 5, 2023/08/04, 16:27:56.814, 9405169959926, vstest.console.dll, SocketServer.Start: Listening on endpoint : 127.0.0.1:64332
TpTrace Verbose: 0 : 23624, 5, 2023/08/04, 16:27:56.815, 9405169968855, vstest.console.dll, DotnetTestHostmanager.GetTestHostProcessStartInfo: Platform environment 'X64' target architecture 'X64' framework '.NETCoreApp,Version=v6.0' OS 'Windows'
TpTrace Verbose: 0 : 23624, 5, 2023/08/04, 16:27:56.815, 9405169970816, vstest.console.dll, DotnetTestHostmanager: Adding  --runtimeconfig "C:\Users\PC\source\repos\WebApplication1\IntegrationTests\bin\Debug\net6.0\fine-code-coverage\build-output\IntegrationTests.runtimeconfig.json" in args
TpTrace Verbose: 0 : 23624, 5, 2023/08/04, 16:27:56.815, 9405169971790, vstest.console.dll, DotnetTestHostmanager: Adding  --depsfile "C:\Users\PC\source\repos\WebApplication1\IntegrationTests\bin\Debug\net6.0\fine-code-coverage\build-output\IntegrationTests.deps.json" in args
TpTrace Verbose: 0 : 23624, 5, 2023/08/04, 16:27:56.815, 9405169973275, vstest.console.dll, DotnetTestHostmanager.IsWinOnArm: Current PROCESSOR_ARCHITECTURE from environment variable 'AMD64'
TpTrace Verbose: 0 : 23624, 5, 2023/08/04, 16:27:56.815, 9405169973894, vstest.console.dll, DotnetTestHostmanager.IsWinOnArm: Is Windows on ARM 'False'
TpTrace Verbose: 0 : 23624, 5, 2023/08/04, 16:27:56.815, 9405169974675, vstest.console.dll, DotnetTestHostManager: testhost.exe found at path: C:\Users\PC\source\repos\WebApplication1\IntegrationTests\bin\Debug\net6.0\fine-code-coverage\build-output\testhost.exe
TpTrace Verbose: 0 : 23624, 5, 2023/08/04, 16:27:56.816, 9405169975140, vstest.console.dll, DotnetTestHostmanager: Full path of host exe is C:\Users\PC\source\repos\WebApplication1\IntegrationTests\bin\Debug\net6.0\fine-code-coverage\build-output\testhost.exe
TpTrace Verbose: 0 : 23624, 5, 2023/08/04, 16:27:56.816, 9405169976446, vstest.console.dll, DotnetTestHostmanager.LaunchTestHostAsync: Found 'VSTEST_WINAPPHOST_DOTNET_ROOT' in env variables, value 'C:\Program Files\dotnet', forwarding to 'DOTNET_ROOT'
TpTrace Verbose: 0 : 23624, 5, 2023/08/04, 16:27:56.816, 9405169978054, vstest.console.dll, DotnetTestHostManager: Starting process 'C:\Users\PC\source\repos\WebApplication1\IntegrationTests\bin\Debug\net6.0\fine-code-coverage\build-output\testhost.exe' with command line ' --runtimeconfig "C:\Users\PC\source\repos\WebApplication1\IntegrationTests\bin\Debug\net6.0\fine-code-coverage\build-output\IntegrationTests.runtimeconfig.json" --depsfile "C:\Users\PC\source\repos\WebApplication1\IntegrationTests\bin\Debug\net6.0\fine-code-coverage\build-output\IntegrationTests.deps.json" --port 64332 --endpoint 127.0.0.1:064332 --role client --parentprocessid 23624 --diag "C:\Users\PC\source\repos\WebApplication1\IntegrationTests\bin\Debug\net6.0\fine-code-coverage\coverage-tool-output\diagnostics.host.23-08-04_16-27-56_81500_5.log" --tracelevel 4 --datacollectionport 64331 --telemetryoptedin false'
TpTrace Verbose: 0 : 23624, 5, 2023/08/04, 16:27:56.824, 9405170061353, vstest.console.dll, MulticastDelegateUtilities.SafeInvoke: HostProviderEvents.OnHostLaunched: Invoking callback 1/2 for Microsoft.VisualStudio.TestPlatform.CrossPlatEngine.Client.ProxyExecutionManagerWithDataCollection., took 1 ms.
TpTrace Verbose: 0 : 23624, 5, 2023/08/04, 16:27:56.824, 9405170063910, vstest.console.dll, Test Runtime launched
TpTrace Verbose: 0 : 23624, 5, 2023/08/04, 16:27:56.825, 9405170064806, vstest.console.dll, MulticastDelegateUtilities.SafeInvoke: HostProviderEvents.OnHostLaunched: Invoking callback 2/2 for Microsoft.VisualStudio.TestPlatform.CrossPlatEngine.Client.ProxyOperationManager., took 0 ms.
TpTrace Verbose: 0 : 23624, 5, 2023/08/04, 16:27:56.825, 9405170066356, vstest.console.dll, TestRequestSender.WaitForRequestHandlerConnection: waiting for connection with timeout: 90000.
TpTrace Verbose: 0 : 23624, 7, 2023/08/04, 16:27:56.963, 9405171448467, vstest.console.dll, MulticastDelegateUtilities.SafeInvoke: SocketServer: ClientConnected: Invoking callback 1/1 for Microsoft.VisualStudio.TestPlatform.CommunicationUtilities.TestRequestSender., took 0 ms.
TpTrace Verbose: 0 : 23624, 5, 2023/08/04, 16:27:56.963, 9405171448467, vstest.console.dll, TestRequestSender.WaitForRequestHandlerConnection: waiting took 138 ms, with timeout 90000 ms, and result 0, which is success.
TpTrace Verbose: 0 : 23624, 7, 2023/08/04, 16:27:56.963, 9405171450115, vstest.console.dll, SocketServer.OnClientConnected: Client connected for endPoint: 127.0.0.1:64332, starting MessageLoopAsync:
TpTrace Verbose: 0 : 23624, 7, 2023/08/04, 16:27:56.963, 9405171453880, vstest.console.dll, TcpClientExtensions.MessageLoopAsync: Polling on remoteEndPoint: 127.0.0.1:64333 localEndPoint: 127.0.0.1:64332
TpTrace Verbose: 0 : 23624, 5, 2023/08/04, 16:27:56.964, 9405171464296, vstest.console.dll, TestRequestSender.CheckVersionWithTestHost: Sending check version message: {"MessageType":"ProtocolVersion","Payload":7}
TpTrace Verbose: 0 : 23624, 7, 2023/08/04, 16:27:57.104, 9405172855482, vstest.console.dll, TcpClientExtensions.MessageLoopAsync: NotifyDataAvailable remoteEndPoint: 127.0.0.1:64333 localEndPoint: 127.0.0.1:64332
TpTrace Verbose: 0 : 23624, 7, 2023/08/04, 16:27:57.104, 9405172857556, vstest.console.dll, TestRequestSender.CheckVersionWithTestHost: onMessageReceived received message: (ProtocolVersion) -> {"MessageType":"ProtocolVersion","Payload":7}
TpTrace Verbose: 0 : 23624, 7, 2023/08/04, 16:27:57.105, 9405172866524, vstest.console.dll, MulticastDelegateUtilities.SafeInvoke: LengthPrefixCommunicationChannel: MessageReceived: Invoking callback 1/1 for Microsoft.VisualStudio.TestPlatform.CommunicationUtilities.TestRequestSender+<>c__DisplayClass29_0., took 0 ms.
TpTrace Verbose: 0 : 23624, 5, 2023/08/04, 16:27:57.105, 9405172867594, vstest.console.dll, TestPluginCache.GetExtensionPaths: Filtered extension paths: 
TpTrace Verbose: 0 : 23624, 7, 2023/08/04, 16:27:57.105, 9405172867929, vstest.console.dll, TcpClientExtensions.MessageLoopAsync: Polling on remoteEndPoint: 127.0.0.1:64333 localEndPoint: 127.0.0.1:64332
TpTrace Verbose: 0 : 23624, 5, 2023/08/04, 16:27:57.105, 9405172869318, vstest.console.dll, TestPluginCache.GetExtensionPaths: Added default extension paths: C:\Program Files\dotnet\sdk\7.0.304\Extensions\Microsoft.Diagnostics.NETCore.Client.dll
C:\Program Files\dotnet\sdk\7.0.304\Extensions\Microsoft.TestPlatform.Extensions.BlameDataCollector.dll
C:\Program Files\dotnet\sdk\7.0.304\Extensions\Microsoft.TestPlatform.Extensions.EventLogCollector.dll
C:\Program Files\dotnet\sdk\7.0.304\Extensions\Microsoft.TestPlatform.TestHostRuntimeProvider.dll
C:\Program Files\dotnet\sdk\7.0.304\Extensions\Microsoft.VisualStudio.TestPlatform.Extensions.Html.TestLogger.dll
C:\Program Files\dotnet\sdk\7.0.304\Extensions\Microsoft.VisualStudio.TestPlatform.Extensions.Trx.TestLogger.dll
TpTrace Verbose: 0 : 23624, 5, 2023/08/04, 16:27:57.105, 9405172870035, vstest.console.dll, TestPluginCache.GetExtensionPaths: Added unfilterableExtensionPaths: 
TpTrace Verbose: 0 : 23624, 5, 2023/08/04, 16:27:57.110, 9405172923696, vstest.console.dll, TestRequestSender.InitializeExecution: Sending initialize execution with message: {"Version":7,"MessageType":"TestExecution.Initialize","Payload":["C:\\Users\\PC\\source\\repos\\WebApplication1\\IntegrationTests\\bin\\Debug\\net6.0\\fine-code-coverage\\build-output\\NUnit3.TestAdapter.dll"]}
TpTrace Verbose: 0 : 23624, 5, 2023/08/04, 16:27:57.111, 9405172926817, vstest.console.dll, ParallelProxyExecutionManager: Execution started. Started clients: 1
TpTrace Verbose: 0 : 23624, 5, 2023/08/04, 16:27:57.111, 9405172931773, vstest.console.dll, TestRunRequest:SendTestRunMessage: Starting.
TpTrace Verbose: 0 : 23624, 5, 2023/08/04, 16:27:57.111, 9405172934301, vstest.console.dll, MulticastDelegateUtilities.SafeInvoke: TestRun.LogMessages: Invoking callback 1/1 for Microsoft.VisualStudio.TestPlatform.CommandLine.TestRunResultAggregator., took 0 ms.
TpTrace Information: 0 : 23624, 5, 2023/08/04, 16:27:57.112, 9405172935085, vstest.console.dll, TestRunRequest:SendTestRunMessage: Completed.
TpTrace Verbose: 0 : 23624, 4, 2023/08/04, 16:27:57.112, 9405172937102, vstest.console.dll, MulticastDelegateUtilities.SafeInvoke: InternalTestLoggerEvents.SendTestRunMessage: Invoking callback 1/1 for Microsoft.VisualStudio.TestPlatform.CommandLine.Internal.ConsoleLogger., took 0 ms.
TpTrace Warning: 0 : 23624, 5, 2023/08/04, 16:27:57.112, 9405172940814, vstest.console.dll, InferRunSettingsHelper.MakeRunsettingsCompatible: Removing the following settings: TargetPlatform from RunSettings file. To use those settings please move to latest version of Microsoft.NET.Test.Sdk
TpTrace Verbose: 0 : 23624, 7, 2023/08/04, 16:27:57.113, 9405172950055, vstest.console.dll, TcpClientExtensions.MessageLoopAsync: NotifyDataAvailable remoteEndPoint: 127.0.0.1:64333 localEndPoint: 127.0.0.1:64332
TpTrace Verbose: 0 : 23624, 7, 2023/08/04, 16:27:57.113, 9405172953360, vstest.console.dll, TestRequestSender.OnExecutionMessageReceived: Received message: {"Version":7,"MessageType":"TestSession.Message","Payload":{"MessageLevel":0,"Message":"Logging TestHost Diagnostics in file: C:\\Users\\PC\\source\\repos\\WebApplication1\\IntegrationTests\\bin\\Debug\\net6.0\\fine-code-coverage\\coverage-tool-output\\diagnostics.host.23-08-04_16-27-56_81500_5.log"}}
TpTrace Verbose: 0 : 23624, 7, 2023/08/04, 16:27:57.121, 9405173031407, vstest.console.dll, TestRunRequest:SendTestRunMessage: Starting.
TpTrace Verbose: 0 : 23624, 7, 2023/08/04, 16:27:57.121, 9405173034185, vstest.console.dll, MulticastDelegateUtilities.SafeInvoke: TestRun.LogMessages: Invoking callback 1/1 for Microsoft.VisualStudio.TestPlatform.CommandLine.TestRunResultAggregator., took 0 ms.
TpTrace Verbose: 0 : 23624, 4, 2023/08/04, 16:27:57.121, 9405173034348, vstest.console.dll, MulticastDelegateUtilities.SafeInvoke: InternalTestLoggerEvents.SendTestRunMessage: Invoking callback 1/1 for Microsoft.VisualStudio.TestPlatform.CommandLine.Internal.ConsoleLogger., took 0 ms.
TpTrace Information: 0 : 23624, 7, 2023/08/04, 16:27:57.122, 9405173035165, vstest.console.dll, TestRunRequest:SendTestRunMessage: Completed.
TpTrace Verbose: 0 : 23624, 7, 2023/08/04, 16:27:57.122, 9405173038163, vstest.console.dll, MulticastDelegateUtilities.SafeInvoke: LengthPrefixCommunicationChannel: MessageReceived: Invoking callback 1/1 for Microsoft.VisualStudio.TestPlatform.CommunicationUtilities.TestRequestSender+<>c__DisplayClass34_0., took 8 ms.
TpTrace Verbose: 0 : 23624, 7, 2023/08/04, 16:27:57.122, 9405173038840, vstest.console.dll, TcpClientExtensions.MessageLoopAsync: Polling on remoteEndPoint: 127.0.0.1:64333 localEndPoint: 127.0.0.1:64332
TpTrace Verbose: 0 : 23624, 5, 2023/08/04, 16:27:57.128, 9405173103504, vstest.console.dll, TestRequestSender.StartTestRun: Sending test run with message: {"Version":7,"MessageType":"TestExecution.StartWithSources","Payload":{"AdapterSourceMap":{"_none_":["C:\\Users\\PC\\source\\repos\\WebApplication1\\IntegrationTests\\bin\\Debug\\net6.0\\fine-code-coverage\\build-output\\IntegrationTests.dll"]},"RunSettings":"<RunSettings>\r\n  <RunConfiguration>\r\n    <ResultsDirectory>C:\\Users\\PC\\source\\repos\\WebApplication1\\IntegrationTests\\bin\\Debug\\net6.0\\fine-code-coverage\\coverage-tool-output</ResultsDirectory>\r\n    <TargetFrameworkVersion>.NETCoreApp,Version=v6.0</TargetFrameworkVersion>\r\n    <DesignMode>False</DesignMode>\r\n    <CollectSourceInformation>False</CollectSourceInformation>\r\n  </RunConfiguration>\r\n  <LoggerRunSettings>\r\n    <Loggers>\r\n      <Logger friendlyName=\"blame\" enabled=\"True\" />\r\n      <Logger friendlyName=\"Console\" uri=\"logger://microsoft/TestPlatform/ConsoleLogger/v1\" assemblyQualifiedName=\"Microsoft.VisualStudio.TestPlatform.CommandLine.Internal.ConsoleLogger, vstest.console, Version=15.0.0.0, Culture=neutral, PublicKeyToken=b03f5f7f11d50a3a\" codeBase=\"C:\\Program Files\\dotnet\\sdk\\7.0.304\\vstest.console.dll\" enabled=\"True\" />\r\n    </Loggers>\r\n  </LoggerRunSettings>\r\n  <DataCollectionRunSettings>\r\n    <DataCollectors>\r\n      <DataCollector friendlyName=\"blame\" enabled=\"True\">\r\n        <Configuration>\r\n          <ResultsDirectory>C:\\Users\\PC\\source\\repos\\WebApplication1\\IntegrationTests\\bin\\Debug\\net6.0\\fine-code-coverage\\coverage-tool-output</ResultsDirectory>\r\n        </Configuration>\r\n      </DataCollector>\r\n    </DataCollectors>\r\n  </DataCollectionRunSettings>\r\n</RunSettings>","TestExecutionContext":{"FrequencyOfRunStatsChangeEvent":10,"RunStatsChangeEventTimeout":"00:00:01.5000000","InIsolation":false,"KeepAlive":false,"AreTestCaseLevelEventsRequired":false,"IsDebug":false,"TestCaseFilter":null,"FilterOptions":null},"Package":null}}
TpTrace Verbose: 0 : 23624, 7, 2023/08/04, 16:27:57.325, 9405175072468, vstest.console.dll, TcpClientExtensions.MessageLoopAsync: NotifyDataAvailable remoteEndPoint: 127.0.0.1:64333 localEndPoint: 127.0.0.1:64332
TpTrace Verbose: 0 : 23624, 7, 2023/08/04, 16:27:57.325, 9405175074125, vstest.console.dll, TestRequestSender.OnExecutionMessageReceived: Received message: {"Version":7,"MessageType":"TestSession.Message","Payload":{"MessageLevel":0,"Message":"NUnit Adapter 4.4.0.0: Test execution started"}}
TpTrace Verbose: 0 : 23624, 7, 2023/08/04, 16:27:57.326, 9405175077313, vstest.console.dll, TestRunRequest:SendTestRunMessage: Starting.
TpTrace Verbose: 0 : 23624, 7, 2023/08/04, 16:27:57.326, 9405175078185, vstest.console.dll, MulticastDelegateUtilities.SafeInvoke: TestRun.LogMessages: Invoking callback 1/1 for Microsoft.VisualStudio.TestPlatform.CommandLine.TestRunResultAggregator., took 0 ms.
TpTrace Information: 0 : 23624, 7, 2023/08/04, 16:27:57.326, 9405175078555, vstest.console.dll, TestRunRequest:SendTestRunMessage: Completed.
TpTrace Verbose: 0 : 23624, 4, 2023/08/04, 16:27:57.326, 9405175078524, vstest.console.dll, MulticastDelegateUtilities.SafeInvoke: InternalTestLoggerEvents.SendTestRunMessage: Invoking callback 1/1 for Microsoft.VisualStudio.TestPlatform.CommandLine.Internal.ConsoleLogger., took 0 ms.
TpTrace Verbose: 0 : 23624, 7, 2023/08/04, 16:27:57.326, 9405175078877, vstest.console.dll, MulticastDelegateUtilities.SafeInvoke: LengthPrefixCommunicationChannel: MessageReceived: Invoking callback 1/1 for Microsoft.VisualStudio.TestPlatform.CommunicationUtilities.TestRequestSender+<>c__DisplayClass34_0., took 0 ms.
TpTrace Verbose: 0 : 23624, 7, 2023/08/04, 16:27:57.326, 9405175080922, vstest.console.dll, TcpClientExtensions.MessageLoopAsync: Polling on remoteEndPoint: 127.0.0.1:64333 localEndPoint: 127.0.0.1:64332
TpTrace Verbose: 0 : 23624, 7, 2023/08/04, 16:27:57.367, 9405175491505, vstest.console.dll, TcpClientExtensions.MessageLoopAsync: NotifyDataAvailable remoteEndPoint: 127.0.0.1:64333 localEndPoint: 127.0.0.1:64332
TpTrace Verbose: 0 : 23624, 7, 2023/08/04, 16:27:57.367, 9405175493058, vstest.console.dll, TestRequestSender.OnExecutionMessageReceived: Received message: {"Version":7,"MessageType":"TestSession.Message","Payload":{"MessageLevel":0,"Message":"Running all tests in C:\\Users\\PC\\source\\repos\\WebApplication1\\IntegrationTests\\bin\\Debug\\net6.0\\fine-code-coverage\\build-output\\IntegrationTests.dll"}}
TpTrace Verbose: 0 : 23624, 7, 2023/08/04, 16:27:57.367, 9405175494367, vstest.console.dll, TestRunRequest:SendTestRunMessage: Starting.
TpTrace Verbose: 0 : 23624, 7, 2023/08/04, 16:27:57.368, 9405175495203, vstest.console.dll, MulticastDelegateUtilities.SafeInvoke: TestRun.LogMessages: Invoking callback 1/1 for Microsoft.VisualStudio.TestPlatform.CommandLine.TestRunResultAggregator., took 0 ms.
TpTrace Verbose: 0 : 23624, 4, 2023/08/04, 16:27:57.368, 9405175495393, vstest.console.dll, MulticastDelegateUtilities.SafeInvoke: InternalTestLoggerEvents.SendTestRunMessage: Invoking callback 1/1 for Microsoft.VisualStudio.TestPlatform.CommandLine.Internal.ConsoleLogger., took 0 ms.
TpTrace Information: 0 : 23624, 7, 2023/08/04, 16:27:57.368, 9405175495961, vstest.console.dll, TestRunRequest:SendTestRunMessage: Completed.
TpTrace Verbose: 0 : 23624, 7, 2023/08/04, 16:27:57.368, 9405175497052, vstest.console.dll, MulticastDelegateUtilities.SafeInvoke: LengthPrefixCommunicationChannel: MessageReceived: Invoking callback 1/1 for Microsoft.VisualStudio.TestPlatform.CommunicationUtilities.TestRequestSender+<>c__DisplayClass34_0., took 0 ms.
TpTrace Verbose: 0 : 23624, 7, 2023/08/04, 16:27:57.368, 9405175497374, vstest.console.dll, TcpClientExtensions.MessageLoopAsync: Polling on remoteEndPoint: 127.0.0.1:64333 localEndPoint: 127.0.0.1:64332
TpTrace Verbose: 0 : 23624, 7, 2023/08/04, 16:27:57.517, 9405176993575, vstest.console.dll, TcpClientExtensions.MessageLoopAsync: NotifyDataAvailable remoteEndPoint: 127.0.0.1:64333 localEndPoint: 127.0.0.1:64332
TpTrace Verbose: 0 : 23624, 7, 2023/08/04, 16:27:57.518, 9405176995189, vstest.console.dll, TestRequestSender.OnExecutionMessageReceived: Received message: {"Version":7,"MessageType":"TestSession.Message","Payload":{"MessageLevel":0,"Message":"   NUnit3TestExecutor discovered 11 of 11 NUnit test cases using Current Discovery mode, Non-Explicit run"}}
TpTrace Verbose: 0 : 23624, 7, 2023/08/04, 16:27:57.518, 9405176996909, vstest.console.dll, TestRunRequest:SendTestRunMessage: Starting.
TpTrace Verbose: 0 : 23624, 7, 2023/08/04, 16:27:57.518, 9405176997800, vstest.console.dll, MulticastDelegateUtilities.SafeInvoke: TestRun.LogMessages: Invoking callback 1/1 for Microsoft.VisualStudio.TestPlatform.CommandLine.TestRunResultAggregator., took 0 ms.
TpTrace Verbose: 0 : 23624, 4, 2023/08/04, 16:27:57.518, 9405176998112, vstest.console.dll, MulticastDelegateUtilities.SafeInvoke: InternalTestLoggerEvents.SendTestRunMessage: Invoking callback 1/1 for Microsoft.VisualStudio.TestPlatform.CommandLine.Internal.ConsoleLogger., took 0 ms.
TpTrace Information: 0 : 23624, 7, 2023/08/04, 16:27:57.518, 9405176998394, vstest.console.dll, TestRunRequest:SendTestRunMessage: Completed.
TpTrace Verbose: 0 : 23624, 7, 2023/08/04, 16:27:57.518, 9405177000763, vstest.console.dll, MulticastDelegateUtilities.SafeInvoke: LengthPrefixCommunicationChannel: MessageReceived: Invoking callback 1/1 for Microsoft.VisualStudio.TestPlatform.CommunicationUtilities.TestRequestSender+<>c__DisplayClass34_0., took 0 ms.
TpTrace Verbose: 0 : 23624, 7, 2023/08/04, 16:27:57.518, 9405177001398, vstest.console.dll, TcpClientExtensions.MessageLoopAsync: Polling on remoteEndPoint: 127.0.0.1:64333 localEndPoint: 127.0.0.1:64332
TpTrace Verbose: 0 : 23624, 7, 2023/08/04, 16:27:58.028, 9405182098109, vstest.console.dll, TcpClientExtensions.MessageLoopAsync: NotifyDataAvailable remoteEndPoint: 127.0.0.1:64333 localEndPoint: 127.0.0.1:64332
TpTrace Verbose: 0 : 23624, 7, 2023/08/04, 16:27:58.028, 9405182101431, vstest.console.dll, TestRequestSender.OnExecutionMessageReceived: Received message: {"Version":7,"MessageType":"TestExecution.StatsChange","Payload":{"NewTestResults":[{"TestCase":{"Id":"307b548e-d77a-49d9-4f85-e66727402c4c","FullyQualifiedName":"IntegrationTests.IssueControllerIntegrationTests.Create_InvalidIssues_Returns400BadRequest","DisplayName":"Create_InvalidIssues_Returns400BadRequest","ExecutorUri":"executor://NUnit3TestExecutor","Source":"C:\\Users\\PC\\source\\repos\\WebApplication1\\IntegrationTests\\bin\\Debug\\net6.0\\fine-code-coverage\\build-output\\IntegrationTests.dll","CodeFilePath":null,"LineNumber":0,"Properties":[{"Key":{"Id":"NUnit.Seed","Label":"Seed","Category":"","Description":"","Attributes":0,"ValueType":"System.String"},"Value":"447538841"}]},"Attachments":[],"Outcome":1,"ErrorMessage":null,"ErrorStackTrace":null,"DisplayName":"Create_InvalidIssues_Returns400BadRequest","Messages":[],"ComputerName":"DESKTOP-F8FT2IU","Duration":"00:00:00.1692560","StartTime":"2023-08-04T13:27:57.54576+00:00","EndTime":"2023-08-04T13:27:57.7149249+00:00","Properties":[{"Key":{"Id":"NUnit.Seed","Label":"Seed","Category":"","Description":"","Attributes":0,"ValueType":"System.String"},"Value":"447538841"}]},{"TestCase":{"Id":"8d1290ec-be82-8940-ad24-5c6a46c3b2ef","FullyQualifiedName":"IntegrationTests.IssueControllerIntegrationTests.Create_ValidIssues_Returns201Success","DisplayName":"Create_ValidIssues_Returns201Success","ExecutorUri":"executor://NUnit3TestExecutor","Source":"C:\\Users\\PC\\source\\repos\\WebApplication1\\IntegrationTests\\bin\\Debug\\net6.0\\fine-code-coverage\\build-output\\IntegrationTests.dll","CodeFilePath":null,"LineNumber":0,"Properties":[{"Key":{"Id":"NUnit.Seed","Label":"Seed","Category":"","Description":"","Attributes":0,"ValueType":"System.String"},"Value":"1216375714"}]},"Attachments":[],"Outcome":1,"ErrorMessage":null,"ErrorStackTrace":null,"DisplayName":"Create_ValidIssues_Returns201Success","Messages":[],"ComputerName":"DESKTOP-F8FT2IU","Duration":"00:00:00.0536010","StartTime":"2023-08-04T13:27:57.7165842+00:00","EndTime":"2023-08-04T13:27:57.7701848+00:00","Properties":[{"Key":{"Id":"NUnit.Seed","Label":"Seed","Category":"","Description":"","Attributes":0,"ValueType":"System.String"},"Value":"1216375714"}]},{"TestCase":{"Id":"50448752-7520-981f-33b3-ae64c93819ff","FullyQualifiedName":"IntegrationTests.IssueControllerIntegrationTests.Delete_InvalidIds_Returns404NotFound","DisplayName":"Delete_InvalidIds_Returns404NotFound","ExecutorUri":"executor://NUnit3TestExecutor","Source":"C:\\Users\\PC\\source\\repos\\WebApplication1\\IntegrationTests\\bin\\Debug\\net6.0\\fine-code-coverage\\build-output\\IntegrationTests.dll","CodeFilePath":null,"LineNumber":0,"Properties":[{"Key":{"Id":"NUnit.Seed","Label":"Seed","Category":"","Description":"","Attributes":0,"ValueType":"System.String"},"Value":"2047766641"}]},"Attachments":[],"Outcome":1,"ErrorMessage":null,"ErrorStackTrace":null,"DisplayName":"Delete_InvalidIds_Returns404NotFound","Messages":[],"ComputerName":"DESKTOP-F8FT2IU","Duration":"00:00:00.0115250","StartTime":"2023-08-04T13:27:57.770306+00:00","EndTime":"2023-08-04T13:27:57.7818306+00:00","Properties":[{"Key":{"Id":"NUnit.Seed","Label":"Seed","Category":"","Description":"","Attributes":0,"ValueType":"System.String"},"Value":"2047766641"}]},{"TestCase":{"Id":"88154531-ca04-770c-eb47-076a3b277442","FullyQualifiedName":"IntegrationTests.IssueControllerIntegrationTests.Delete_ValidIds_Returns204NoContent","DisplayName":"Delete_ValidIds_Returns204NoContent","ExecutorUri":"executor://NUnit3TestExecutor","Source":"C:\\Users\\PC\\source\\repos\\WebApplication1\\IntegrationTests\\bin\\Debug\\net6.0\\fine-code-coverage\\build-output\\IntegrationTests.dll","CodeFilePath":null,"LineNumber":0,"Properties":[{"Key":{"Id":"NUnit.Seed","Label":"Seed","Category":"","Description":"","Attributes":0,"ValueType":"System.String"},"Value":"902143517"}]},"Attachments":[],"Outcome":1,"ErrorMessage":null,"ErrorStackTrace":null,"DisplayName":"Delete_ValidIds_Returns204NoContent","Messages":[],"ComputerName":"DESKTOP-F8FT2IU","Duration":"00:00:00.0273900","StartTime":"2023-08-04T13:27:57.7818653+00:00","EndTime":"2023-08-04T13:27:57.809255+00:00","Properties":[{"Key":{"Id":"NUnit.Seed","Label":"Seed","Category":"","Description":"","Attributes":0,"ValueType":"System.String"},"Value":"902143517"}]},{"TestCase":{"Id":"53bedb3b-3cba-aa1a-1a26-603b8095e998","FullyQualifiedName":"IntegrationTests.IssueControllerIntegrationTests.Get_Returns201Success","DisplayName":"Get_Returns201Success","ExecutorUri":"executor://NUnit3TestExecutor","Source":"C:\\Users\\PC\\source\\repos\\WebApplication1\\IntegrationTests\\bin\\Debug\\net6.0\\fine-code-coverage\\build-output\\IntegrationTests.dll","CodeFilePath":null,"LineNumber":0,"Properties":[{"Key":{"Id":"NUnit.Seed","Label":"Seed","Category":"","Description":"","Attributes":0,"ValueType":"System.String"},"Value":"529609753"}]},"Attachments":[],"Outcome":1,"ErrorMessage":null,"ErrorStackTrace":null,"DisplayName":"Get_Returns201Success","Messages":[],"ComputerName":"DESKTOP-F8FT2IU","Duration":"00:00:00.0089970","StartTime":"2023-08-04T13:27:57.8092828+00:00","EndTime":"2023-08-04T13:27:57.8182794+00:00","Properties":[{"Key":{"Id":"NUnit.Seed","Label":"Seed","Category":"","Description":"","Attributes":0,"ValueType":"System.String"},"Value":"529609753"}]},{"TestCase":{"Id":"83256461-8575-4e78-7b1d-38b2927247c5","FullyQualifiedName":"IntegrationTests.IssueControllerIntegrationTests.GetById_InvalidIds_Returns404NotFound","DisplayName":"GetById_InvalidIds_Returns404NotFound","ExecutorUri":"executor://NUnit3TestExecutor","Source":"C:\\Users\\PC\\source\\repos\\WebApplication1\\IntegrationTests\\bin\\Debug\\net6.0\\fine-code-coverage\\build-output\\IntegrationTests.dll","CodeFilePath":null,"LineNumber":0,"Properties":[{"Key":{"Id":"NUnit.Seed","Label":"Seed","Category":"","Description":"","Attributes":0,"ValueType":"System.String"},"Value":"440084941"}]},"Attachments":[],"Outcome":1,"ErrorMessage":null,"ErrorStackTrace":null,"DisplayName":"GetById_InvalidIds_Returns404NotFound","Messages":[],"ComputerName":"DESKTOP-F8FT2IU","Duration":"00:00:00.0571810","StartTime":"2023-08-04T13:27:57.8183173+00:00","EndTime":"2023-08-04T13:27:57.8754979+00:00","Properties":[{"Key":{"Id":"NUnit.Seed","Label":"Seed","Category":"","Description":"","Attributes":0,"ValueType":"System.String"},"Value":"440084941"}]},{"TestCase":{"Id":"6f30e923-d857-771c-2c46-f8ef91b7297f","FullyQualifiedName":"IntegrationTests.IssueControllerIntegrationTests.GetById_ValidIds_Returns201Success","DisplayName":"GetById_ValidIds_Returns201Success","ExecutorUri":"executor://NUnit3TestExecutor","Source":"C:\\Users\\PC\\source\\repos\\WebApplication1\\IntegrationTests\\bin\\Debug\\net6.0\\fine-code-coverage\\build-output\\IntegrationTests.dll","CodeFilePath":null,"LineNumber":0,"Properties":[{"Key":{"Id":"NUnit.Seed","Label":"Seed","Category":"","Description":"","Attributes":0,"ValueType":"System.String"},"Value":"461692637"}]},"Attachments":[],"Outcome":1,"ErrorMessage":null,"ErrorStackTrace":null,"DisplayName":"GetById_ValidIds_Returns201Success","Messages":[],"ComputerName":"DESKTOP-F8FT2IU","Duration":"00:00:00.0303790","StartTime":"2023-08-04T13:27:57.875527+00:00","EndTime":"2023-08-04T13:27:57.9059055+00:00","Properties":[{"Key":{"Id":"NUnit.Seed","Label":"Seed","Category":"","Description":"","Attributes":0,"ValueType":"System.String"},"Value":"461692637"}]},{"TestCase":{"Id":"963d13f9-14da-efb4-3add-cba9febef55b","FullyQualifiedName":"IntegrationTests.IssueControllerIntegrationTests.Update_InvalidIds_Returns400BadRequest","DisplayName":"Update_InvalidIds_Returns400BadRequest","ExecutorUri":"executor://NUnit3TestExecutor","Source":"C:\\Users\\PC\\source\\repos\\WebApplication1\\IntegrationTests\\bin\\Debug\\net6.0\\fine-code-coverage\\build-output\\IntegrationTests.dll","CodeFilePath":null,"LineNumber":0,"Properties":[{"Key":{"Id":"NUnit.Seed","Label":"Seed","Category":"","Description":"","Attributes":0,"ValueType":"System.String"},"Value":"1525053555"}]},"Attachments":[],"Outcome":1,"ErrorMessage":null,"ErrorStackTrace":null,"DisplayName":"Update_InvalidIds_Returns400BadRequest","Messages":[],"ComputerName":"DESKTOP-F8FT2IU","Duration":"00:00:00.0346160","StartTime":"2023-08-04T13:27:57.9059426+00:00","EndTime":"2023-08-04T13:27:57.9405578+00:00","Properties":[{"Key":{"Id":"NUnit.Seed","Label":"Seed","Category":"","Description":"","Attributes":0,"ValueType":"System.String"},"Value":"1525053555"}]},{"TestCase":{"Id":"cff7debf-91af-d870-7468-9cf07ac878e2","FullyQualifiedName":"IntegrationTests.IssueControllerIntegrationTests.Update_ValidIds_Returns204NoContent","DisplayName":"Update_ValidIds_Returns204NoContent","ExecutorUri":"executor://NUnit3TestExecutor","Source":"C:\\Users\\PC\\source\\repos\\WebApplication1\\IntegrationTests\\bin\\Debug\\net6.0\\fine-code-coverage\\build-output\\IntegrationTests.dll","CodeFilePath":null,"LineNumber":0,"Properties":[{"Key":{"Id":"NUnit.Seed","Label":"Seed","Category":"","Description":"","Attributes":0,"ValueType":"System.String"},"Value":"1112492306"}]},"Attachments":[],"Outcome":1,"ErrorMessage":null,"ErrorStackTrace":null,"DisplayName":"Update_ValidIds_Returns204NoContent","Messages":[],"ComputerName":"DESKTOP-F8FT2IU","Duration":"00:00:00.0425880","StartTime":"2023-08-04T13:27:57.9405869+00:00","EndTime":"2023-08-04T13:27:57.9831738+00:00","Properties":[{"Key":{"Id":"NUnit.Seed","Label":"Seed","Category":"","Description":"","Attributes":0,"ValueType":"System.String"},"Value":"1112492306"}]}],"TestRunStatistics":{"ExecutedTests":9,"Stats":{"Passed":9}},"ActiveTests":[{"Id":"63647b38-1456-ea91-af4a-844e18d2cb2b","FullyQualifiedName":"IntegrationTests.IssueControllerIntegrationTests.UpdateById_InvalidIds_Returns404NotFound","DisplayName":"UpdateById_InvalidIds_Returns404NotFound","ExecutorUri":"executor://NUnit3TestExecutor","Source":"C:\\Users\\PC\\source\\repos\\WebApplication1\\IntegrationTests\\bin\\Debug\\net6.0\\fine-code-coverage\\build-output\\IntegrationTests.dll","CodeFilePath":null,"LineNumber":0,"Properties":[{"Key":{"Id":"NUnit.Seed","Label":"Seed","Category":"","Description":"","Attributes":0,"ValueType":"System.String"},"Value":"1002989521"}]}]}}
TpTrace Verbose: 0 : 23624, 7, 2023/08/04, 16:27:58.067, 9405182490066, vstest.console.dll, TestRunRequest:SendTestRunStatsChange: Starting.
TpTrace Verbose: 0 : 23624, 7, 2023/08/04, 16:27:58.067, 9405182493089, vstest.console.dll, InProgress is UpdateById_InvalidIds_Returns404NotFound
TpTrace Verbose: 0 : 23624, 7, 2023/08/04, 16:27:58.068, 9405182496480, vstest.console.dll, MulticastDelegateUtilities.SafeInvoke: TestRun.RunStatsChanged: Invoking callbacks was skipped because there are no subscribers.
TpTrace Information: 0 : 23624, 7, 2023/08/04, 16:27:58.068, 9405182497093, vstest.console.dll, TestRunRequest:SendTestRunStatsChange: Completed.
TpTrace Verbose: 0 : 23624, 7, 2023/08/04, 16:27:58.068, 9405182497554, vstest.console.dll, MulticastDelegateUtilities.SafeInvoke: LengthPrefixCommunicationChannel: MessageReceived: Invoking callback 1/1 for Microsoft.VisualStudio.TestPlatform.CommunicationUtilities.TestRequestSender+<>c__DisplayClass34_0., took 39 ms.
TpTrace Verbose: 0 : 23624, 7, 2023/08/04, 16:27:58.068, 9405182498027, vstest.console.dll, TcpClientExtensions.MessageLoopAsync: Polling on remoteEndPoint: 127.0.0.1:64333 localEndPoint: 127.0.0.1:64332
TpTrace Verbose: 0 : 23624, 4, 2023/08/04, 16:27:58.070, 9405182522876, vstest.console.dll, MulticastDelegateUtilities.SafeInvoke: InternalTestLoggerEvents.SendTestResult: Invoking callback 1/1 for Microsoft.VisualStudio.TestPlatform.CommandLine.Internal.ConsoleLogger., took 2 ms.
TpTrace Verbose: 0 : 23624, 4, 2023/08/04, 16:27:58.071, 9405182527439, vstest.console.dll, MulticastDelegateUtilities.SafeInvoke: InternalTestLoggerEvents.SendTestResult: Invoking callback 1/1 for Microsoft.VisualStudio.TestPlatform.CommandLine.Internal.ConsoleLogger., took 0 ms.
TpTrace Verbose: 0 : 23624, 4, 2023/08/04, 16:27:58.071, 9405182528614, vstest.console.dll, MulticastDelegateUtilities.SafeInvoke: InternalTestLoggerEvents.SendTestResult: Invoking callback 1/1 for Microsoft.VisualStudio.TestPlatform.CommandLine.Internal.ConsoleLogger., took 0 ms.
TpTrace Verbose: 0 : 23624, 4, 2023/08/04, 16:27:58.071, 9405182529638, vstest.console.dll, MulticastDelegateUtilities.SafeInvoke: InternalTestLoggerEvents.SendTestResult: Invoking callback 1/1 for Microsoft.VisualStudio.TestPlatform.CommandLine.Internal.ConsoleLogger., took 0 ms.
TpTrace Verbose: 0 : 23624, 4, 2023/08/04, 16:27:58.071, 9405182530382, vstest.console.dll, MulticastDelegateUtilities.SafeInvoke: InternalTestLoggerEvents.SendTestResult: Invoking callback 1/1 for Microsoft.VisualStudio.TestPlatform.CommandLine.Internal.ConsoleLogger., took 0 ms.
TpTrace Verbose: 0 : 23624, 4, 2023/08/04, 16:27:58.071, 9405182531012, vstest.console.dll, MulticastDelegateUtilities.SafeInvoke: InternalTestLoggerEvents.SendTestResult: Invoking callback 1/1 for Microsoft.VisualStudio.TestPlatform.CommandLine.Internal.ConsoleLogger., took 0 ms.
TpTrace Verbose: 0 : 23624, 4, 2023/08/04, 16:27:58.072, 9405182544312, vstest.console.dll, MulticastDelegateUtilities.SafeInvoke: InternalTestLoggerEvents.SendTestResult: Invoking callback 1/1 for Microsoft.VisualStudio.TestPlatform.CommandLine.Internal.ConsoleLogger., took 1 ms.
TpTrace Verbose: 0 : 23624, 4, 2023/08/04, 16:27:58.073, 9405182545791, vstest.console.dll, MulticastDelegateUtilities.SafeInvoke: InternalTestLoggerEvents.SendTestResult: Invoking callback 1/1 for Microsoft.VisualStudio.TestPlatform.CommandLine.Internal.ConsoleLogger., took 0 ms.
TpTrace Verbose: 0 : 23624, 4, 2023/08/04, 16:27:58.073, 9405182546536, vstest.console.dll, MulticastDelegateUtilities.SafeInvoke: InternalTestLoggerEvents.SendTestResult: Invoking callback 1/1 for Microsoft.VisualStudio.TestPlatform.CommandLine.Internal.ConsoleLogger., took 0 ms.
TpTrace Verbose: 0 : 23624, 7, 2023/08/04, 16:27:58.085, 9405182672755, vstest.console.dll, TcpClientExtensions.MessageLoopAsync: NotifyDataAvailable remoteEndPoint: 127.0.0.1:64333 localEndPoint: 127.0.0.1:64332
TpTrace Verbose: 0 : 23624, 7, 2023/08/04, 16:27:58.086, 9405182675469, vstest.console.dll, TestRequestSender.OnExecutionMessageReceived: Received message: {"Version":7,"MessageType":"TestSession.Message","Payload":{"MessageLevel":0,"Message":"NUnit Adapter 4.4.0.0: Test execution complete"}}
TpTrace Verbose: 0 : 23624, 7, 2023/08/04, 16:27:58.086, 9405182677421, vstest.console.dll, TestRunRequest:SendTestRunMessage: Starting.
TpTrace Verbose: 0 : 23624, 7, 2023/08/04, 16:27:58.086, 9405182678466, vstest.console.dll, MulticastDelegateUtilities.SafeInvoke: TestRun.LogMessages: Invoking callback 1/1 for Microsoft.VisualStudio.TestPlatform.CommandLine.TestRunResultAggregator., took 0 ms.
TpTrace Information: 0 : 23624, 7, 2023/08/04, 16:27:58.086, 9405182679016, vstest.console.dll, TestRunRequest:SendTestRunMessage: Completed.
TpTrace Verbose: 0 : 23624, 4, 2023/08/04, 16:27:58.086, 9405182678652, vstest.console.dll, MulticastDelegateUtilities.SafeInvoke: InternalTestLoggerEvents.SendTestRunMessage: Invoking callback 1/1 for Microsoft.VisualStudio.TestPlatform.CommandLine.Internal.ConsoleLogger., took 0 ms.
TpTrace Verbose: 0 : 23624, 7, 2023/08/04, 16:27:58.086, 9405182679670, vstest.console.dll, MulticastDelegateUtilities.SafeInvoke: LengthPrefixCommunicationChannel: MessageReceived: Invoking callback 1/1 for Microsoft.VisualStudio.TestPlatform.CommunicationUtilities.TestRequestSender+<>c__DisplayClass34_0., took 0 ms.
TpTrace Verbose: 0 : 23624, 7, 2023/08/04, 16:27:58.086, 9405182680865, vstest.console.dll, TcpClientExtensions.MessageLoopAsync: Polling on remoteEndPoint: 127.0.0.1:64333 localEndPoint: 127.0.0.1:64332
TpTrace Verbose: 0 : 23624, 7, 2023/08/04, 16:27:58.112, 9405182935393, vstest.console.dll, TcpClientExtensions.MessageLoopAsync: NotifyDataAvailable remoteEndPoint: 127.0.0.1:64333 localEndPoint: 127.0.0.1:64332
TpTrace Verbose: 0 : 23624, 7, 2023/08/04, 16:27:58.112, 9405182937034, vstest.console.dll, TestRequestSender.OnExecutionMessageReceived: Received message: {"Version":7,"MessageType":"TestExecution.Completed","Payload":{"TestRunCompleteArgs":{"TestRunStatistics":{"ExecutedTests":11,"Stats":{"Passed":11}},"IsCanceled":false,"IsAborted":false,"Error":null,"AttachmentSets":[],"InvokedDataCollectors":[],"ElapsedTimeInRunningTests":"00:00:00.8017878","Metrics":{},"DiscoveredExtensions":{"TestDiscoverers":["NUnit.VisualStudio.TestAdapter.NUnit3TestDiscoverer, NUnit3.TestAdapter, Version=4.4.0.0, Culture=neutral, PublicKeyToken=4cb40d35494691ac"],"TestExecutors":["executor://NUnit3TestExecutor"],"TestExecutors2":[],"TestSettingsProviders":[]}},"LastRunTests":{"NewTestResults":[{"TestCase":{"Id":"63647b38-1456-ea91-af4a-844e18d2cb2b","FullyQualifiedName":"IntegrationTests.IssueControllerIntegrationTests.UpdateById_InvalidIds_Returns404NotFound","DisplayName":"UpdateById_InvalidIds_Returns404NotFound","ExecutorUri":"executor://NUnit3TestExecutor","Source":"C:\\Users\\PC\\source\\repos\\WebApplication1\\IntegrationTests\\bin\\Debug\\net6.0\\fine-code-coverage\\build-output\\IntegrationTests.dll","CodeFilePath":null,"LineNumber":0,"Properties":[{"Key":{"Id":"NUnit.Seed","Label":"Seed","Category":"","Description":"","Attributes":0,"ValueType":"System.String"},"Value":"1002989521"}]},"Attachments":[],"Outcome":1,"ErrorMessage":null,"ErrorStackTrace":null,"DisplayName":"UpdateById_InvalidIds_Returns404NotFound","Messages":[],"ComputerName":"DESKTOP-F8FT2IU","Duration":"00:00:00.0540310","StartTime":"2023-08-04T13:27:57.9832172+00:00","EndTime":"2023-08-04T13:27:58.0372477+00:00","Properties":[{"Key":{"Id":"NUnit.Seed","Label":"Seed","Category":"","Description":"","Attributes":0,"ValueType":"System.String"},"Value":"1002989521"}]},{"TestCase":{"Id":"e10e6e9a-118c-23c7-05ff-a7d2773893c0","FullyQualifiedName":"IntegrationTests.IssueControllerIntegrationTests.UpdateById_ValidIds_Returns201Created","DisplayName":"UpdateById_ValidIds_Returns201Created","ExecutorUri":"executor://NUnit3TestExecutor","Source":"C:\\Users\\PC\\source\\repos\\WebApplication1\\IntegrationTests\\bin\\Debug\\net6.0\\fine-code-coverage\\build-output\\IntegrationTests.dll","CodeFilePath":null,"LineNumber":0,"Properties":[{"Key":{"Id":"NUnit.Seed","Label":"Seed","Category":"","Description":"","Attributes":0,"ValueType":"System.String"},"Value":"972974689"}]},"Attachments":[],"Outcome":1,"ErrorMessage":null,"ErrorStackTrace":null,"DisplayName":"UpdateById_ValidIds_Returns201Created","Messages":[],"ComputerName":"DESKTOP-F8FT2IU","Duration":"00:00:00.0397739","StartTime":"2023-08-04T13:27:58.0372839+00:00","EndTime":"2023-08-04T13:27:58.0770569+00:00","Properties":[{"Key":{"Id":"NUnit.Seed","Label":"Seed","Category":"","Description":"","Attributes":0,"ValueType":"System.String"},"Value":"972974689"}]}],"TestRunStatistics":{"ExecutedTests":11,"Stats":{"Passed":11}},"ActiveTests":[]},"RunAttachments":[],"ExecutorUris":["executor://nunit3testexecutor/"]}}
TpTrace Verbose: 0 : 23624, 7, 2023/08/04, 16:27:58.112, 9405182938068, vstest.console.dll, TestRequestSender.EndSession: Sending end session.
TpTrace Verbose: 0 : 23624, 7, 2023/08/04, 16:27:58.112, 9405182939543, vstest.console.dll, ProxyOperationManager.Close: waiting for test host to exit for 100 ms
TpTrace Warning: 0 : 23624, 11, 2023/08/04, 16:27:58.143, 9405183251894, vstest.console.dll, TestHostManagerCallbacks.ErrorReceivedCallback Test host standard error line: 
TpTrace Verbose: 0 : 23624, 11, 2023/08/04, 16:27:58.155, 9405183371601, vstest.console.dll, TestHostProvider.ExitCallBack: Host exited starting callback.
TpTrace Information: 0 : 23624, 11, 2023/08/04, 16:27:58.155, 9405183373592, vstest.console.dll, TestHostManagerCallbacks.ExitCallBack: Testhost processId: 13680 exited with exitcode: 0 error: ''
TpTrace Verbose: 0 : 23624, 11, 2023/08/04, 16:27:58.155, 9405183374287, vstest.console.dll, DotnetTestHostManager.OnHostExited: invoking OnHostExited callback
TpTrace Verbose: 0 : 23624, 11, 2023/08/04, 16:27:58.156, 9405183375076, vstest.console.dll, CrossPlatEngine.TestHostManagerHostExited: calling on client process exit callback.
TpTrace Information: 0 : 23624, 11, 2023/08/04, 16:27:58.156, 9405183376016, vstest.console.dll, TestRequestSender.OnClientProcessExit: Test host process exited. Standard error: 
TpTrace Information: 0 : 23624, 11, 2023/08/04, 16:27:58.156, 9405183376631, vstest.console.dll, SocketServer.Stop: Stop server endPoint: 127.0.0.1:64332
TpTrace Information: 0 : 23624, 7, 2023/08/04, 16:27:58.156, 9405183376641, vstest.console.dll, SocketServer.Stop: Stop server endPoint: 127.0.0.1:64332
TpTrace Information: 0 : 23624, 7, 2023/08/04, 16:27:58.156, 9405183377476, vstest.console.dll, SocketServer.Stop: Cancellation requested. Stopping message loop.
TpTrace Information: 0 : 23624, 11, 2023/08/04, 16:27:58.156, 9405183376923, vstest.console.dll, SocketServer.Stop: Cancellation requested. Stopping message loop.
TpTrace Verbose: 0 : 23624, 11, 2023/08/04, 16:27:58.156, 9405183378290, vstest.console.dll, MulticastDelegateUtilities.SafeInvoke: HostProviderEvents.OnHostExited: Invoking callback 1/1 for Microsoft.VisualStudio.TestPlatform.CrossPlatEngine.Client.ProxyOperationManager., took 0 ms.
TpTrace Information: 0 : 23624, 7, 2023/08/04, 16:27:58.156, 9405183378384, vstest.console.dll, Closing the connection
TpTrace Verbose: 0 : 23624, 7, 2023/08/04, 16:27:58.156, 9405183380875, vstest.console.dll, ProxyDataCollectionManager.InvokeDataCollectionServiceAction: Starting.
TpTrace Information: 0 : 23624, 7, 2023/08/04, 16:27:58.156, 9405183381284, vstest.console.dll, ProxyDataCollectionManager.AfterTestRunEnd: Get attachment set and invoked data collectors processId: 20208 port: 64327
TpTrace Verbose: 0 : 23624, 7, 2023/08/04, 16:27:58.156, 9405183381688, vstest.console.dll, DataCollectionRequestSender.SendAfterTestRunStartAndGetResult: Send AfterTestRunEnd message with isCancelled: False
TpTrace Verbose: 0 : 23624, 7, 2023/08/04, 16:27:58.164, 9405183461936, vstest.console.dll, DataCollectionRequestSender.SendAfterTestRunStartAndGetResult: Received message: (DataCollection.AfterTestRunEndResult) -> {"MessageType":"DataCollection.AfterTestRunEndResult","Payload":{"AttachmentSets":[],"InvokedDataCollectors":[{"Uri":"datacollector://Microsoft/TestPlatform/Extensions/Blame/v1","FriendlyName":"Blame","AssemblyQualifiedName":"Microsoft.TestPlatform.Extensions.BlameDataCollector.BlameCollector, Microsoft.TestPlatform.Extensions.BlameDataCollector, Version=15.0.0.0, Culture=neutral, PublicKeyToken=b03f5f7f11d50a3a","FilePath":"C:\\Program Files\\dotnet\\sdk\\7.0.304\\Extensions\\Microsoft.TestPlatform.Extensions.BlameDataCollector.dll","HasAttachmentProcessor":false}],"Metrics":{}}}
TpTrace Warning: 0 : 23624, 10, 2023/08/04, 16:27:58.170, 9405183518631, vstest.console.dll, DataCollectionLauncher.ErrorReceivedCallback datacollector standard error line: 
TpTrace Information: 0 : 23624, 7, 2023/08/04, 16:27:58.172, 9405183542646, vstest.console.dll, ProxyDataCollectionManager.InvokeDataCollectionServiceAction: Completed.
TpTrace Information: 0 : 23624, 10, 2023/08/04, 16:27:58.185, 9405183669349, vstest.console.dll, DataCollectionLauncher.ExitCallBack: Data collector exited with exitcode: 0 error: ''
TpTrace Verbose: 0 : 23624, 7, 2023/08/04, 16:27:58.209, 9405183909009, vstest.console.dll, TestRunRequest:SendTestRunStatsChange: Starting.
TpTrace Verbose: 0 : 23624, 7, 2023/08/04, 16:27:58.209, 9405183910426, vstest.console.dll, MulticastDelegateUtilities.SafeInvoke: TestRun.RunStatsChanged: Invoking callbacks was skipped because there are no subscribers.
TpTrace Information: 0 : 23624, 7, 2023/08/04, 16:27:58.209, 9405183911090, vstest.console.dll, TestRunRequest:SendTestRunStatsChange: Completed.
TpTrace Verbose: 0 : 23624, 4, 2023/08/04, 16:27:58.209, 9405183911052, vstest.console.dll, MulticastDelegateUtilities.SafeInvoke: InternalTestLoggerEvents.SendTestResult: Invoking callback 1/1 for Microsoft.VisualStudio.TestPlatform.CommandLine.Internal.ConsoleLogger., took 0 ms.
TpTrace Verbose: 0 : 23624, 4, 2023/08/04, 16:27:58.209, 9405183912553, vstest.console.dll, MulticastDelegateUtilities.SafeInvoke: InternalTestLoggerEvents.SendTestResult: Invoking callback 1/1 for Microsoft.VisualStudio.TestPlatform.CommandLine.Internal.ConsoleLogger., took 0 ms.
TpTrace Verbose: 0 : 23624, 7, 2023/08/04, 16:27:58.210, 9405183916699, vstest.console.dll, ParallelProxyExecutionManager: HandlePartialRunComplete: Total completed clients = 1, Run complete = True, Run canceled: False.
TpTrace Verbose: 0 : 23624, 4, 2023/08/04, 16:27:58.222, 9405184041281, vstest.console.dll, MulticastDelegateUtilities.SafeInvoke: InternalTestLoggerEvents.SendTestRunComplete: Invoking callback 1/2 for Microsoft.TestPlatform.Extensions.BlameDataCollector.BlameLogger., took 0 ms.
TpTrace Verbose: 0 : 23624, 4, 2023/08/04, 16:27:58.228, 9405184096584, vstest.console.dll, MulticastDelegateUtilities.SafeInvoke: InternalTestLoggerEvents.SendTestRunComplete: Invoking callback 2/2 for Microsoft.VisualStudio.TestPlatform.CommandLine.Internal.ConsoleLogger., took 5 ms.
TpTrace Verbose: 0 : 23624, 7, 2023/08/04, 16:27:58.228, 9405184100447, vstest.console.dll, TestRunRequest:TestRunComplete: Starting. IsAborted:False IsCanceled:False.
TpTrace Verbose: 0 : 23624, 7, 2023/08/04, 16:27:58.230, 9405184119718, vstest.console.dll, TestLoggerManager.HandleTestRunComplete: Ignoring as the object is disposed.
TpTrace Verbose: 0 : 23624, 7, 2023/08/04, 16:27:58.230, 9405184122985, vstest.console.dll, MulticastDelegateUtilities.SafeInvoke: TestRun.TestRunComplete: Invoking callback 1/2 for Microsoft.VisualStudio.TestPlatform.CommandLine.TestRunResultAggregator., took 0 ms.
TpTrace Verbose: 0 : 23624, 7, 2023/08/04, 16:27:58.231, 9405184125261, vstest.console.dll, MulticastDelegateUtilities.SafeInvoke: TestRun.TestRunComplete: Invoking callback 2/2 for Microsoft.VisualStudio.TestPlatform.CommandLine.Processors.RunTestsArgumentExecutor+TestRunRequestEventsRegistrar., took 0 ms.
TpTrace Information: 0 : 23624, 7, 2023/08/04, 16:27:58.231, 9405184126664, vstest.console.dll, TestRunRequest:TestRunComplete: Completed.
TpTrace Verbose: 0 : 23624, 7, 2023/08/04, 16:27:58.231, 9405184127278, vstest.console.dll, TestRequestSender.SetOperationComplete: Setting operation complete.
TpTrace Verbose: 0 : 23624, 1, 2023/08/04, 16:27:58.231, 9405184127327, vstest.console.dll, TestRunRequest.Dispose: Starting.
TpTrace Information: 0 : 23624, 7, 2023/08/04, 16:27:58.231, 9405184128188, vstest.console.dll, SocketServer.Stop: Stop server endPoint: 127.0.0.1:64332
TpTrace Information: 0 : 23624, 1, 2023/08/04, 16:27:58.231, 9405184128313, vstest.console.dll, TestRunRequest.Dispose: Completed.
TpTrace Information: 0 : 23624, 7, 2023/08/04, 16:27:58.231, 9405184128643, vstest.console.dll, SocketServer.Stop: Cancellation requested. Stopping message loop.
TpTrace Information: 0 : 23624, 1, 2023/08/04, 16:27:58.231, 9405184129201, vstest.console.dll, TestRequestManager.RunTests: run tests completed.
TpTrace Verbose: 0 : 23624, 7, 2023/08/04, 16:27:58.231, 9405184129528, vstest.console.dll, MulticastDelegateUtilities.SafeInvoke: LengthPrefixCommunicationChannel: MessageReceived: Invoking callback 1/1 for Microsoft.VisualStudio.TestPlatform.CommunicationUtilities.TestRequestSender+<>c__DisplayClass34_0., took 119 ms.
TpTrace Information: 0 : 23624, 7, 2023/08/04, 16:27:58.231, 9405184130440, vstest.console.dll, SocketServer.PrivateStop: Stopping server endPoint: 127.0.0.1:64332 error: 
TpTrace Information: 0 : 23624, 1, 2023/08/04, 16:27:58.231, 9405184130719, vstest.console.dll, RunTestsArgumentProcessor:Execute: Test run is completed.
TpTrace Verbose: 0 : 23624, 1, 2023/08/04, 16:27:58.231, 9405184132878, vstest.console.dll, Executor.Execute: Exiting with exit code of 0
TpTrace Verbose: 0 : 23624, 7, 2023/08/04, 16:27:58.232, 9405184135598, vstest.console.dll, LengthPrefixCommunicationChannel.Dispose: Dispose reader and writer.
TpTrace Information: 0 : 23624, 7, 2023/08/04, 16:27:58.232, 9405184136536, vstest.console.dll, SocketServer.Stop: Raise disconnected event endPoint: 127.0.0.1:64332 error: 
TpTrace Verbose: 0 : 23624, 7, 2023/08/04, 16:27:58.232, 9405184137622, vstest.console.dll, TestRequestSender: OnTestRunAbort: Operation is already complete. Skip error message.
