TpTrace Verbose: 0 : 21916, 1, 2023/06/27, 15:07:01.507, 11075379149975, vstest.console.dll, Version: 17.6.0-release-20230405-08 Current process architecture: X64
TpTrace Verbose: 0 : 21916, 1, 2023/06/27, 15:07:01.508, 11075379165594, vstest.console.dll, Runtime location: C:\Program Files\dotnet\shared\Microsoft.NETCore.App\7.0.5
TpTrace Verbose: 0 : 21916, 1, 2023/06/27, 15:07:01.511, 11075379196953, vstest.console.dll, ArtifactProcessingPostProcessModeProcessorExecutor.Initialize: ArtifactProcessingMode.Collect
TpTrace Verbose: 0 : 21916, 1, 2023/06/27, 15:07:01.511, 11075379198087, vstest.console.dll, TestSessionCorrelationIdProcessorModeProcessorExecutor.Initialize: TestSessionCorrelationId '14216_3af4831c-0a89-4971-8a19-9e421da5abb5'
TpTrace Information: 0 : 21916, 1, 2023/06/27, 15:07:01.520, 11075379286142, vstest.console.dll, FilePatternParser: The given file C:\Users\PC\source\repos\WebApplication1\TestProject1\bin\Debug\net6.0\fine-code-coverage\build-output\UnitTests.dll is a full path.
TpTrace Verbose: 0 : 21916, 1, 2023/06/27, 15:07:01.525, 11075379334785, vstest.console.dll, TestPluginCache.DiscoverTestExtensions: finding test extensions in assemblies ends with: RuntimeProvider.dll TPluginInfo: Microsoft.VisualStudio.TestPlatform.Common.ExtensionFramework.Utilities.TestRuntimePluginInformation TExtension: Microsoft.VisualStudio.TestPlatform.ObjectModel.Host.ITestRuntimeProvider
TpTrace Verbose: 0 : 21916, 1, 2023/06/27, 15:07:01.525, 11075379338149, vstest.console.dll, TestPluginCache.GetExtensionPaths: Filtered extension paths: 
TpTrace Verbose: 0 : 21916, 1, 2023/06/27, 15:07:01.526, 11075379338914, vstest.console.dll, TestPluginCache.GetExtensionPaths: Added default extension paths: C:\Program Files\dotnet\sdk\7.0.302\Extensions\Microsoft.Diagnostics.NETCore.Client.dll
C:\Program Files\dotnet\sdk\7.0.302\Extensions\Microsoft.TestPlatform.Extensions.BlameDataCollector.dll
C:\Program Files\dotnet\sdk\7.0.302\Extensions\Microsoft.TestPlatform.Extensions.EventLogCollector.dll
C:\Program Files\dotnet\sdk\7.0.302\Extensions\Microsoft.TestPlatform.TestHostRuntimeProvider.dll
C:\Program Files\dotnet\sdk\7.0.302\Extensions\Microsoft.VisualStudio.TestPlatform.Extensions.Html.TestLogger.dll
C:\Program Files\dotnet\sdk\7.0.302\Extensions\Microsoft.VisualStudio.TestPlatform.Extensions.Trx.TestLogger.dll
TpTrace Verbose: 0 : 21916, 1, 2023/06/27, 15:07:01.526, 11075379339291, vstest.console.dll, TestPluginCache.GetExtensionPaths: Added unfilterableExtensionPaths: 
TpTrace Information: 0 : 21916, 1, 2023/06/27, 15:07:01.526, 11075379345332, vstest.console.dll, AssemblyResolver.ctor: Creating AssemblyResolver with searchDirectories C:\Program Files\dotnet\sdk\7.0.302\Extensions,C:\Program Files\dotnet\sdk\7.0.302
TpTrace Verbose: 0 : 21916, 1, 2023/06/27, 15:07:01.527, 11075379358007, vstest.console.dll, TestPluginCache.DiscoverTestExtensions: Discovering the extensions using extension path.
TpTrace Verbose: 0 : 21916, 1, 2023/06/27, 15:07:01.528, 11075379359011, vstest.console.dll, TestPluginCache.GetExtensionPaths: Filtered extension paths: 
TpTrace Verbose: 0 : 21916, 1, 2023/06/27, 15:07:01.528, 11075379359485, vstest.console.dll, TestPluginCache.GetExtensionPaths: Added default extension paths: C:\Program Files\dotnet\sdk\7.0.302\Extensions\Microsoft.Diagnostics.NETCore.Client.dll
C:\Program Files\dotnet\sdk\7.0.302\Extensions\Microsoft.TestPlatform.Extensions.BlameDataCollector.dll
C:\Program Files\dotnet\sdk\7.0.302\Extensions\Microsoft.TestPlatform.Extensions.EventLogCollector.dll
C:\Program Files\dotnet\sdk\7.0.302\Extensions\Microsoft.TestPlatform.TestHostRuntimeProvider.dll
C:\Program Files\dotnet\sdk\7.0.302\Extensions\Microsoft.VisualStudio.TestPlatform.Extensions.Html.TestLogger.dll
C:\Program Files\dotnet\sdk\7.0.302\Extensions\Microsoft.VisualStudio.TestPlatform.Extensions.Trx.TestLogger.dll
TpTrace Verbose: 0 : 21916, 1, 2023/06/27, 15:07:01.528, 11075379359788, vstest.console.dll, TestPluginCache.GetExtensionPaths: Added unfilterableExtensionPaths: 
TpTrace Verbose: 0 : 21916, 1, 2023/06/27, 15:07:01.528, 11075379360637, vstest.console.dll, TestPluginCache.DiscoverTestExtensions: Discovering the extensions using allExtensionPaths: C:\Program Files\dotnet\sdk\7.0.302\Extensions\Microsoft.Diagnostics.NETCore.Client.dll
C:\Program Files\dotnet\sdk\7.0.302\Extensions\Microsoft.TestPlatform.Extensions.BlameDataCollector.dll
C:\Program Files\dotnet\sdk\7.0.302\Extensions\Microsoft.TestPlatform.Extensions.EventLogCollector.dll
C:\Program Files\dotnet\sdk\7.0.302\Extensions\Microsoft.TestPlatform.TestHostRuntimeProvider.dll
C:\Program Files\dotnet\sdk\7.0.302\Extensions\Microsoft.VisualStudio.TestPlatform.Extensions.Html.TestLogger.dll
C:\Program Files\dotnet\sdk\7.0.302\Extensions\Microsoft.VisualStudio.TestPlatform.Extensions.Trx.TestLogger.dll
TpTrace Information: 0 : 21916, 1, 2023/06/27, 15:07:01.528, 11075379362043, vstest.console.dll, AssemblyResolver.AddSearchDirectories: Adding more searchDirectories C:\Program Files\dotnet\sdk\7.0.302\Extensions,C:\Program Files\dotnet\sdk\7.0.302
TpTrace Information: 0 : 21916, 1, 2023/06/27, 15:07:01.528, 11075379362738, vstest.console.dll, AssemblyResolver.AddSearchDirectories: Adding more searchDirectories C:\Program Files\dotnet\sdk\7.0.302\Extensions,C:\Program Files\dotnet\sdk\7.0.302
TpTrace Information: 0 : 21916, 1, 2023/06/27, 15:07:01.528, 11075379363153, vstest.console.dll, AssemblyResolver.AddSearchDirectories: Adding more searchDirectories C:\Program Files\dotnet\sdk\7.0.302\Extensions,C:\Program Files\dotnet\sdk\7.0.302
TpTrace Information: 0 : 21916, 1, 2023/06/27, 15:07:01.528, 11075379363450, vstest.console.dll, AssemblyResolver.AddSearchDirectories: Adding more searchDirectories C:\Program Files\dotnet\sdk\7.0.302\Extensions,C:\Program Files\dotnet\sdk\7.0.302
TpTrace Information: 0 : 21916, 1, 2023/06/27, 15:07:01.528, 11075379363730, vstest.console.dll, AssemblyResolver.AddSearchDirectories: Adding more searchDirectories C:\Program Files\dotnet\sdk\7.0.302\Extensions,C:\Program Files\dotnet\sdk\7.0.302
TpTrace Information: 0 : 21916, 1, 2023/06/27, 15:07:01.528, 11075379364042, vstest.console.dll, AssemblyResolver.AddSearchDirectories: Adding more searchDirectories C:\Program Files\dotnet\sdk\7.0.302\Extensions,C:\Program Files\dotnet\sdk\7.0.302
TpTrace Information: 0 : 21916, 1, 2023/06/27, 15:07:01.528, 11075379367576, vstest.console.dll, AssemblyResolver.OnResolve: Microsoft.Diagnostics.NETCore.Client: Resolving assembly.
TpTrace Information: 0 : 21916, 1, 2023/06/27, 15:07:01.528, 11075379368244, vstest.console.dll, AssemblyResolver.OnResolve: Microsoft.Diagnostics.NETCore.Client: Searching in: 'C:\Program Files\dotnet\sdk\7.0.302\Extensions'.
TpTrace Information: 0 : 21916, 1, 2023/06/27, 15:07:01.536, 11075379439180, vstest.console.dll, AssemblyResolver.OnResolve: Microsoft.Diagnostics.NETCore.Client: Loading assembly 'C:\Program Files\dotnet\sdk\7.0.302\Extensions\Microsoft.Diagnostics.NETCore.Client.dll'.
TpTrace Information: 0 : 21916, 1, 2023/06/27, 15:07:01.536, 11075379445366, vstest.console.dll, AssemblyResolver.OnResolve: Resolved assembly: Microsoft.Diagnostics.NETCore.Client, from path: C:\Program Files\dotnet\sdk\7.0.302\Extensions\Microsoft.Diagnostics.NETCore.Client.dll
TpTrace Verbose: 0 : 21916, 1, 2023/06/27, 15:07:01.538, 11075379459442, vstest.console.dll, MetadataReaderExtensionsHelper: Discovering extensions inside assembly 'Microsoft.Diagnostics.NETCore.Client, Version=0.2.6.42401, Culture=neutral, PublicKeyToken=31bf3856ad364e35' file path 'C:\Program Files\dotnet\sdk\7.0.302\Extensions\Microsoft.Diagnostics.NETCore.Client.dll'
TpTrace Information: 0 : 21916, 1, 2023/06/27, 15:07:01.542, 11075379499540, vstest.console.dll, AssemblyResolver.OnResolve: Microsoft.Bcl.AsyncInterfaces: Resolving assembly.
TpTrace Information: 0 : 21916, 1, 2023/06/27, 15:07:01.542, 11075379500075, vstest.console.dll, AssemblyResolver.OnResolve: Microsoft.Bcl.AsyncInterfaces: Searching in: 'C:\Program Files\dotnet\sdk\7.0.302\Extensions'.
TpTrace Information: 0 : 21916, 1, 2023/06/27, 15:07:01.542, 11075379500805, vstest.console.dll, AssemblyResolver.OnResolve: Microsoft.Bcl.AsyncInterfaces: Assembly path does not exist: 'C:\Program Files\dotnet\sdk\7.0.302\Extensions\Microsoft.Bcl.AsyncInterfaces.dll', returning.
TpTrace Information: 0 : 21916, 1, 2023/06/27, 15:07:01.542, 11075379501835, vstest.console.dll, AssemblyResolver.OnResolve: Microsoft.Bcl.AsyncInterfaces: Assembly path does not exist: 'C:\Program Files\dotnet\sdk\7.0.302\Extensions\Microsoft.Bcl.AsyncInterfaces.exe', returning.
TpTrace Information: 0 : 21916, 1, 2023/06/27, 15:07:01.542, 11075379502193, vstest.console.dll, AssemblyResolver.OnResolve: Microsoft.Bcl.AsyncInterfaces: Searching in: 'C:\Program Files\dotnet\sdk\7.0.302'.
TpTrace Information: 0 : 21916, 1, 2023/06/27, 15:07:01.542, 11075379502908, vstest.console.dll, AssemblyResolver.OnResolve: Microsoft.Bcl.AsyncInterfaces: Assembly path does not exist: 'C:\Program Files\dotnet\sdk\7.0.302\Microsoft.Bcl.AsyncInterfaces.dll', returning.
TpTrace Information: 0 : 21916, 1, 2023/06/27, 15:07:01.542, 11075379503493, vstest.console.dll, AssemblyResolver.OnResolve: Microsoft.Bcl.AsyncInterfaces: Assembly path does not exist: 'C:\Program Files\dotnet\sdk\7.0.302\Microsoft.Bcl.AsyncInterfaces.exe', returning.
TpTrace Information: 0 : 21916, 1, 2023/06/27, 15:07:01.542, 11075379503842, vstest.console.dll, AssemblyResolver.OnResolve: Microsoft.Bcl.AsyncInterfaces: Failed to load assembly.
TpTrace Verbose: 0 : 21916, 1, 2023/06/27, 15:07:01.542, 11075379504191, vstest.console.dll, CurrentDomainAssemblyResolve: Resolving assembly 'Microsoft.Bcl.AsyncInterfaces'.
TpTrace Information: 0 : 21916, 1, 2023/06/27, 15:07:01.542, 11075379504722, vstest.console.dll, AssemblyResolver.OnResolve: Microsoft.Bcl.AsyncInterfaces: Resolving assembly.
TpTrace Information: 0 : 21916, 1, 2023/06/27, 15:07:01.542, 11075379505184, vstest.console.dll, AssemblyResolver.OnResolve: Microsoft.Bcl.AsyncInterfaces: Resolved from cache.
TpTrace Verbose: 0 : 21916, 1, 2023/06/27, 15:07:01.542, 11075379505453, vstest.console.dll, CurrentDomainAssemblyResolve: Resolving assembly 'Microsoft.Bcl.AsyncInterfaces'.
TpTrace Verbose: 0 : 21916, 1, 2023/06/27, 15:07:01.542, 11075379505769, vstest.console.dll, CurrentDomainAssemblyResolve: Failed to resolve assembly 'Microsoft.Bcl.AsyncInterfaces'.
TpTrace Verbose: 0 : 21916, 1, 2023/06/27, 15:07:01.543, 11075379513305, vstest.console.dll, CurrentDomainAssemblyResolve: Failed to resolve assembly 'Microsoft.Bcl.AsyncInterfaces'.
TpTrace Warning: 0 : 21916, 1, 2023/06/27, 15:07:01.550, 11075379578851, vstest.console.dll, TestPluginDiscoverer: Failed to get types from assembly 'Microsoft.Diagnostics.NETCore.Client, Version=0.2.6.42401, Culture=neutral, PublicKeyToken=31bf3856ad364e35'. Error: System.Reflection.ReflectionTypeLoadException: Unable to load one or more of the requested types.
Could not load file or assembly 'Microsoft.Bcl.AsyncInterfaces, Version=1.0.0.0, Culture=neutral, PublicKeyToken=cc7b13ffcd2ddd51'. The system cannot find the file specified.
   at System.Reflection.RuntimeModule.GetTypes(RuntimeModule module)
   at System.Reflection.Assembly.GetTypes()
   at Microsoft.VisualStudio.TestPlatform.Common.ExtensionFramework.TestPluginDiscoverer.GetTestExtensionsFromAssembly[TPluginInfo,TExtension](Assembly assembly, Dictionary`2 pluginInfos, String filePath)
System.IO.FileNotFoundException: Could not load file or assembly 'Microsoft.Bcl.AsyncInterfaces, Version=1.0.0.0, Culture=neutral, PublicKeyToken=cc7b13ffcd2ddd51'. The system cannot find the file specified.
File name: 'Microsoft.Bcl.AsyncInterfaces, Version=1.0.0.0, Culture=neutral, PublicKeyToken=cc7b13ffcd2ddd51'
 ---> System.IO.FileNotFoundException: Could not load file or assembly 'Microsoft.Bcl.AsyncInterfaces, Culture=neutral, PublicKeyToken=null'. The system cannot find the file specified.
File name: 'Microsoft.Bcl.AsyncInterfaces, Culture=neutral, PublicKeyToken=null'
   at System.Reflection.RuntimeAssembly.InternalLoad(AssemblyName assemblyName, StackCrawlMark& stackMark, AssemblyLoadContext assemblyLoadContext, RuntimeAssembly requestingAssembly, Boolean throwOnFileNotFound)
   at System.Reflection.Assembly.Load(AssemblyName assemblyRef)
   at Microsoft.VisualStudio.TestPlatform.Common.ExtensionFramework.TestPluginCache.CurrentDomainAssemblyResolve(Object sender, AssemblyResolveEventArgs args)
   at System.Runtime.Loader.AssemblyLoadContext.GetFirstResolvedAssemblyFromResolvingEvent(AssemblyName assemblyName)
   at System.Runtime.Loader.AssemblyLoadContext.ResolveUsingEvent(AssemblyName assemblyName)
   at System.Runtime.Loader.AssemblyLoadContext.ResolveUsingResolvingEvent(IntPtr gchManagedAssemblyLoadContext, AssemblyName assemblyName)
TpTrace Warning: 0 : 21916, 1, 2023/06/27, 15:07:01.550, 11075379582715, vstest.console.dll, LoaderExceptions: System.IO.FileNotFoundException: Could not load file or assembly 'Microsoft.Bcl.AsyncInterfaces, Version=1.0.0.0, Culture=neutral, PublicKeyToken=cc7b13ffcd2ddd51'. The system cannot find the file specified.
File name: 'Microsoft.Bcl.AsyncInterfaces, Version=1.0.0.0, Culture=neutral, PublicKeyToken=cc7b13ffcd2ddd51'
 ---> System.IO.FileNotFoundException: Could not load file or assembly 'Microsoft.Bcl.AsyncInterfaces, Culture=neutral, PublicKeyToken=null'. The system cannot find the file specified.
File name: 'Microsoft.Bcl.AsyncInterfaces, Culture=neutral, PublicKeyToken=null'
   at System.Reflection.RuntimeAssembly.InternalLoad(AssemblyName assemblyName, StackCrawlMark& stackMark, AssemblyLoadContext assemblyLoadContext, RuntimeAssembly requestingAssembly, Boolean throwOnFileNotFound)
   at System.Reflection.Assembly.Load(AssemblyName assemblyRef)
   at Microsoft.VisualStudio.TestPlatform.Common.ExtensionFramework.TestPluginCache.CurrentDomainAssemblyResolve(Object sender, AssemblyResolveEventArgs args)
   at System.Runtime.Loader.AssemblyLoadContext.GetFirstResolvedAssemblyFromResolvingEvent(AssemblyName assemblyName)
   at System.Runtime.Loader.AssemblyLoadContext.ResolveUsingEvent(AssemblyName assemblyName)
   at System.Runtime.Loader.AssemblyLoadContext.ResolveUsingResolvingEvent(IntPtr gchManagedAssemblyLoadContext, AssemblyName assemblyName)
TpTrace Information: 0 : 21916, 1, 2023/06/27, 15:07:01.550, 11075379584528, vstest.console.dll, AssemblyResolver.OnResolve: Microsoft.TestPlatform.Extensions.BlameDataCollector: Resolving assembly.
TpTrace Information: 0 : 21916, 1, 2023/06/27, 15:07:01.550, 11075379584941, vstest.console.dll, AssemblyResolver.OnResolve: Microsoft.TestPlatform.Extensions.BlameDataCollector: Searching in: 'C:\Program Files\dotnet\sdk\7.0.302\Extensions'.
TpTrace Information: 0 : 21916, 1, 2023/06/27, 15:07:01.551, 11075379590220, vstest.console.dll, AssemblyResolver.OnResolve: Microsoft.TestPlatform.Extensions.BlameDataCollector: Loading assembly 'C:\Program Files\dotnet\sdk\7.0.302\Extensions\Microsoft.TestPlatform.Extensions.BlameDataCollector.dll'.
TpTrace Information: 0 : 21916, 1, 2023/06/27, 15:07:01.551, 11075379597234, vstest.console.dll, AssemblyResolver.OnResolve: Resolved assembly: Microsoft.TestPlatform.Extensions.BlameDataCollector, from path: C:\Program Files\dotnet\sdk\7.0.302\Extensions\Microsoft.TestPlatform.Extensions.BlameDataCollector.dll
TpTrace Verbose: 0 : 21916, 1, 2023/06/27, 15:07:01.551, 11075379598059, vstest.console.dll, MetadataReaderExtensionsHelper: Discovering extensions inside assembly 'Microsoft.TestPlatform.Extensions.BlameDataCollector, Version=15.0.0.0, Culture=neutral, PublicKeyToken=b03f5f7f11d50a3a' file path 'C:\Program Files\dotnet\sdk\7.0.302\Extensions\Microsoft.TestPlatform.Extensions.BlameDataCollector.dll'
TpTrace Information: 0 : 21916, 1, 2023/06/27, 15:07:01.553, 11075379615858, vstest.console.dll, AssemblyResolver.OnResolve: Microsoft.TestPlatform.Extensions.EventLogCollector: Resolving assembly.
TpTrace Information: 0 : 21916, 1, 2023/06/27, 15:07:01.553, 11075379616420, vstest.console.dll, AssemblyResolver.OnResolve: Microsoft.TestPlatform.Extensions.EventLogCollector: Searching in: 'C:\Program Files\dotnet\sdk\7.0.302\Extensions'.
TpTrace Information: 0 : 21916, 1, 2023/06/27, 15:07:01.554, 11075379620260, vstest.console.dll, AssemblyResolver.OnResolve: Microsoft.TestPlatform.Extensions.EventLogCollector: Loading assembly 'C:\Program Files\dotnet\sdk\7.0.302\Extensions\Microsoft.TestPlatform.Extensions.EventLogCollector.dll'.
TpTrace Information: 0 : 21916, 1, 2023/06/27, 15:07:01.554, 11075379625222, vstest.console.dll, AssemblyResolver.OnResolve: Resolved assembly: Microsoft.TestPlatform.Extensions.EventLogCollector, from path: C:\Program Files\dotnet\sdk\7.0.302\Extensions\Microsoft.TestPlatform.Extensions.EventLogCollector.dll
TpTrace Verbose: 0 : 21916, 1, 2023/06/27, 15:07:01.554, 11075379625881, vstest.console.dll, MetadataReaderExtensionsHelper: Discovering extensions inside assembly 'Microsoft.TestPlatform.Extensions.EventLogCollector, Version=15.0.0.0, Culture=neutral, PublicKeyToken=b03f5f7f11d50a3a' file path 'C:\Program Files\dotnet\sdk\7.0.302\Extensions\Microsoft.TestPlatform.Extensions.EventLogCollector.dll'
TpTrace Information: 0 : 21916, 1, 2023/06/27, 15:07:01.556, 11075379647239, vstest.console.dll, AssemblyResolver.OnResolve: Microsoft.TestPlatform.TestHostRuntimeProvider: Resolving assembly.
TpTrace Information: 0 : 21916, 1, 2023/06/27, 15:07:01.556, 11075379647695, vstest.console.dll, AssemblyResolver.OnResolve: Microsoft.TestPlatform.TestHostRuntimeProvider: Searching in: 'C:\Program Files\dotnet\sdk\7.0.302\Extensions'.
TpTrace Information: 0 : 21916, 1, 2023/06/27, 15:07:01.557, 11075379651097, vstest.console.dll, AssemblyResolver.OnResolve: Microsoft.TestPlatform.TestHostRuntimeProvider: Loading assembly 'C:\Program Files\dotnet\sdk\7.0.302\Extensions\Microsoft.TestPlatform.TestHostRuntimeProvider.dll'.
TpTrace Information: 0 : 21916, 1, 2023/06/27, 15:07:01.557, 11075379655435, vstest.console.dll, AssemblyResolver.OnResolve: Resolved assembly: Microsoft.TestPlatform.TestHostRuntimeProvider, from path: C:\Program Files\dotnet\sdk\7.0.302\Extensions\Microsoft.TestPlatform.TestHostRuntimeProvider.dll
TpTrace Verbose: 0 : 21916, 1, 2023/06/27, 15:07:01.557, 11075379656090, vstest.console.dll, MetadataReaderExtensionsHelper: Discovering extensions inside assembly 'Microsoft.TestPlatform.TestHostRuntimeProvider, Version=15.0.0.0, Culture=neutral, PublicKeyToken=b03f5f7f11d50a3a' file path 'C:\Program Files\dotnet\sdk\7.0.302\Extensions\Microsoft.TestPlatform.TestHostRuntimeProvider.dll'
TpTrace Information: 0 : 21916, 1, 2023/06/27, 15:07:01.559, 11075379672403, vstest.console.dll, GetTestExtensionFromType: Register extension with identifier data 'HostProvider://DefaultTestHost' and type 'Microsoft.VisualStudio.TestPlatform.CrossPlatEngine.Hosting.DefaultTestHostManager, Microsoft.TestPlatform.TestHostRuntimeProvider, Version=15.0.0.0, Culture=neutral, PublicKeyToken=b03f5f7f11d50a3a' inside file 'C:\Program Files\dotnet\sdk\7.0.302\Extensions\Microsoft.TestPlatform.TestHostRuntimeProvider.dll'
TpTrace Information: 0 : 21916, 1, 2023/06/27, 15:07:01.559, 11075379674353, vstest.console.dll, GetTestExtensionFromType: Register extension with identifier data 'HostProvider://DotnetTestHost' and type 'Microsoft.VisualStudio.TestPlatform.CrossPlatEngine.Hosting.DotnetTestHostManager, Microsoft.TestPlatform.TestHostRuntimeProvider, Version=15.0.0.0, Culture=neutral, PublicKeyToken=b03f5f7f11d50a3a' inside file 'C:\Program Files\dotnet\sdk\7.0.302\Extensions\Microsoft.TestPlatform.TestHostRuntimeProvider.dll'
TpTrace Information: 0 : 21916, 1, 2023/06/27, 15:07:01.559, 11075379674975, vstest.console.dll, AssemblyResolver.OnResolve: Microsoft.VisualStudio.TestPlatform.Extensions.Html.TestLogger: Resolving assembly.
TpTrace Information: 0 : 21916, 1, 2023/06/27, 15:07:01.559, 11075379675310, vstest.console.dll, AssemblyResolver.OnResolve: Microsoft.VisualStudio.TestPlatform.Extensions.Html.TestLogger: Searching in: 'C:\Program Files\dotnet\sdk\7.0.302\Extensions'.
TpTrace Information: 0 : 21916, 1, 2023/06/27, 15:07:01.560, 11075379678860, vstest.console.dll, AssemblyResolver.OnResolve: Microsoft.VisualStudio.TestPlatform.Extensions.Html.TestLogger: Loading assembly 'C:\Program Files\dotnet\sdk\7.0.302\Extensions\Microsoft.VisualStudio.TestPlatform.Extensions.Html.TestLogger.dll'.
TpTrace Information: 0 : 21916, 1, 2023/06/27, 15:07:01.560, 11075379683222, vstest.console.dll, AssemblyResolver.OnResolve: Resolved assembly: Microsoft.VisualStudio.TestPlatform.Extensions.Html.TestLogger, from path: C:\Program Files\dotnet\sdk\7.0.302\Extensions\Microsoft.VisualStudio.TestPlatform.Extensions.Html.TestLogger.dll
TpTrace Verbose: 0 : 21916, 1, 2023/06/27, 15:07:01.560, 11075379683969, vstest.console.dll, MetadataReaderExtensionsHelper: Discovering extensions inside assembly 'Microsoft.VisualStudio.TestPlatform.Extensions.Html.TestLogger, Version=15.0.0.0, Culture=neutral, PublicKeyToken=b03f5f7f11d50a3a' file path 'C:\Program Files\dotnet\sdk\7.0.302\Extensions\Microsoft.VisualStudio.TestPlatform.Extensions.Html.TestLogger.dll'
TpTrace Information: 0 : 21916, 1, 2023/06/27, 15:07:01.561, 11075379691639, vstest.console.dll, AssemblyResolver.OnResolve: Microsoft.VisualStudio.TestPlatform.Extensions.Trx.TestLogger: Resolving assembly.
TpTrace Information: 0 : 21916, 1, 2023/06/27, 15:07:01.561, 11075379692067, vstest.console.dll, AssemblyResolver.OnResolve: Microsoft.VisualStudio.TestPlatform.Extensions.Trx.TestLogger: Searching in: 'C:\Program Files\dotnet\sdk\7.0.302\Extensions'.
TpTrace Information: 0 : 21916, 1, 2023/06/27, 15:07:01.561, 11075379695302, vstest.console.dll, AssemblyResolver.OnResolve: Microsoft.VisualStudio.TestPlatform.Extensions.Trx.TestLogger: Loading assembly 'C:\Program Files\dotnet\sdk\7.0.302\Extensions\Microsoft.VisualStudio.TestPlatform.Extensions.Trx.TestLogger.dll'.
TpTrace Information: 0 : 21916, 1, 2023/06/27, 15:07:01.562, 11075379700207, vstest.console.dll, AssemblyResolver.OnResolve: Resolved assembly: Microsoft.VisualStudio.TestPlatform.Extensions.Trx.TestLogger, from path: C:\Program Files\dotnet\sdk\7.0.302\Extensions\Microsoft.VisualStudio.TestPlatform.Extensions.Trx.TestLogger.dll
TpTrace Verbose: 0 : 21916, 1, 2023/06/27, 15:07:01.562, 11075379700833, vstest.console.dll, MetadataReaderExtensionsHelper: Discovering extensions inside assembly 'Microsoft.VisualStudio.TestPlatform.Extensions.Trx.TestLogger, Version=15.0.0.0, Culture=neutral, PublicKeyToken=b03f5f7f11d50a3a' file path 'C:\Program Files\dotnet\sdk\7.0.302\Extensions\Microsoft.VisualStudio.TestPlatform.Extensions.Trx.TestLogger.dll'
TpTrace Verbose: 0 : 21916, 1, 2023/06/27, 15:07:01.563, 11075379710613, vstest.console.dll, TestPluginCache: Discovered the extensions using extension path ''.
TpTrace Verbose: 0 : 21916, 1, 2023/06/27, 15:07:01.563, 11075379711164, vstest.console.dll, TestPluginCache: Discoverers are ''.
TpTrace Verbose: 0 : 21916, 1, 2023/06/27, 15:07:01.563, 11075379711441, vstest.console.dll, TestPluginCache: Executors are ''.
TpTrace Verbose: 0 : 21916, 1, 2023/06/27, 15:07:01.563, 11075379711675, vstest.console.dll, TestPluginCache: Executors2 are ''.
TpTrace Verbose: 0 : 21916, 1, 2023/06/27, 15:07:01.563, 11075379711893, vstest.console.dll, TestPluginCache: Setting providers are ''.
TpTrace Verbose: 0 : 21916, 1, 2023/06/27, 15:07:01.563, 11075379712106, vstest.console.dll, TestPluginCache: Loggers are ''.
TpTrace Verbose: 0 : 21916, 1, 2023/06/27, 15:07:01.563, 11075379713305, vstest.console.dll, TestPluginCache: TestHosts are 'HostProvider://DefaultTestHost,HostProvider://DotnetTestHost'.
TpTrace Verbose: 0 : 21916, 1, 2023/06/27, 15:07:01.563, 11075379713656, vstest.console.dll, TestPluginCache: DataCollectors are ''.
TpTrace Information: 0 : 21916, 1, 2023/06/27, 15:07:01.572, 11075379804900, vstest.console.dll, RunTestsArgumentProcessor:Execute: Test run is starting.
TpTrace Verbose: 0 : 21916, 1, 2023/06/27, 15:07:01.572, 11075379805610, vstest.console.dll, RunTestsArgumentProcessor:Execute: Queuing Test run.
TpTrace Information: 0 : 21916, 1, 2023/06/27, 15:07:01.572, 11075379807625, vstest.console.dll, TestRequestManager.RunTests: run tests started.
TpTrace Information: 0 : 21916, 1, 2023/06/27, 15:07:01.574, 11075379818902, vstest.console.dll, AssemblyMetadataProvider.GetFrameworkName: Determined framework:'.NETCoreApp,Version=v6.0' for source: 'C:\Users\PC\source\repos\WebApplication1\TestProject1\bin\Debug\net6.0\fine-code-coverage\build-output\UnitTests.dll'
TpTrace Information: 0 : 21916, 1, 2023/06/27, 15:07:01.574, 11075379820255, vstest.console.dll, Determined framework for all sources: .NETCoreApp,Version=v6.0
TpTrace Verbose: 0 : 21916, 1, 2023/06/27, 15:07:01.574, 11075379823529, vstest.console.dll, TestRequestManager.UpdateRunSettingsIfRequired: Default architecture: X64 IsDefaultTargetArchitecture: True, Current process architecture: X64 OperatingSystem: Windows.
TpTrace Information: 0 : 21916, 1, 2023/06/27, 15:07:01.575, 11075379838191, vstest.console.dll, AssemblyMetadataProvider.GetArchitecture: Determined architecture:AnyCPU info for assembly: C:\Users\PC\source\repos\WebApplication1\TestProject1\bin\Debug\net6.0\fine-code-coverage\build-output\UnitTests.dll
TpTrace Information: 0 : 21916, 1, 2023/06/27, 15:07:01.575, 11075379838632, vstest.console.dll, Determined platform for source 'C:\Users\PC\source\repos\WebApplication1\TestProject1\bin\Debug\net6.0\fine-code-coverage\build-output\UnitTests.dll' was AnyCPU and it will use the default plaform X64.
TpTrace Information: 0 : 21916, 1, 2023/06/27, 15:07:01.576, 11075379838979, vstest.console.dll, None of the sources provided any runnable platform, using the default platform: X64
TpTrace Information: 0 : 21916, 1, 2023/06/27, 15:07:01.576, 11075379839668, vstest.console.dll, Platform was updated to 'X64'.
TpTrace Information: 0 : 21916, 1, 2023/06/27, 15:07:01.578, 11075379867668, vstest.console.dll, InferRunSettingsHelper.IsTestSettingsEnabled: Unable to navigate to RunSettings/MSTest. Current node: RunSettings
TpTrace Information: 0 : 21916, 1, 2023/06/27, 15:07:01.579, 11075379872687, vstest.console.dll, AssemblyResolver.OnResolve: Microsoft.VisualStudio.TestPlatform.Fakes: Resolving assembly.
TpTrace Information: 0 : 21916, 1, 2023/06/27, 15:07:01.579, 11075379873144, vstest.console.dll, AssemblyResolver.OnResolve: Microsoft.VisualStudio.TestPlatform.Fakes: Searching in: 'C:\Program Files\dotnet\sdk\7.0.302\Extensions'.
TpTrace Information: 0 : 21916, 1, 2023/06/27, 15:07:01.579, 11075379873923, vstest.console.dll, AssemblyResolver.OnResolve: Microsoft.VisualStudio.TestPlatform.Fakes: Assembly path does not exist: 'C:\Program Files\dotnet\sdk\7.0.302\Extensions\Microsoft.VisualStudio.TestPlatform.Fakes.dll', returning.
TpTrace Information: 0 : 21916, 1, 2023/06/27, 15:07:01.579, 11075379874523, vstest.console.dll, AssemblyResolver.OnResolve: Microsoft.VisualStudio.TestPlatform.Fakes: Assembly path does not exist: 'C:\Program Files\dotnet\sdk\7.0.302\Extensions\Microsoft.VisualStudio.TestPlatform.Fakes.exe', returning.
TpTrace Information: 0 : 21916, 1, 2023/06/27, 15:07:01.579, 11075379874873, vstest.console.dll, AssemblyResolver.OnResolve: Microsoft.VisualStudio.TestPlatform.Fakes: Searching in: 'C:\Program Files\dotnet\sdk\7.0.302'.
TpTrace Information: 0 : 21916, 1, 2023/06/27, 15:07:01.579, 11075379875451, vstest.console.dll, AssemblyResolver.OnResolve: Microsoft.VisualStudio.TestPlatform.Fakes: Assembly path does not exist: 'C:\Program Files\dotnet\sdk\7.0.302\Microsoft.VisualStudio.TestPlatform.Fakes.dll', returning.
TpTrace Information: 0 : 21916, 1, 2023/06/27, 15:07:01.579, 11075379876008, vstest.console.dll, AssemblyResolver.OnResolve: Microsoft.VisualStudio.TestPlatform.Fakes: Assembly path does not exist: 'C:\Program Files\dotnet\sdk\7.0.302\Microsoft.VisualStudio.TestPlatform.Fakes.exe', returning.
TpTrace Information: 0 : 21916, 1, 2023/06/27, 15:07:01.579, 11075379876298, vstest.console.dll, AssemblyResolver.OnResolve: Microsoft.VisualStudio.TestPlatform.Fakes: Failed to load assembly.
TpTrace Information: 0 : 21916, 1, 2023/06/27, 15:07:01.579, 11075379878410, vstest.console.dll, Failed to load assembly Microsoft.VisualStudio.TestPlatform.Fakes, Version=17.0.0.0, Culture=neutral. Reason:System.IO.FileNotFoundException: Could not load file or assembly 'Microsoft.VisualStudio.TestPlatform.Fakes, Version=17.0.0.0, Culture=neutral, PublicKeyToken=null'. The system cannot find the file specified.
File name: 'Microsoft.VisualStudio.TestPlatform.Fakes, Version=17.0.0.0, Culture=neutral, PublicKeyToken=null'
   at System.Reflection.RuntimeAssembly.InternalLoad(AssemblyName assemblyName, StackCrawlMark& stackMark, AssemblyLoadContext assemblyLoadContext, RuntimeAssembly requestingAssembly, Boolean throwOnFileNotFound)
   at System.Reflection.Assembly.Load(AssemblyName assemblyRef)
   at Microsoft.VisualStudio.TestPlatform.Common.Utilities.FakesUtilities.LoadTestPlatformAssembly()
TpTrace Verbose: 0 : 21916, 1, 2023/06/27, 15:07:01.582, 11075379907117, vstest.console.dll, TestPluginCache.DiscoverTestExtensions: finding test extensions in assemblies ends with: TestLogger.dll TPluginInfo: Microsoft.VisualStudio.TestPlatform.Common.ExtensionFramework.Utilities.TestLoggerPluginInformation TExtension: Microsoft.VisualStudio.TestPlatform.ObjectModel.Client.ITestLogger
TpTrace Verbose: 0 : 21916, 1, 2023/06/27, 15:07:01.582, 11075379907792, vstest.console.dll, TestPluginCache.GetExtensionPaths: Filtered extension paths: 
TpTrace Verbose: 0 : 21916, 1, 2023/06/27, 15:07:01.582, 11075379908147, vstest.console.dll, TestPluginCache.GetExtensionPaths: Added default extension paths: C:\Program Files\dotnet\sdk\7.0.302\Extensions\Microsoft.Diagnostics.NETCore.Client.dll
C:\Program Files\dotnet\sdk\7.0.302\Extensions\Microsoft.TestPlatform.Extensions.BlameDataCollector.dll
C:\Program Files\dotnet\sdk\7.0.302\Extensions\Microsoft.TestPlatform.Extensions.EventLogCollector.dll
C:\Program Files\dotnet\sdk\7.0.302\Extensions\Microsoft.TestPlatform.TestHostRuntimeProvider.dll
C:\Program Files\dotnet\sdk\7.0.302\Extensions\Microsoft.VisualStudio.TestPlatform.Extensions.Html.TestLogger.dll
C:\Program Files\dotnet\sdk\7.0.302\Extensions\Microsoft.VisualStudio.TestPlatform.Extensions.Trx.TestLogger.dll
TpTrace Verbose: 0 : 21916, 1, 2023/06/27, 15:07:01.582, 11075379908467, vstest.console.dll, TestPluginCache.GetExtensionPaths: Added unfilterableExtensionPaths: 
TpTrace Information: 0 : 21916, 1, 2023/06/27, 15:07:01.583, 11075379909679, vstest.console.dll, AssemblyResolver.AddSearchDirectories: Adding more searchDirectories C:\Program Files\dotnet\sdk\7.0.302\Extensions,C:\Program Files\dotnet\sdk\7.0.302
TpTrace Verbose: 0 : 21916, 1, 2023/06/27, 15:07:01.583, 11075379910299, vstest.console.dll, TestPluginCache.DiscoverTestExtensions: Discovering the extensions using extension path.
TpTrace Verbose: 0 : 21916, 1, 2023/06/27, 15:07:01.583, 11075379910811, vstest.console.dll, TestPluginCache.GetExtensionPaths: Filtered extension paths: 
TpTrace Verbose: 0 : 21916, 1, 2023/06/27, 15:07:01.583, 11075379911220, vstest.console.dll, TestPluginCache.GetExtensionPaths: Added default extension paths: C:\Program Files\dotnet\sdk\7.0.302\Extensions\Microsoft.Diagnostics.NETCore.Client.dll
C:\Program Files\dotnet\sdk\7.0.302\Extensions\Microsoft.TestPlatform.Extensions.BlameDataCollector.dll
C:\Program Files\dotnet\sdk\7.0.302\Extensions\Microsoft.TestPlatform.Extensions.EventLogCollector.dll
C:\Program Files\dotnet\sdk\7.0.302\Extensions\Microsoft.TestPlatform.TestHostRuntimeProvider.dll
C:\Program Files\dotnet\sdk\7.0.302\Extensions\Microsoft.VisualStudio.TestPlatform.Extensions.Html.TestLogger.dll
C:\Program Files\dotnet\sdk\7.0.302\Extensions\Microsoft.VisualStudio.TestPlatform.Extensions.Trx.TestLogger.dll
TpTrace Verbose: 0 : 21916, 1, 2023/06/27, 15:07:01.583, 11075379911705, vstest.console.dll, TestPluginCache.GetExtensionPaths: Added unfilterableExtensionPaths: 
TpTrace Verbose: 0 : 21916, 1, 2023/06/27, 15:07:01.583, 11075379912257, vstest.console.dll, TestPluginCache.DiscoverTestExtensions: Discovering the extensions using allExtensionPaths: C:\Program Files\dotnet\sdk\7.0.302\Extensions\Microsoft.Diagnostics.NETCore.Client.dll
C:\Program Files\dotnet\sdk\7.0.302\Extensions\Microsoft.TestPlatform.Extensions.BlameDataCollector.dll
C:\Program Files\dotnet\sdk\7.0.302\Extensions\Microsoft.TestPlatform.Extensions.EventLogCollector.dll
C:\Program Files\dotnet\sdk\7.0.302\Extensions\Microsoft.TestPlatform.TestHostRuntimeProvider.dll
C:\Program Files\dotnet\sdk\7.0.302\Extensions\Microsoft.VisualStudio.TestPlatform.Extensions.Html.TestLogger.dll
C:\Program Files\dotnet\sdk\7.0.302\Extensions\Microsoft.VisualStudio.TestPlatform.Extensions.Trx.TestLogger.dll
TpTrace Information: 0 : 21916, 1, 2023/06/27, 15:07:01.583, 11075379913056, vstest.console.dll, AssemblyResolver.AddSearchDirectories: Adding more searchDirectories C:\Program Files\dotnet\sdk\7.0.302\Extensions,C:\Program Files\dotnet\sdk\7.0.302
TpTrace Information: 0 : 21916, 1, 2023/06/27, 15:07:01.583, 11075379913786, vstest.console.dll, AssemblyResolver.AddSearchDirectories: Adding more searchDirectories C:\Program Files\dotnet\sdk\7.0.302\Extensions,C:\Program Files\dotnet\sdk\7.0.302
TpTrace Information: 0 : 21916, 1, 2023/06/27, 15:07:01.583, 11075379914408, vstest.console.dll, AssemblyResolver.AddSearchDirectories: Adding more searchDirectories C:\Program Files\dotnet\sdk\7.0.302\Extensions,C:\Program Files\dotnet\sdk\7.0.302
TpTrace Information: 0 : 21916, 1, 2023/06/27, 15:07:01.583, 11075379914988, vstest.console.dll, AssemblyResolver.AddSearchDirectories: Adding more searchDirectories C:\Program Files\dotnet\sdk\7.0.302\Extensions,C:\Program Files\dotnet\sdk\7.0.302
TpTrace Information: 0 : 21916, 1, 2023/06/27, 15:07:01.583, 11075379915314, vstest.console.dll, AssemblyResolver.AddSearchDirectories: Adding more searchDirectories C:\Program Files\dotnet\sdk\7.0.302\Extensions,C:\Program Files\dotnet\sdk\7.0.302
TpTrace Information: 0 : 21916, 1, 2023/06/27, 15:07:01.583, 11075379915908, vstest.console.dll, AssemblyResolver.AddSearchDirectories: Adding more searchDirectories C:\Program Files\dotnet\sdk\7.0.302\Extensions,C:\Program Files\dotnet\sdk\7.0.302
TpTrace Verbose: 0 : 21916, 1, 2023/06/27, 15:07:01.583, 11075379917151, vstest.console.dll, MetadataReaderExtensionsHelper: Discovering extensions inside assembly 'Microsoft.Diagnostics.NETCore.Client, Version=0.2.6.42401, Culture=neutral, PublicKeyToken=31bf3856ad364e35' file path 'C:\Program Files\dotnet\sdk\7.0.302\Extensions\Microsoft.Diagnostics.NETCore.Client.dll'
TpTrace Information: 0 : 21916, 1, 2023/06/27, 15:07:01.584, 11075379926119, vstest.console.dll, AssemblyResolver.OnResolve: Microsoft.Bcl.AsyncInterfaces: Resolving assembly.
TpTrace Information: 0 : 21916, 1, 2023/06/27, 15:07:01.584, 11075379926606, vstest.console.dll, AssemblyResolver.OnResolve: Microsoft.Bcl.AsyncInterfaces: Resolved from cache.
TpTrace Verbose: 0 : 21916, 1, 2023/06/27, 15:07:01.584, 11075379926893, vstest.console.dll, CurrentDomainAssemblyResolve: Resolving assembly 'Microsoft.Bcl.AsyncInterfaces'.
TpTrace Information: 0 : 21916, 1, 2023/06/27, 15:07:01.584, 11075379927351, vstest.console.dll, AssemblyResolver.OnResolve: Microsoft.Bcl.AsyncInterfaces: Resolving assembly.
TpTrace Information: 0 : 21916, 1, 2023/06/27, 15:07:01.584, 11075379927636, vstest.console.dll, AssemblyResolver.OnResolve: Microsoft.Bcl.AsyncInterfaces: Resolved from cache.
TpTrace Verbose: 0 : 21916, 1, 2023/06/27, 15:07:01.584, 11075379927880, vstest.console.dll, CurrentDomainAssemblyResolve: Resolving assembly 'Microsoft.Bcl.AsyncInterfaces'.
TpTrace Verbose: 0 : 21916, 1, 2023/06/27, 15:07:01.584, 11075379928115, vstest.console.dll, CurrentDomainAssemblyResolve: Failed to resolve assembly 'Microsoft.Bcl.AsyncInterfaces'.
TpTrace Verbose: 0 : 21916, 1, 2023/06/27, 15:07:01.585, 11075379929635, vstest.console.dll, CurrentDomainAssemblyResolve: Failed to resolve assembly 'Microsoft.Bcl.AsyncInterfaces'.
TpTrace Warning: 0 : 21916, 1, 2023/06/27, 15:07:01.585, 11075379932443, vstest.console.dll, TestPluginDiscoverer: Failed to get types from assembly 'Microsoft.Diagnostics.NETCore.Client, Version=0.2.6.42401, Culture=neutral, PublicKeyToken=31bf3856ad364e35'. Error: System.Reflection.ReflectionTypeLoadException: Unable to load one or more of the requested types.
Could not load file or assembly 'Microsoft.Bcl.AsyncInterfaces, Version=1.0.0.0, Culture=neutral, PublicKeyToken=cc7b13ffcd2ddd51'. The system cannot find the file specified.
   at System.Reflection.RuntimeModule.GetTypes(RuntimeModule module)
   at System.Reflection.Assembly.GetTypes()
   at Microsoft.VisualStudio.TestPlatform.Common.ExtensionFramework.TestPluginDiscoverer.GetTestExtensionsFromAssembly[TPluginInfo,TExtension](Assembly assembly, Dictionary`2 pluginInfos, String filePath)
System.IO.FileNotFoundException: Could not load file or assembly 'Microsoft.Bcl.AsyncInterfaces, Version=1.0.0.0, Culture=neutral, PublicKeyToken=cc7b13ffcd2ddd51'. The system cannot find the file specified.
File name: 'Microsoft.Bcl.AsyncInterfaces, Version=1.0.0.0, Culture=neutral, PublicKeyToken=cc7b13ffcd2ddd51'
 ---> System.IO.FileNotFoundException: Could not load file or assembly 'Microsoft.Bcl.AsyncInterfaces, Culture=neutral, PublicKeyToken=null'. The system cannot find the file specified.
File name: 'Microsoft.Bcl.AsyncInterfaces, Culture=neutral, PublicKeyToken=null'
   at System.Reflection.RuntimeAssembly.InternalLoad(AssemblyName assemblyName, StackCrawlMark& stackMark, AssemblyLoadContext assemblyLoadContext, RuntimeAssembly requestingAssembly, Boolean throwOnFileNotFound)
   at System.Reflection.Assembly.Load(AssemblyName assemblyRef)
   at Microsoft.VisualStudio.TestPlatform.Common.ExtensionFramework.TestPluginCache.CurrentDomainAssemblyResolve(Object sender, AssemblyResolveEventArgs args)
   at System.Runtime.Loader.AssemblyLoadContext.GetFirstResolvedAssemblyFromResolvingEvent(AssemblyName assemblyName)
   at System.Runtime.Loader.AssemblyLoadContext.ResolveUsingEvent(AssemblyName assemblyName)
   at System.Runtime.Loader.AssemblyLoadContext.ResolveUsingResolvingEvent(IntPtr gchManagedAssemblyLoadContext, AssemblyName assemblyName)
TpTrace Warning: 0 : 21916, 1, 2023/06/27, 15:07:01.585, 11075379933774, vstest.console.dll, LoaderExceptions: System.IO.FileNotFoundException: Could not load file or assembly 'Microsoft.Bcl.AsyncInterfaces, Version=1.0.0.0, Culture=neutral, PublicKeyToken=cc7b13ffcd2ddd51'. The system cannot find the file specified.
File name: 'Microsoft.Bcl.AsyncInterfaces, Version=1.0.0.0, Culture=neutral, PublicKeyToken=cc7b13ffcd2ddd51'
 ---> System.IO.FileNotFoundException: Could not load file or assembly 'Microsoft.Bcl.AsyncInterfaces, Culture=neutral, PublicKeyToken=null'. The system cannot find the file specified.
File name: 'Microsoft.Bcl.AsyncInterfaces, Culture=neutral, PublicKeyToken=null'
   at System.Reflection.RuntimeAssembly.InternalLoad(AssemblyName assemblyName, StackCrawlMark& stackMark, AssemblyLoadContext assemblyLoadContext, RuntimeAssembly requestingAssembly, Boolean throwOnFileNotFound)
   at System.Reflection.Assembly.Load(AssemblyName assemblyRef)
   at Microsoft.VisualStudio.TestPlatform.Common.ExtensionFramework.TestPluginCache.CurrentDomainAssemblyResolve(Object sender, AssemblyResolveEventArgs args)
   at System.Runtime.Loader.AssemblyLoadContext.GetFirstResolvedAssemblyFromResolvingEvent(AssemblyName assemblyName)
   at System.Runtime.Loader.AssemblyLoadContext.ResolveUsingEvent(AssemblyName assemblyName)
   at System.Runtime.Loader.AssemblyLoadContext.ResolveUsingResolvingEvent(IntPtr gchManagedAssemblyLoadContext, AssemblyName assemblyName)
TpTrace Verbose: 0 : 21916, 1, 2023/06/27, 15:07:01.585, 11075379934487, vstest.console.dll, MetadataReaderExtensionsHelper: Discovering extensions inside assembly 'Microsoft.TestPlatform.Extensions.BlameDataCollector, Version=15.0.0.0, Culture=neutral, PublicKeyToken=b03f5f7f11d50a3a' file path 'C:\Program Files\dotnet\sdk\7.0.302\Extensions\Microsoft.TestPlatform.Extensions.BlameDataCollector.dll'
TpTrace Information: 0 : 21916, 1, 2023/06/27, 15:07:01.586, 11075379939711, vstest.console.dll, GetTestExtensionFromType: Register extension with identifier data 'logger://Microsoft/TestPlatform/Extensions/Blame/v1' and type 'Microsoft.TestPlatform.Extensions.BlameDataCollector.BlameLogger, Microsoft.TestPlatform.Extensions.BlameDataCollector, Version=15.0.0.0, Culture=neutral, PublicKeyToken=b03f5f7f11d50a3a' inside file 'C:\Program Files\dotnet\sdk\7.0.302\Extensions\Microsoft.TestPlatform.Extensions.BlameDataCollector.dll'
TpTrace Verbose: 0 : 21916, 1, 2023/06/27, 15:07:01.586, 11075379940225, vstest.console.dll, MetadataReaderExtensionsHelper: Discovering extensions inside assembly 'Microsoft.TestPlatform.Extensions.EventLogCollector, Version=15.0.0.0, Culture=neutral, PublicKeyToken=b03f5f7f11d50a3a' file path 'C:\Program Files\dotnet\sdk\7.0.302\Extensions\Microsoft.TestPlatform.Extensions.EventLogCollector.dll'
TpTrace Verbose: 0 : 21916, 1, 2023/06/27, 15:07:01.586, 11075379943688, vstest.console.dll, MetadataReaderExtensionsHelper: Discovering extensions inside assembly 'Microsoft.TestPlatform.TestHostRuntimeProvider, Version=15.0.0.0, Culture=neutral, PublicKeyToken=b03f5f7f11d50a3a' file path 'C:\Program Files\dotnet\sdk\7.0.302\Extensions\Microsoft.TestPlatform.TestHostRuntimeProvider.dll'
TpTrace Verbose: 0 : 21916, 1, 2023/06/27, 15:07:01.586, 11075379947237, vstest.console.dll, MetadataReaderExtensionsHelper: Discovering extensions inside assembly 'Microsoft.VisualStudio.TestPlatform.Extensions.Html.TestLogger, Version=15.0.0.0, Culture=neutral, PublicKeyToken=b03f5f7f11d50a3a' file path 'C:\Program Files\dotnet\sdk\7.0.302\Extensions\Microsoft.VisualStudio.TestPlatform.Extensions.Html.TestLogger.dll'
TpTrace Information: 0 : 21916, 1, 2023/06/27, 15:07:01.587, 11075379952336, vstest.console.dll, GetTestExtensionFromType: Register extension with identifier data 'logger://Microsoft/TestPlatform/HtmlLogger/v1' and type 'Microsoft.VisualStudio.TestPlatform.Extensions.HtmlLogger.HtmlLogger, Microsoft.VisualStudio.TestPlatform.Extensions.Html.TestLogger, Version=15.0.0.0, Culture=neutral, PublicKeyToken=b03f5f7f11d50a3a' inside file 'C:\Program Files\dotnet\sdk\7.0.302\Extensions\Microsoft.VisualStudio.TestPlatform.Extensions.Html.TestLogger.dll'
TpTrace Verbose: 0 : 21916, 1, 2023/06/27, 15:07:01.587, 11075379952915, vstest.console.dll, MetadataReaderExtensionsHelper: Discovering extensions inside assembly 'Microsoft.VisualStudio.TestPlatform.Extensions.Trx.TestLogger, Version=15.0.0.0, Culture=neutral, PublicKeyToken=b03f5f7f11d50a3a' file path 'C:\Program Files\dotnet\sdk\7.0.302\Extensions\Microsoft.VisualStudio.TestPlatform.Extensions.Trx.TestLogger.dll'
TpTrace Information: 0 : 21916, 1, 2023/06/27, 15:07:01.587, 11075379956815, vstest.console.dll, GetTestExtensionFromType: Register extension with identifier data 'logger://Microsoft/TestPlatform/TrxLogger/v1' and type 'Microsoft.VisualStudio.TestPlatform.Extensions.TrxLogger.TrxLogger, Microsoft.VisualStudio.TestPlatform.Extensions.Trx.TestLogger, Version=15.0.0.0, Culture=neutral, PublicKeyToken=b03f5f7f11d50a3a' inside file 'C:\Program Files\dotnet\sdk\7.0.302\Extensions\Microsoft.VisualStudio.TestPlatform.Extensions.Trx.TestLogger.dll'
TpTrace Verbose: 0 : 21916, 1, 2023/06/27, 15:07:01.587, 11075379957536, vstest.console.dll, TestPluginCache: Discovered the extensions using extension path ''.
TpTrace Verbose: 0 : 21916, 1, 2023/06/27, 15:07:01.587, 11075379957857, vstest.console.dll, TestPluginCache: Discoverers are ''.
TpTrace Verbose: 0 : 21916, 1, 2023/06/27, 15:07:01.587, 11075379958181, vstest.console.dll, TestPluginCache: Executors are ''.
TpTrace Verbose: 0 : 21916, 1, 2023/06/27, 15:07:01.587, 11075379958409, vstest.console.dll, TestPluginCache: Executors2 are ''.
TpTrace Verbose: 0 : 21916, 1, 2023/06/27, 15:07:01.587, 11075379958626, vstest.console.dll, TestPluginCache: Setting providers are ''.
TpTrace Verbose: 0 : 21916, 1, 2023/06/27, 15:07:01.588, 11075379959147, vstest.console.dll, TestPluginCache: Loggers are 'logger://Microsoft/TestPlatform/Extensions/Blame/v1,logger://Microsoft/TestPlatform/HtmlLogger/v1,logger://Microsoft/TestPlatform/TrxLogger/v1'.
TpTrace Verbose: 0 : 21916, 1, 2023/06/27, 15:07:01.588, 11075379959604, vstest.console.dll, TestPluginCache: TestHosts are 'HostProvider://DefaultTestHost,HostProvider://DotnetTestHost'.
TpTrace Verbose: 0 : 21916, 1, 2023/06/27, 15:07:01.588, 11075379959873, vstest.console.dll, TestPluginCache: DataCollectors are ''.
TpTrace Information: 0 : 21916, 1, 2023/06/27, 15:07:01.588, 11075379967108, vstest.console.dll, TestPluginManager.CreateTestExtension: Attempting to load test extension: Microsoft.TestPlatform.Extensions.BlameDataCollector.BlameLogger
TpTrace Verbose: 0 : 21916, 1, 2023/06/27, 15:07:01.595, 11075380033032, vstest.console.dll, TestEngine: Initializing Parallel Execution as MaxCpuCount is set to: 1
TpTrace Information: 0 : 21916, 1, 2023/06/27, 15:07:01.597, 11075380051295, vstest.console.dll, TestPluginManager.CreateTestExtension: Attempting to load test extension: Microsoft.VisualStudio.TestPlatform.CrossPlatEngine.Hosting.DefaultTestHostManager
TpTrace Information: 0 : 21916, 1, 2023/06/27, 15:07:01.598, 11075380062767, vstest.console.dll, TestPluginManager.CreateTestExtension: Attempting to load test extension: Microsoft.VisualStudio.TestPlatform.CrossPlatEngine.Hosting.DotnetTestHostManager
TpTrace Information: 0 : 21916, 1, 2023/06/27, 15:07:01.599, 11075380068777, vstest.console.dll, InferRunSettingsHelper.IsTestSettingsEnabled: Unable to navigate to RunSettings/MSTest. Current node: RunSettings
TpTrace Verbose: 0 : 21916, 1, 2023/06/27, 15:07:01.603, 11075380113354, vstest.console.dll, TestEngine.GetExecutionManager: Chosen execution manager 'Microsoft.VisualStudio.TestPlatform.CrossPlatEngine.Client.Parallel.ParallelProxyExecutionManager, Microsoft.TestPlatform.CrossPlatEngine, Version=15.0.0.0, Culture=neutral, PublicKeyToken=b03f5f7f11d50a3a' ParallelLevel '1'.
TpTrace Verbose: 0 : 21916, 1, 2023/06/27, 15:07:01.603, 11075380114841, vstest.console.dll, TestRunRequest.ExecuteAsync: Creating test run request.
TpTrace Verbose: 0 : 21916, 1, 2023/06/27, 15:07:01.603, 11075380116937, vstest.console.dll, TestRunRequest.ExecuteAsync: Starting.
TpTrace Information: 0 : 21916, 1, 2023/06/27, 15:07:01.604, 11075380119468, vstest.console.dll, TestRunRequest.ExecuteAsync: Starting run with settings:TestRunCriteria:
   KeepAlive=False,FrequencyOfRunStatsChangeEvent=10,RunStatsChangeEventTimeout=00:00:01.5000000,TestCaseFilter=,TestExecutorLauncher=
   Settingsxml=<RunSettings>
  <RunConfiguration>
    <ResultsDirectory>C:\Users\PC\source\repos\WebApplication1\TestProject1\bin\Debug\net6.0\fine-code-coverage\coverage-tool-output</ResultsDirectory>
    <TargetPlatform>X64</TargetPlatform>
    <TargetFrameworkVersion>.NETCoreApp,Version=v6.0</TargetFrameworkVersion>
    <DesignMode>False</DesignMode>
    <CollectSourceInformation>False</CollectSourceInformation>
  </RunConfiguration>
  <LoggerRunSettings>
    <Loggers>
      <Logger friendlyName="blame" enabled="True" />
      <Logger friendlyName="Console" uri="logger://microsoft/TestPlatform/ConsoleLogger/v1" assemblyQualifiedName="Microsoft.VisualStudio.TestPlatform.CommandLine.Internal.ConsoleLogger, vstest.console, Version=15.0.0.0, Culture=neutral, PublicKeyToken=b03f5f7f11d50a3a" codeBase="C:\Program Files\dotnet\sdk\7.0.302\vstest.console.dll" enabled="True" />
    </Loggers>
  </LoggerRunSettings>
  <DataCollectionRunSettings>
    <DataCollectors>
      <DataCollector friendlyName="blame" enabled="True">
        <Configuration>
          <ResultsDirectory>C:\Users\PC\source\repos\WebApplication1\TestProject1\bin\Debug\net6.0\fine-code-coverage\coverage-tool-output</ResultsDirectory>
        </Configuration>
      </DataCollector>
    </DataCollectors>
  </DataCollectionRunSettings>
</RunSettings>

TpTrace Verbose: 0 : 21916, 1, 2023/06/27, 15:07:01.604, 11075380119932, vstest.console.dll, TestRunRequest.ExecuteAsync: Wait for the first run request is over.
TpTrace Verbose: 0 : 21916, 1, 2023/06/27, 15:07:01.604, 11075380122472, vstest.console.dll, MulticastDelegateUtilities.SafeInvoke: TestRun.TestRunStart: Invoking callbacks was skipped because there are no subscribers.
TpTrace Verbose: 0 : 21916, 4, 2023/06/27, 15:07:01.604, 11075380124588, vstest.console.dll, MulticastDelegateUtilities.SafeInvoke: InternalTestLoggerEvents.SendTestRunStart: Invoking callback 1/1 for Microsoft.VisualStudio.TestPlatform.CommandLine.Internal.ConsoleLogger., took 0 ms.
TpTrace Verbose: 0 : 21916, 1, 2023/06/27, 15:07:01.605, 11075380134827, vstest.console.dll, ParallelProxyExecutionManager: Start execution. Total sources: 1
TpTrace Verbose: 0 : 21916, 1, 2023/06/27, 15:07:01.607, 11075380152217, vstest.console.dll, TestRequestSender is acting as server.
TpTrace Verbose: 0 : 21916, 1, 2023/06/27, 15:07:01.609, 11075380174388, vstest.console.dll, ParallelOperationManager.RunWorkInParallel: Started work on a host.
TpTrace Verbose: 0 : 21916, 1, 2023/06/27, 15:07:01.610, 11075380183311, vstest.console.dll, ProxyParallelExecutionManager: No sources available for execution.
TpTrace Information: 0 : 21916, 1, 2023/06/27, 15:07:01.610, 11075380184138, vstest.console.dll, TestRunRequest.ExecuteAsync: Started.
TpTrace Verbose: 0 : 21916, 5, 2023/06/27, 15:07:01.610, 11075380185140, vstest.console.dll, DataCollectionRequestSender.InitializeCommunication : Initialize communication. 
TpTrace Verbose: 0 : 21916, 1, 2023/06/27, 15:07:01.610, 11075380185198, vstest.console.dll, TestRunRequest.WaitForCompletion: Waiting with timeout -1.
TpTrace Information: 0 : 21916, 5, 2023/06/27, 15:07:01.614, 11075380226726, vstest.console.dll, Listening on Endpoint : 127.0.0.1:56064
TpTrace Verbose: 0 : 21916, 5, 2023/06/27, 15:07:01.620, 11075380288190, vstest.console.dll, DotnetDataCollectionLauncher: Adding  --runtimeconfig "C:\Program Files\dotnet\sdk\7.0.302\datacollector.runtimeconfig.json" in args
TpTrace Verbose: 0 : 21916, 5, 2023/06/27, 15:07:01.621, 11075380289212, vstest.console.dll, DotnetDataCollectionLauncher: Adding  --depsfile "C:\Program Files\dotnet\sdk\7.0.302\datacollector.deps.json" in args
TpTrace Verbose: 0 : 21916, 5, 2023/06/27, 15:07:01.621, 11075380291101, vstest.console.dll, DotnetDataCollectionLauncher: Full path of dotnet.exe is C:\Program Files\dotnet\dotnet.exe
TpTrace Information: 0 : 21916, 5, 2023/06/27, 15:07:01.626, 11075380343724, vstest.console.dll, ProxyDataCollectionManager.Initialize: Launched datacollector processId: 16764 port: 56064
TpTrace Information: 0 : 21916, 5, 2023/06/27, 15:07:01.626, 11075380345174, vstest.console.dll, ProxyDataCollectionManager.Initialize: waiting for connection with timeout: 90 seconds
TpTrace Verbose: 0 : 21916, 5, 2023/06/27, 15:07:01.626, 11075380345922, vstest.console.dll, DataCollectionRequestSender.WaitForRequestHandlerConnection : Waiting for connection with timeout: 90000
TpTrace Information: 0 : 21916, 7, 2023/06/27, 15:07:01.759, 11075381672147, vstest.console.dll, Using the buffer size of 16384 bytes
TpTrace Verbose: 0 : 21916, 5, 2023/06/27, 15:07:01.759, 11075381672466, vstest.console.dll, SocketCommunicationManager.WaitForClientConnection took: 132 ms, with 90000 ms timeout, and finished with True.
TpTrace Information: 0 : 21916, 7, 2023/06/27, 15:07:01.759, 11075381673499, vstest.console.dll, Accepted Client request and set the flag
TpTrace Verbose: 0 : 21916, 5, 2023/06/27, 15:07:01.759, 11075381674702, vstest.console.dll, ProxyDataCollectionManager.InvokeDataCollectionServiceAction: Starting.
TpTrace Information: 0 : 21916, 5, 2023/06/27, 15:07:01.759, 11075381675443, vstest.console.dll, ProxyDataCollectionManager.BeforeTestRunStart: Get environment variable and port for datacollector processId: 16764 port: 56064
TpTrace Verbose: 0 : 21916, 5, 2023/06/27, 15:07:01.759, 11075381676354, vstest.console.dll, DataCollectionRequestSender.SendBeforeTestRunStartAndGetResult: Send BeforeTestRunStart message with settingsXml <RunSettings><RunConfiguration><ResultsDirectory>C:\Users\PC\source\repos\WebApplication1\TestProject1\bin\Debug\net6.0\fine-code-coverage\coverage-tool-output</ResultsDirectory><TargetPlatform>X64</TargetPlatform><TargetFrameworkVersion>.NETCoreApp,Version=v6.0</TargetFrameworkVersion><DesignMode>False</DesignMode><CollectSourceInformation>False</CollectSourceInformation><TestAdaptersPaths>C:\Program Files\dotnet\sdk\7.0.302\Extensions</TestAdaptersPaths></RunConfiguration><LoggerRunSettings><Loggers><Logger friendlyName="blame" enabled="True" /><Logger friendlyName="Console" uri="logger://microsoft/TestPlatform/ConsoleLogger/v1" assemblyQualifiedName="Microsoft.VisualStudio.TestPlatform.CommandLine.Internal.ConsoleLogger, vstest.console, Version=15.0.0.0, Culture=neutral, PublicKeyToken=b03f5f7f11d50a3a" codeBase="C:\Program Files\dotnet\sdk\7.0.302\vstest.console.dll" enabled="True" /></Loggers></LoggerRunSettings><DataCollectionRunSettings><DataCollectors><DataCollector friendlyName="blame" enabled="True"><Configuration><ResultsDirectory>C:\Users\PC\source\repos\WebApplication1\TestProject1\bin\Debug\net6.0\fine-code-coverage\coverage-tool-output</ResultsDirectory></Configuration></DataCollector></DataCollectors></DataCollectionRunSettings></RunSettings> and sources System.Collections.Generic.List`1[System.String]: 
TpTrace Verbose: 0 : 21916, 5, 2023/06/27, 15:07:01.832, 11075382406067, vstest.console.dll, DataCollectionRequestSender.SendBeforeTestRunStartAndGetResult: Received message: (DataCollection.SendMessage) -> {"MessageType":"DataCollection.SendMessage","Payload":{"FriendlyName":null,"Uri":null,"TestCaseId":"00000000-0000-0000-0000-000000000000","Message":"Logging DataCollector Diagnostics in file: C:\\Users\\PC\\source\\repos\\WebApplication1\\TestProject1\\bin\\Debug\\net6.0\\fine-code-coverage\\coverage-tool-output\\diagnostics.datacollector.23-06-27_15-07-01_62076_5.log","Level":0}}
TpTrace Verbose: 0 : 21916, 5, 2023/06/27, 15:07:01.908, 11075383161246, vstest.console.dll, DataCollectionRequestSender.SendBeforeTestRunStartAndGetResult: Received message: (DataCollection.BeforeTestRunStartResult) -> {"MessageType":"DataCollection.BeforeTestRunStartResult","Payload":{"EnvironmentVariables":{},"DataCollectionEventsPort":56066}}
TpTrace Information: 0 : 21916, 5, 2023/06/27, 15:07:01.912, 11075383203346, vstest.console.dll, ProxyDataCollectionManager.BeforeTestRunStart: SendBeforeTestRunStartAndGetResult successful, env variable from datacollector:   and testhost port: 56066
TpTrace Information: 0 : 21916, 5, 2023/06/27, 15:07:01.912, 11075383204010, vstest.console.dll, ProxyDataCollectionManager.InvokeDataCollectionServiceAction: Completed.
TpTrace Verbose: 0 : 21916, 5, 2023/06/27, 15:07:01.912, 11075383204809, vstest.console.dll, ProxyExecutionManager: Test host is always Lazy initialize.
TpTrace Verbose: 0 : 21916, 5, 2023/06/27, 15:07:01.912, 11075383207120, vstest.console.dll, TestRequestSender.InitializeCommunication: initialize communication. 
TpTrace Information: 0 : 21916, 5, 2023/06/27, 15:07:01.913, 11075383211608, vstest.console.dll, SocketServer.Start: Listening on endpoint : 127.0.0.1:56067
TpTrace Verbose: 0 : 21916, 5, 2023/06/27, 15:07:01.914, 11075383219075, vstest.console.dll, DotnetTestHostmanager.GetTestHostProcessStartInfo: Platform environment 'X64' target architecture 'X64' framework '.NETCoreApp,Version=v6.0' OS 'Windows'
TpTrace Verbose: 0 : 21916, 5, 2023/06/27, 15:07:01.914, 11075383220843, vstest.console.dll, DotnetTestHostmanager: Adding  --runtimeconfig "C:\Users\PC\source\repos\WebApplication1\TestProject1\bin\Debug\net6.0\fine-code-coverage\build-output\UnitTests.runtimeconfig.json" in args
TpTrace Verbose: 0 : 21916, 5, 2023/06/27, 15:07:01.914, 11075383221648, vstest.console.dll, DotnetTestHostmanager: Adding  --depsfile "C:\Users\PC\source\repos\WebApplication1\TestProject1\bin\Debug\net6.0\fine-code-coverage\build-output\UnitTests.deps.json" in args
TpTrace Verbose: 0 : 21916, 5, 2023/06/27, 15:07:01.914, 11075383223007, vstest.console.dll, DotnetTestHostmanager.IsWinOnArm: Current PROCESSOR_ARCHITECTURE from environment variable 'AMD64'
TpTrace Verbose: 0 : 21916, 5, 2023/06/27, 15:07:01.914, 11075383223492, vstest.console.dll, DotnetTestHostmanager.IsWinOnArm: Is Windows on ARM 'False'
TpTrace Verbose: 0 : 21916, 5, 2023/06/27, 15:07:01.914, 11075383224171, vstest.console.dll, DotnetTestHostManager: testhost.exe found at path: C:\Users\PC\source\repos\WebApplication1\TestProject1\bin\Debug\net6.0\fine-code-coverage\build-output\testhost.exe
TpTrace Verbose: 0 : 21916, 5, 2023/06/27, 15:07:01.914, 11075383224593, vstest.console.dll, DotnetTestHostmanager: Full path of host exe is C:\Users\PC\source\repos\WebApplication1\TestProject1\bin\Debug\net6.0\fine-code-coverage\build-output\testhost.exe
TpTrace Verbose: 0 : 21916, 5, 2023/06/27, 15:07:01.914, 11075383225702, vstest.console.dll, DotnetTestHostmanager.LaunchTestHostAsync: Found 'VSTEST_WINAPPHOST_DOTNET_ROOT' in env variables, value 'C:\Program Files\dotnet', forwarding to 'DOTNET_ROOT'
TpTrace Verbose: 0 : 21916, 5, 2023/06/27, 15:07:01.914, 11075383227156, vstest.console.dll, DotnetTestHostManager: Starting process 'C:\Users\PC\source\repos\WebApplication1\TestProject1\bin\Debug\net6.0\fine-code-coverage\build-output\testhost.exe' with command line ' --runtimeconfig "C:\Users\PC\source\repos\WebApplication1\TestProject1\bin\Debug\net6.0\fine-code-coverage\build-output\UnitTests.runtimeconfig.json" --depsfile "C:\Users\PC\source\repos\WebApplication1\TestProject1\bin\Debug\net6.0\fine-code-coverage\build-output\UnitTests.deps.json" --port 56067 --endpoint 127.0.0.1:056067 --role client --parentprocessid 21916 --diag "C:\Users\PC\source\repos\WebApplication1\TestProject1\bin\Debug\net6.0\fine-code-coverage\coverage-tool-output\diagnostics.host.23-06-27_15-07-01_91368_5.log" --tracelevel 4 --datacollectionport 56066 --telemetryoptedin false'
TpTrace Verbose: 0 : 21916, 5, 2023/06/27, 15:07:01.920, 11075383285914, vstest.console.dll, MulticastDelegateUtilities.SafeInvoke: HostProviderEvents.OnHostLaunched: Invoking callback 1/2 for Microsoft.VisualStudio.TestPlatform.CrossPlatEngine.Client.ProxyExecutionManagerWithDataCollection., took 1 ms.
TpTrace Verbose: 0 : 21916, 5, 2023/06/27, 15:07:01.920, 11075383288107, vstest.console.dll, Test Runtime launched
TpTrace Verbose: 0 : 21916, 5, 2023/06/27, 15:07:01.920, 11075383288624, vstest.console.dll, MulticastDelegateUtilities.SafeInvoke: HostProviderEvents.OnHostLaunched: Invoking callback 2/2 for Microsoft.VisualStudio.TestPlatform.CrossPlatEngine.Client.ProxyOperationManager., took 0 ms.
TpTrace Verbose: 0 : 21916, 5, 2023/06/27, 15:07:01.921, 11075383290001, vstest.console.dll, TestRequestSender.WaitForRequestHandlerConnection: waiting for connection with timeout: 90000.
TpTrace Verbose: 0 : 21916, 5, 2023/06/27, 15:07:02.043, 11075384513227, vstest.console.dll, TestRequestSender.WaitForRequestHandlerConnection: waiting took 122 ms, with timeout 90000 ms, and result 0, which is success.
TpTrace Verbose: 0 : 21916, 7, 2023/06/27, 15:07:02.043, 11075384513228, vstest.console.dll, MulticastDelegateUtilities.SafeInvoke: SocketServer: ClientConnected: Invoking callback 1/1 for Microsoft.VisualStudio.TestPlatform.CommunicationUtilities.TestRequestSender., took 0 ms.
TpTrace Verbose: 0 : 21916, 7, 2023/06/27, 15:07:02.043, 11075384514741, vstest.console.dll, SocketServer.OnClientConnected: Client connected for endPoint: 127.0.0.1:56067, starting MessageLoopAsync:
TpTrace Verbose: 0 : 21916, 13, 2023/06/27, 15:07:02.043, 11075384517268, vstest.console.dll, TcpClientExtensions.MessageLoopAsync: Polling on remoteEndPoint: 127.0.0.1:56068 localEndPoint: 127.0.0.1:56067
TpTrace Verbose: 0 : 21916, 5, 2023/06/27, 15:07:02.044, 11075384522108, vstest.console.dll, TestRequestSender.CheckVersionWithTestHost: Sending check version message: {"MessageType":"ProtocolVersion","Payload":7}
TpTrace Verbose: 0 : 21916, 13, 2023/06/27, 15:07:02.163, 11075385708880, vstest.console.dll, TcpClientExtensions.MessageLoopAsync: NotifyDataAvailable remoteEndPoint: 127.0.0.1:56068 localEndPoint: 127.0.0.1:56067
TpTrace Verbose: 0 : 21916, 13, 2023/06/27, 15:07:02.163, 11075385710716, vstest.console.dll, TestRequestSender.CheckVersionWithTestHost: onMessageReceived received message: (ProtocolVersion) -> {"MessageType":"ProtocolVersion","Payload":5}
TpTrace Verbose: 0 : 21916, 13, 2023/06/27, 15:07:02.163, 11075385716722, vstest.console.dll, MulticastDelegateUtilities.SafeInvoke: LengthPrefixCommunicationChannel: MessageReceived: Invoking callback 1/1 for Microsoft.VisualStudio.TestPlatform.CommunicationUtilities.TestRequestSender+<>c__DisplayClass29_0., took 0 ms.
TpTrace Verbose: 0 : 21916, 13, 2023/06/27, 15:07:02.163, 11075385717512, vstest.console.dll, TcpClientExtensions.MessageLoopAsync: Polling on remoteEndPoint: 127.0.0.1:56068 localEndPoint: 127.0.0.1:56067
TpTrace Verbose: 0 : 21916, 5, 2023/06/27, 15:07:02.163, 11075385717492, vstest.console.dll, TestPluginCache.GetExtensionPaths: Filtered extension paths: 
TpTrace Verbose: 0 : 21916, 5, 2023/06/27, 15:07:02.163, 11075385718467, vstest.console.dll, TestPluginCache.GetExtensionPaths: Added default extension paths: C:\Program Files\dotnet\sdk\7.0.302\Extensions\Microsoft.Diagnostics.NETCore.Client.dll
C:\Program Files\dotnet\sdk\7.0.302\Extensions\Microsoft.TestPlatform.Extensions.BlameDataCollector.dll
C:\Program Files\dotnet\sdk\7.0.302\Extensions\Microsoft.TestPlatform.Extensions.EventLogCollector.dll
C:\Program Files\dotnet\sdk\7.0.302\Extensions\Microsoft.TestPlatform.TestHostRuntimeProvider.dll
C:\Program Files\dotnet\sdk\7.0.302\Extensions\Microsoft.VisualStudio.TestPlatform.Extensions.Html.TestLogger.dll
C:\Program Files\dotnet\sdk\7.0.302\Extensions\Microsoft.VisualStudio.TestPlatform.Extensions.Trx.TestLogger.dll
TpTrace Verbose: 0 : 21916, 5, 2023/06/27, 15:07:02.164, 11075385718854, vstest.console.dll, TestPluginCache.GetExtensionPaths: Added unfilterableExtensionPaths: 
TpTrace Verbose: 0 : 21916, 5, 2023/06/27, 15:07:02.166, 11075385744400, vstest.console.dll, TestRequestSender.InitializeExecution: Sending initialize execution with message: {"Version":5,"MessageType":"TestExecution.Initialize","Payload":["C:\\Users\\PC\\source\\repos\\WebApplication1\\TestProject1\\bin\\Debug\\net6.0\\fine-code-coverage\\build-output\\NUnit3.TestAdapter.dll"]}
TpTrace Verbose: 0 : 21916, 5, 2023/06/27, 15:07:02.166, 11075385745871, vstest.console.dll, ParallelProxyExecutionManager: Execution started. Started clients: 1
TpTrace Verbose: 0 : 21916, 5, 2023/06/27, 15:07:02.166, 11075385748224, vstest.console.dll, TestRunRequest:SendTestRunMessage: Starting.
TpTrace Verbose: 0 : 21916, 5, 2023/06/27, 15:07:02.167, 11075385749526, vstest.console.dll, MulticastDelegateUtilities.SafeInvoke: TestRun.LogMessages: Invoking callback 1/1 for Microsoft.VisualStudio.TestPlatform.CommandLine.TestRunResultAggregator., took 0 ms.
TpTrace Information: 0 : 21916, 5, 2023/06/27, 15:07:02.167, 11075385749886, vstest.console.dll, TestRunRequest:SendTestRunMessage: Completed.
TpTrace Verbose: 0 : 21916, 4, 2023/06/27, 15:07:02.167, 11075385751157, vstest.console.dll, MulticastDelegateUtilities.SafeInvoke: InternalTestLoggerEvents.SendTestRunMessage: Invoking callback 1/1 for Microsoft.VisualStudio.TestPlatform.CommandLine.Internal.ConsoleLogger., took 0 ms.
TpTrace Warning: 0 : 21916, 5, 2023/06/27, 15:07:02.167, 11075385752996, vstest.console.dll, InferRunSettingsHelper.MakeRunsettingsCompatible: Removing the following settings: TargetPlatform from RunSettings file. To use those settings please move to latest version of Microsoft.NET.Test.Sdk
TpTrace Verbose: 0 : 21916, 13, 2023/06/27, 15:07:02.172, 11075385807061, vstest.console.dll, TcpClientExtensions.MessageLoopAsync: NotifyDataAvailable remoteEndPoint: 127.0.0.1:56068 localEndPoint: 127.0.0.1:56067
TpTrace Verbose: 0 : 21916, 13, 2023/06/27, 15:07:02.173, 11075385808867, vstest.console.dll, TestRequestSender.OnExecutionMessageReceived: Received message: {"Version":5,"MessageType":"TestSession.Message","Payload":{"MessageLevel":0,"Message":"Logging TestHost Diagnostics in file: C:\\Users\\PC\\source\\repos\\WebApplication1\\TestProject1\\bin\\Debug\\net6.0\\fine-code-coverage\\coverage-tool-output\\diagnostics.host.23-06-27_15-07-01_91368_5.log"}}
TpTrace Verbose: 0 : 21916, 13, 2023/06/27, 15:07:02.175, 11075385829106, vstest.console.dll, TestRunRequest:SendTestRunMessage: Starting.
TpTrace Verbose: 0 : 21916, 13, 2023/06/27, 15:07:02.175, 11075385830363, vstest.console.dll, MulticastDelegateUtilities.SafeInvoke: TestRun.LogMessages: Invoking callback 1/1 for Microsoft.VisualStudio.TestPlatform.CommandLine.TestRunResultAggregator., took 0 ms.
TpTrace Information: 0 : 21916, 13, 2023/06/27, 15:07:02.175, 11075385831441, vstest.console.dll, TestRunRequest:SendTestRunMessage: Completed.
TpTrace Verbose: 0 : 21916, 4, 2023/06/27, 15:07:02.175, 11075385830635, vstest.console.dll, MulticastDelegateUtilities.SafeInvoke: InternalTestLoggerEvents.SendTestRunMessage: Invoking callback 1/1 for Microsoft.VisualStudio.TestPlatform.CommandLine.Internal.ConsoleLogger., took 0 ms.
TpTrace Verbose: 0 : 21916, 13, 2023/06/27, 15:07:02.175, 11075385831923, vstest.console.dll, MulticastDelegateUtilities.SafeInvoke: LengthPrefixCommunicationChannel: MessageReceived: Invoking callback 1/1 for Microsoft.VisualStudio.TestPlatform.CommunicationUtilities.TestRequestSender+<>c__DisplayClass34_0., took 2 ms.
TpTrace Verbose: 0 : 21916, 13, 2023/06/27, 15:07:02.175, 11075385832771, vstest.console.dll, TcpClientExtensions.MessageLoopAsync: Polling on remoteEndPoint: 127.0.0.1:56068 localEndPoint: 127.0.0.1:56067
TpTrace Verbose: 0 : 21916, 5, 2023/06/27, 15:07:02.176, 11075385847725, vstest.console.dll, TestRequestSender.StartTestRun: Sending test run with message: {"Version":5,"MessageType":"TestExecution.StartWithSources","Payload":{"AdapterSourceMap":{"_none_":["C:\\Users\\PC\\source\\repos\\WebApplication1\\TestProject1\\bin\\Debug\\net6.0\\fine-code-coverage\\build-output\\UnitTests.dll"]},"RunSettings":"<RunSettings>\r\n  <RunConfiguration>\r\n    <ResultsDirectory>C:\\Users\\PC\\source\\repos\\WebApplication1\\TestProject1\\bin\\Debug\\net6.0\\fine-code-coverage\\coverage-tool-output</ResultsDirectory>\r\n    <TargetFrameworkVersion>.NETCoreApp,Version=v6.0</TargetFrameworkVersion>\r\n    <DesignMode>False</DesignMode>\r\n    <CollectSourceInformation>False</CollectSourceInformation>\r\n  </RunConfiguration>\r\n  <LoggerRunSettings>\r\n    <Loggers>\r\n      <Logger friendlyName=\"blame\" enabled=\"True\" />\r\n      <Logger friendlyName=\"Console\" uri=\"logger://microsoft/TestPlatform/ConsoleLogger/v1\" assemblyQualifiedName=\"Microsoft.VisualStudio.TestPlatform.CommandLine.Internal.ConsoleLogger, vstest.console, Version=15.0.0.0, Culture=neutral, PublicKeyToken=b03f5f7f11d50a3a\" codeBase=\"C:\\Program Files\\dotnet\\sdk\\7.0.302\\vstest.console.dll\" enabled=\"True\" />\r\n    </Loggers>\r\n  </LoggerRunSettings>\r\n  <DataCollectionRunSettings>\r\n    <DataCollectors>\r\n      <DataCollector friendlyName=\"blame\" enabled=\"True\">\r\n        <Configuration>\r\n          <ResultsDirectory>C:\\Users\\PC\\source\\repos\\WebApplication1\\TestProject1\\bin\\Debug\\net6.0\\fine-code-coverage\\coverage-tool-output</ResultsDirectory>\r\n        </Configuration>\r\n      </DataCollector>\r\n    </DataCollectors>\r\n  </DataCollectionRunSettings>\r\n</RunSettings>","TestExecutionContext":{"FrequencyOfRunStatsChangeEvent":10,"RunStatsChangeEventTimeout":"00:00:01.5000000","InIsolation":false,"KeepAlive":false,"AreTestCaseLevelEventsRequired":false,"IsDebug":false,"TestCaseFilter":null,"FilterOptions":null},"Package":null}}
TpTrace Verbose: 0 : 21916, 13, 2023/06/27, 15:07:02.316, 11075387247985, vstest.console.dll, TcpClientExtensions.MessageLoopAsync: NotifyDataAvailable remoteEndPoint: 127.0.0.1:56068 localEndPoint: 127.0.0.1:56067
TpTrace Verbose: 0 : 21916, 13, 2023/06/27, 15:07:02.317, 11075387251194, vstest.console.dll, TestRequestSender.OnExecutionMessageReceived: Received message: {"Version":5,"MessageType":"TestSession.Message","Payload":{"MessageLevel":0,"Message":"NUnit Adapter 4.2.0.0: Test execution started"}}
TpTrace Verbose: 0 : 21916, 13, 2023/06/27, 15:07:02.317, 11075387253316, vstest.console.dll, TestRunRequest:SendTestRunMessage: Starting.
TpTrace Verbose: 0 : 21916, 13, 2023/06/27, 15:07:02.317, 11075387253901, vstest.console.dll, MulticastDelegateUtilities.SafeInvoke: TestRun.LogMessages: Invoking callback 1/1 for Microsoft.VisualStudio.TestPlatform.CommandLine.TestRunResultAggregator., took 0 ms.
TpTrace Verbose: 0 : 21916, 4, 2023/06/27, 15:07:02.317, 11075387254111, vstest.console.dll, MulticastDelegateUtilities.SafeInvoke: InternalTestLoggerEvents.SendTestRunMessage: Invoking callback 1/1 for Microsoft.VisualStudio.TestPlatform.CommandLine.Internal.ConsoleLogger., took 0 ms.
TpTrace Information: 0 : 21916, 13, 2023/06/27, 15:07:02.317, 11075387254199, vstest.console.dll, TestRunRequest:SendTestRunMessage: Completed.
TpTrace Verbose: 0 : 21916, 13, 2023/06/27, 15:07:02.317, 11075387255280, vstest.console.dll, MulticastDelegateUtilities.SafeInvoke: LengthPrefixCommunicationChannel: MessageReceived: Invoking callback 1/1 for Microsoft.VisualStudio.TestPlatform.CommunicationUtilities.TestRequestSender+<>c__DisplayClass34_0., took 0 ms.
TpTrace Verbose: 0 : 21916, 13, 2023/06/27, 15:07:02.317, 11075387255583, vstest.console.dll, TcpClientExtensions.MessageLoopAsync: Polling on remoteEndPoint: 127.0.0.1:56068 localEndPoint: 127.0.0.1:56067
TpTrace Verbose: 0 : 21916, 13, 2023/06/27, 15:07:02.344, 11075387527331, vstest.console.dll, TcpClientExtensions.MessageLoopAsync: NotifyDataAvailable remoteEndPoint: 127.0.0.1:56068 localEndPoint: 127.0.0.1:56067
TpTrace Verbose: 0 : 21916, 13, 2023/06/27, 15:07:02.344, 11075387528553, vstest.console.dll, TestRequestSender.OnExecutionMessageReceived: Received message: {"Version":5,"MessageType":"TestSession.Message","Payload":{"MessageLevel":0,"Message":"Running all tests in C:\\Users\\PC\\source\\repos\\WebApplication1\\TestProject1\\bin\\Debug\\net6.0\\fine-code-coverage\\build-output\\UnitTests.dll"}}
TpTrace Verbose: 0 : 21916, 13, 2023/06/27, 15:07:02.345, 11075387529779, vstest.console.dll, TestRunRequest:SendTestRunMessage: Starting.
TpTrace Verbose: 0 : 21916, 13, 2023/06/27, 15:07:02.345, 11075387530406, vstest.console.dll, MulticastDelegateUtilities.SafeInvoke: TestRun.LogMessages: Invoking callback 1/1 for Microsoft.VisualStudio.TestPlatform.CommandLine.TestRunResultAggregator., took 0 ms.
TpTrace Verbose: 0 : 21916, 4, 2023/06/27, 15:07:02.345, 11075387530594, vstest.console.dll, MulticastDelegateUtilities.SafeInvoke: InternalTestLoggerEvents.SendTestRunMessage: Invoking callback 1/1 for Microsoft.VisualStudio.TestPlatform.CommandLine.Internal.ConsoleLogger., took 0 ms.
TpTrace Information: 0 : 21916, 13, 2023/06/27, 15:07:02.345, 11075387531491, vstest.console.dll, TestRunRequest:SendTestRunMessage: Completed.
TpTrace Verbose: 0 : 21916, 13, 2023/06/27, 15:07:02.345, 11075387532010, vstest.console.dll, MulticastDelegateUtilities.SafeInvoke: LengthPrefixCommunicationChannel: MessageReceived: Invoking callback 1/1 for Microsoft.VisualStudio.TestPlatform.CommunicationUtilities.TestRequestSender+<>c__DisplayClass34_0., took 0 ms.
TpTrace Verbose: 0 : 21916, 13, 2023/06/27, 15:07:02.345, 11075387532327, vstest.console.dll, TcpClientExtensions.MessageLoopAsync: Polling on remoteEndPoint: 127.0.0.1:56068 localEndPoint: 127.0.0.1:56067
TpTrace Verbose: 0 : 21916, 13, 2023/06/27, 15:07:02.474, 11075388824558, vstest.console.dll, TcpClientExtensions.MessageLoopAsync: NotifyDataAvailable remoteEndPoint: 127.0.0.1:56068 localEndPoint: 127.0.0.1:56067
TpTrace Verbose: 0 : 21916, 13, 2023/06/27, 15:07:02.474, 11075388826282, vstest.console.dll, TestRequestSender.OnExecutionMessageReceived: Received message: {"Version":5,"MessageType":"TestSession.Message","Payload":{"MessageLevel":0,"Message":"   NUnit3TestExecutor discovered 19 of 19 NUnit test cases using Current Discovery mode, Non-Explicit run"}}
TpTrace Verbose: 0 : 21916, 13, 2023/06/27, 15:07:02.474, 11075388827558, vstest.console.dll, TestRunRequest:SendTestRunMessage: Starting.
TpTrace Verbose: 0 : 21916, 13, 2023/06/27, 15:07:02.474, 11075388828290, vstest.console.dll, MulticastDelegateUtilities.SafeInvoke: TestRun.LogMessages: Invoking callback 1/1 for Microsoft.VisualStudio.TestPlatform.CommandLine.TestRunResultAggregator., took 0 ms.
TpTrace Information: 0 : 21916, 13, 2023/06/27, 15:07:02.474, 11075388828660, vstest.console.dll, TestRunRequest:SendTestRunMessage: Completed.
TpTrace Verbose: 0 : 21916, 4, 2023/06/27, 15:07:02.474, 11075388828612, vstest.console.dll, MulticastDelegateUtilities.SafeInvoke: InternalTestLoggerEvents.SendTestRunMessage: Invoking callback 1/1 for Microsoft.VisualStudio.TestPlatform.CommandLine.Internal.ConsoleLogger., took 0 ms.
TpTrace Verbose: 0 : 21916, 13, 2023/06/27, 15:07:02.475, 11075388829047, vstest.console.dll, MulticastDelegateUtilities.SafeInvoke: LengthPrefixCommunicationChannel: MessageReceived: Invoking callback 1/1 for Microsoft.VisualStudio.TestPlatform.CommunicationUtilities.TestRequestSender+<>c__DisplayClass34_0., took 0 ms.
TpTrace Verbose: 0 : 21916, 13, 2023/06/27, 15:07:02.475, 11075388830258, vstest.console.dll, TcpClientExtensions.MessageLoopAsync: Polling on remoteEndPoint: 127.0.0.1:56068 localEndPoint: 127.0.0.1:56067
TpTrace Verbose: 0 : 21916, 13, 2023/06/27, 15:07:02.747, 11075391550893, vstest.console.dll, TcpClientExtensions.MessageLoopAsync: NotifyDataAvailable remoteEndPoint: 127.0.0.1:56068 localEndPoint: 127.0.0.1:56067
TpTrace Verbose: 0 : 21916, 13, 2023/06/27, 15:07:02.747, 11075391553382, vstest.console.dll, TestRequestSender.OnExecutionMessageReceived: Received message: {"Version":5,"MessageType":"TestExecution.StatsChange","Payload":{"NewTestResults":[{"TestCase":{"Id":"564abcc5-b237-7c42-a2d4-3f345458b52d","FullyQualifiedName":"TestProject1.IssueControllerTests.Create_InvalidIssues_ReturnsBadRequest","DisplayName":"Create_InvalidIssues_ReturnsBadRequest","ExecutorUri":"executor://NUnit3TestExecutor","Source":"C:\\Users\\PC\\source\\repos\\WebApplication1\\TestProject1\\bin\\Debug\\net6.0\\fine-code-coverage\\build-output\\UnitTests.dll","CodeFilePath":null,"LineNumber":0,"Properties":[{"Key":{"Id":"NUnit.Seed","Label":"Seed","Category":"","Description":"","Attributes":0,"ValueType":"System.String"},"Value":"1478648412"}]},"Attachments":[],"Outcome":1,"ErrorMessage":null,"ErrorStackTrace":null,"DisplayName":"Create_InvalidIssues_ReturnsBadRequest","Messages":[],"ComputerName":"DESKTOP-F8FT2IU","Duration":"00:00:00.0823420","StartTime":"2023-06-27T12:07:02.568138+00:00","EndTime":"2023-06-27T12:07:02.6503981+00:00","Properties":[{"Key":{"Id":"NUnit.Seed","Label":"Seed","Category":"","Description":"","Attributes":0,"ValueType":"System.String"},"Value":"1478648412"}]},{"TestCase":{"Id":"bb00687c-d799-5feb-d312-c57fe07ed9e7","FullyQualifiedName":"TestProject1.IssueControllerTests.Create_ValidIssues_ReturnsCreatedAtAction","DisplayName":"Create_ValidIssues_ReturnsCreatedAtAction","ExecutorUri":"executor://NUnit3TestExecutor","Source":"C:\\Users\\PC\\source\\repos\\WebApplication1\\TestProject1\\bin\\Debug\\net6.0\\fine-code-coverage\\build-output\\UnitTests.dll","CodeFilePath":null,"LineNumber":0,"Properties":[{"Key":{"Id":"NUnit.Seed","Label":"Seed","Category":"","Description":"","Attributes":0,"ValueType":"System.String"},"Value":"2145257036"}]},"Attachments":[],"Outcome":1,"ErrorMessage":null,"ErrorStackTrace":null,"DisplayName":"Create_ValidIssues_ReturnsCreatedAtAction","Messages":[],"ComputerName":"DESKTOP-F8FT2IU","Duration":"00:00:00.0370180","StartTime":"2023-06-27T12:07:02.6519158+00:00","EndTime":"2023-06-27T12:07:02.6889333+00:00","Properties":[{"Key":{"Id":"NUnit.Seed","Label":"Seed","Category":"","Description":"","Attributes":0,"ValueType":"System.String"},"Value":"2145257036"}]},{"TestCase":{"Id":"868f189e-3800-ed88-4a67-ba1f26a3fa7b","FullyQualifiedName":"TestProject1.IssueControllerTests.Delete_ValidIssues_ReturnsNoContent","DisplayName":"Delete_ValidIssues_ReturnsNoContent","ExecutorUri":"executor://NUnit3TestExecutor","Source":"C:\\Users\\PC\\source\\repos\\WebApplication1\\TestProject1\\bin\\Debug\\net6.0\\fine-code-coverage\\build-output\\UnitTests.dll","CodeFilePath":null,"LineNumber":0,"Properties":[{"Key":{"Id":"NUnit.Seed","Label":"Seed","Category":"","Description":"","Attributes":0,"ValueType":"System.String"},"Value":"1578431390"}]},"Attachments":[],"Outcome":1,"ErrorMessage":null,"ErrorStackTrace":null,"DisplayName":"Delete_ValidIssues_ReturnsNoContent","Messages":[],"ComputerName":"DESKTOP-F8FT2IU","Duration":"00:00:00.0067370","StartTime":"2023-06-27T12:07:02.6889787+00:00","EndTime":"2023-06-27T12:07:02.6957157+00:00","Properties":[{"Key":{"Id":"NUnit.Seed","Label":"Seed","Category":"","Description":"","Attributes":0,"ValueType":"System.String"},"Value":"1578431390"}]},{"TestCase":{"Id":"dfb55608-9d9d-321f-2931-2ae19ecb4919","FullyQualifiedName":"TestProject1.IssueControllerTests.Get_ReturnsListOfIssues","DisplayName":"Get_ReturnsListOfIssues","ExecutorUri":"executor://NUnit3TestExecutor","Source":"C:\\Users\\PC\\source\\repos\\WebApplication1\\TestProject1\\bin\\Debug\\net6.0\\fine-code-coverage\\build-output\\UnitTests.dll","CodeFilePath":null,"LineNumber":0,"Properties":[{"Key":{"Id":"NUnit.Seed","Label":"Seed","Category":"","Description":"","Attributes":0,"ValueType":"System.String"},"Value":"398689939"}]},"Attachments":[],"Outcome":1,"ErrorMessage":null,"ErrorStackTrace":null,"DisplayName":"Get_ReturnsListOfIssues","Messages":[],"ComputerName":"DESKTOP-F8FT2IU","Duration":"00:00:00.0078300","StartTime":"2023-06-27T12:07:02.6957457+00:00","EndTime":"2023-06-27T12:07:02.7035758+00:00","Properties":[{"Key":{"Id":"NUnit.Seed","Label":"Seed","Category":"","Description":"","Attributes":0,"ValueType":"System.String"},"Value":"398689939"}]},{"TestCase":{"Id":"efea5299-1c63-4c3a-fc69-05aea8cefbe5","FullyQualifiedName":"TestProject1.IssueControllerTests.GetById_ExistingId_ReturnsIssue","DisplayName":"GetById_ExistingId_ReturnsIssue","ExecutorUri":"executor://NUnit3TestExecutor","Source":"C:\\Users\\PC\\source\\repos\\WebApplication1\\TestProject1\\bin\\Debug\\net6.0\\fine-code-coverage\\build-output\\UnitTests.dll","CodeFilePath":null,"LineNumber":0,"Properties":[{"Key":{"Id":"NUnit.Seed","Label":"Seed","Category":"","Description":"","Attributes":0,"ValueType":"System.String"},"Value":"1421974109"}]},"Attachments":[],"Outcome":1,"ErrorMessage":null,"ErrorStackTrace":null,"DisplayName":"GetById_ExistingId_ReturnsIssue","Messages":[],"ComputerName":"DESKTOP-F8FT2IU","Duration":"00:00:00.0023370","StartTime":"2023-06-27T12:07:02.7036027+00:00","EndTime":"2023-06-27T12:07:02.7059394+00:00","Properties":[{"Key":{"Id":"NUnit.Seed","Label":"Seed","Category":"","Description":"","Attributes":0,"ValueType":"System.String"},"Value":"1421974109"}]},{"TestCase":{"Id":"512f3fd8-f4d2-74a4-8880-25e4ee241b52","FullyQualifiedName":"TestProject1.IssueControllerTests.GetById_NotExistingId_RetrurnsNotFoundResult","DisplayName":"GetById_NotExistingId_RetrurnsNotFoundResult","ExecutorUri":"executor://NUnit3TestExecutor","Source":"C:\\Users\\PC\\source\\repos\\WebApplication1\\TestProject1\\bin\\Debug\\net6.0\\fine-code-coverage\\build-output\\UnitTests.dll","CodeFilePath":null,"LineNumber":0,"Properties":[{"Key":{"Id":"NUnit.Seed","Label":"Seed","Category":"","Description":"","Attributes":0,"ValueType":"System.String"},"Value":"1686030023"}]},"Attachments":[],"Outcome":1,"ErrorMessage":null,"ErrorStackTrace":null,"DisplayName":"GetById_NotExistingId_RetrurnsNotFoundResult","Messages":[],"ComputerName":"DESKTOP-F8FT2IU","Duration":"00:00:00.0011270","StartTime":"2023-06-27T12:07:02.7059649+00:00","EndTime":"2023-06-27T12:07:02.7070916+00:00","Properties":[{"Key":{"Id":"NUnit.Seed","Label":"Seed","Category":"","Description":"","Attributes":0,"ValueType":"System.String"},"Value":"1686030023"}]},{"TestCase":{"Id":"4e6f6551-dcf8-119e-3a09-bf32914ccb57","FullyQualifiedName":"TestProject1.IssueControllerTests.Update_InvalidIssues_ReturnsNotFound","DisplayName":"Update_InvalidIssues_ReturnsNotFound","ExecutorUri":"executor://NUnit3TestExecutor","Source":"C:\\Users\\PC\\source\\repos\\WebApplication1\\TestProject1\\bin\\Debug\\net6.0\\fine-code-coverage\\build-output\\UnitTests.dll","CodeFilePath":null,"LineNumber":0,"Properties":[{"Key":{"Id":"NUnit.Seed","Label":"Seed","Category":"","Description":"","Attributes":0,"ValueType":"System.String"},"Value":"383474459"}]},"Attachments":[],"Outcome":1,"ErrorMessage":null,"ErrorStackTrace":null,"DisplayName":"Update_InvalidIssues_ReturnsNotFound","Messages":[],"ComputerName":"DESKTOP-F8FT2IU","Duration":"00:00:00.0057350","StartTime":"2023-06-27T12:07:02.7071021+00:00","EndTime":"2023-06-27T12:07:02.7128366+00:00","Properties":[{"Key":{"Id":"NUnit.Seed","Label":"Seed","Category":"","Description":"","Attributes":0,"ValueType":"System.String"},"Value":"383474459"}]},{"TestCase":{"Id":"f5b19f13-a4ae-f267-3a19-b744a34cf187","FullyQualifiedName":"TestProject1.IssueControllerTests.Update_ValidIssues_ReturnsNoContent","DisplayName":"Update_ValidIssues_ReturnsNoContent","ExecutorUri":"executor://NUnit3TestExecutor","Source":"C:\\Users\\PC\\source\\repos\\WebApplication1\\TestProject1\\bin\\Debug\\net6.0\\fine-code-coverage\\build-output\\UnitTests.dll","CodeFilePath":null,"LineNumber":0,"Properties":[{"Key":{"Id":"NUnit.Seed","Label":"Seed","Category":"","Description":"","Attributes":0,"ValueType":"System.String"},"Value":"306830386"}]},"Attachments":[],"Outcome":1,"ErrorMessage":null,"ErrorStackTrace":null,"DisplayName":"Update_ValidIssues_ReturnsNoContent","Messages":[],"ComputerName":"DESKTOP-F8FT2IU","Duration":"00:00:00.0017310","StartTime":"2023-06-27T12:07:02.7128569+00:00","EndTime":"2023-06-27T12:07:02.7145881+00:00","Properties":[{"Key":{"Id":"NUnit.Seed","Label":"Seed","Category":"","Description":"","Attributes":0,"ValueType":"System.String"},"Value":"306830386"}]},{"TestCase":{"Id":"445e343d-f470-953c-01d7-bbed6bc19386","FullyQualifiedName":"TestProject1.IssueControllerTests.UpdateByIds_ValidInput_ReturnsCreatedAtAction","DisplayName":"UpdateByIds_ValidInput_ReturnsCreatedAtAction","ExecutorUri":"executor://NUnit3TestExecutor","Source":"C:\\Users\\PC\\source\\repos\\WebApplication1\\TestProject1\\bin\\Debug\\net6.0\\fine-code-coverage\\build-output\\UnitTests.dll","CodeFilePath":null,"LineNumber":0,"Properties":[{"Key":{"Id":"NUnit.Seed","Label":"Seed","Category":"","Description":"","Attributes":0,"ValueType":"System.String"},"Value":"946518510"}]},"Attachments":[],"Outcome":1,"ErrorMessage":null,"ErrorStackTrace":null,"DisplayName":"UpdateByIds_ValidInput_ReturnsCreatedAtAction","Messages":[],"ComputerName":"DESKTOP-F8FT2IU","Duration":"00:00:00.0043710","StartTime":"2023-06-27T12:07:02.7145994+00:00","EndTime":"2023-06-27T12:07:02.7189707+00:00","Properties":[{"Key":{"Id":"NUnit.Seed","Label":"Seed","Category":"","Description":"","Attributes":0,"ValueType":"System.String"},"Value":"946518510"}]}],"TestRunStatistics":{"ExecutedTests":9,"Stats":{"Passed":9}},"ActiveTests":[{"Id":"8d768bb8-8315-6111-3bf8-3bc19ae8b97c","FullyQualifiedName":"TestProject1.Services.IssueServicesTests.Add_InvalidIssues_ReturnsDbUpdateException","DisplayName":"Add_InvalidIssues_ReturnsDbUpdateException","ExecutorUri":"executor://NUnit3TestExecutor","Source":"C:\\Users\\PC\\source\\repos\\WebApplication1\\TestProject1\\bin\\Debug\\net6.0\\fine-code-coverage\\build-output\\UnitTests.dll","CodeFilePath":null,"LineNumber":0,"Properties":[{"Key":{"Id":"NUnit.Seed","Label":"Seed","Category":"","Description":"","Attributes":0,"ValueType":"System.String"},"Value":"1577970363"}]}]}}
TpTrace Verbose: 0 : 21916, 13, 2023/06/27, 15:07:02.772, 11075391806456, vstest.console.dll, TestRunRequest:SendTestRunStatsChange: Starting.
TpTrace Verbose: 0 : 21916, 13, 2023/06/27, 15:07:02.772, 11075391808684, vstest.console.dll, InProgress is Add_InvalidIssues_ReturnsDbUpdateException
TpTrace Verbose: 0 : 21916, 13, 2023/06/27, 15:07:02.773, 11075391811814, vstest.console.dll, MulticastDelegateUtilities.SafeInvoke: TestRun.RunStatsChanged: Invoking callbacks was skipped because there are no subscribers.
TpTrace Information: 0 : 21916, 13, 2023/06/27, 15:07:02.773, 11075391812329, vstest.console.dll, TestRunRequest:SendTestRunStatsChange: Completed.
TpTrace Verbose: 0 : 21916, 13, 2023/06/27, 15:07:02.773, 11075391812731, vstest.console.dll, MulticastDelegateUtilities.SafeInvoke: LengthPrefixCommunicationChannel: MessageReceived: Invoking callback 1/1 for Microsoft.VisualStudio.TestPlatform.CommunicationUtilities.TestRequestSender+<>c__DisplayClass34_0., took 25 ms.
TpTrace Verbose: 0 : 21916, 13, 2023/06/27, 15:07:02.773, 11075391813168, vstest.console.dll, TcpClientExtensions.MessageLoopAsync: Polling on remoteEndPoint: 127.0.0.1:56068 localEndPoint: 127.0.0.1:56067
TpTrace Verbose: 0 : 21916, 4, 2023/06/27, 15:07:02.775, 11075391832859, vstest.console.dll, MulticastDelegateUtilities.SafeInvoke: InternalTestLoggerEvents.SendTestResult: Invoking callback 1/1 for Microsoft.VisualStudio.TestPlatform.CommandLine.Internal.ConsoleLogger., took 2 ms.
TpTrace Verbose: 0 : 21916, 4, 2023/06/27, 15:07:02.775, 11075391836943, vstest.console.dll, MulticastDelegateUtilities.SafeInvoke: InternalTestLoggerEvents.SendTestResult: Invoking callback 1/1 for Microsoft.VisualStudio.TestPlatform.CommandLine.Internal.ConsoleLogger., took 0 ms.
TpTrace Verbose: 0 : 21916, 4, 2023/06/27, 15:07:02.775, 11075391838010, vstest.console.dll, MulticastDelegateUtilities.SafeInvoke: InternalTestLoggerEvents.SendTestResult: Invoking callback 1/1 for Microsoft.VisualStudio.TestPlatform.CommandLine.Internal.ConsoleLogger., took 0 ms.
TpTrace Verbose: 0 : 21916, 4, 2023/06/27, 15:07:02.776, 11075391839030, vstest.console.dll, MulticastDelegateUtilities.SafeInvoke: InternalTestLoggerEvents.SendTestResult: Invoking callback 1/1 for Microsoft.VisualStudio.TestPlatform.CommandLine.Internal.ConsoleLogger., took 0 ms.
TpTrace Verbose: 0 : 21916, 4, 2023/06/27, 15:07:02.776, 11075391839683, vstest.console.dll, MulticastDelegateUtilities.SafeInvoke: InternalTestLoggerEvents.SendTestResult: Invoking callback 1/1 for Microsoft.VisualStudio.TestPlatform.CommandLine.Internal.ConsoleLogger., took 0 ms.
TpTrace Verbose: 0 : 21916, 4, 2023/06/27, 15:07:02.776, 11075391840371, vstest.console.dll, MulticastDelegateUtilities.SafeInvoke: InternalTestLoggerEvents.SendTestResult: Invoking callback 1/1 for Microsoft.VisualStudio.TestPlatform.CommandLine.Internal.ConsoleLogger., took 0 ms.
TpTrace Verbose: 0 : 21916, 4, 2023/06/27, 15:07:02.776, 11075391840876, vstest.console.dll, MulticastDelegateUtilities.SafeInvoke: InternalTestLoggerEvents.SendTestResult: Invoking callback 1/1 for Microsoft.VisualStudio.TestPlatform.CommandLine.Internal.ConsoleLogger., took 0 ms.
TpTrace Verbose: 0 : 21916, 4, 2023/06/27, 15:07:02.776, 11075391841375, vstest.console.dll, MulticastDelegateUtilities.SafeInvoke: InternalTestLoggerEvents.SendTestResult: Invoking callback 1/1 for Microsoft.VisualStudio.TestPlatform.CommandLine.Internal.ConsoleLogger., took 0 ms.
TpTrace Verbose: 0 : 21916, 4, 2023/06/27, 15:07:02.776, 11075391841866, vstest.console.dll, MulticastDelegateUtilities.SafeInvoke: InternalTestLoggerEvents.SendTestResult: Invoking callback 1/1 for Microsoft.VisualStudio.TestPlatform.CommandLine.Internal.ConsoleLogger., took 0 ms.
TpTrace Verbose: 0 : 21916, 13, 2023/06/27, 15:07:03.599, 11075400073447, vstest.console.dll, TcpClientExtensions.MessageLoopAsync: NotifyDataAvailable remoteEndPoint: 127.0.0.1:56068 localEndPoint: 127.0.0.1:56067
TpTrace Verbose: 0 : 21916, 13, 2023/06/27, 15:07:03.599, 11075400075899, vstest.console.dll, TestRequestSender.OnExecutionMessageReceived: Received message: {"Version":5,"MessageType":"TestExecution.StatsChange","Payload":{"NewTestResults":[{"TestCase":{"Id":"8d768bb8-8315-6111-3bf8-3bc19ae8b97c","FullyQualifiedName":"TestProject1.Services.IssueServicesTests.Add_InvalidIssues_ReturnsDbUpdateException","DisplayName":"Add_InvalidIssues_ReturnsDbUpdateException","ExecutorUri":"executor://NUnit3TestExecutor","Source":"C:\\Users\\PC\\source\\repos\\WebApplication1\\TestProject1\\bin\\Debug\\net6.0\\fine-code-coverage\\build-output\\UnitTests.dll","CodeFilePath":null,"LineNumber":0,"Properties":[{"Key":{"Id":"NUnit.Seed","Label":"Seed","Category":"","Description":"","Attributes":0,"ValueType":"System.String"},"Value":"1577970363"}]},"Attachments":[],"Outcome":1,"ErrorMessage":null,"ErrorStackTrace":null,"DisplayName":"Add_InvalidIssues_ReturnsDbUpdateException","Messages":[],"ComputerName":"DESKTOP-F8FT2IU","Duration":"00:00:00.5332270","StartTime":"2023-06-27T12:07:02.7211297+00:00","EndTime":"2023-06-27T12:07:03.2543562+00:00","Properties":[{"Key":{"Id":"NUnit.Seed","Label":"Seed","Category":"","Description":"","Attributes":0,"ValueType":"System.String"},"Value":"1577970363"}]},{"TestCase":{"Id":"92a6936b-5f68-516c-0d3e-4c425cb73f7e","FullyQualifiedName":"TestProject1.Services.IssueServicesTests.Add_ValidIssues_UpdatesDb","DisplayName":"Add_ValidIssues_UpdatesDb","ExecutorUri":"executor://NUnit3TestExecutor","Source":"C:\\Users\\PC\\source\\repos\\WebApplication1\\TestProject1\\bin\\Debug\\net6.0\\fine-code-coverage\\build-output\\UnitTests.dll","CodeFilePath":null,"LineNumber":0,"Properties":[{"Key":{"Id":"NUnit.Seed","Label":"Seed","Category":"","Description":"","Attributes":0,"ValueType":"System.String"},"Value":"822437679"}]},"Attachments":[],"Outcome":1,"ErrorMessage":null,"ErrorStackTrace":null,"DisplayName":"Add_ValidIssues_UpdatesDb","Messages":[],"ComputerName":"DESKTOP-F8FT2IU","Duration":"00:00:00.1841440","StartTime":"2023-06-27T12:07:03.2543876+00:00","EndTime":"2023-06-27T12:07:03.4385315+00:00","Properties":[{"Key":{"Id":"NUnit.Seed","Label":"Seed","Category":"","Description":"","Attributes":0,"ValueType":"System.String"},"Value":"822437679"}]},{"TestCase":{"Id":"b73b3ca0-e633-0ad8-472e-c56a0a7fc2da","FullyQualifiedName":"TestProject1.Services.IssueServicesTests.Delete_InvalidIssues_DoesntUpdateDb","DisplayName":"Delete_InvalidIssues_DoesntUpdateDb","ExecutorUri":"executor://NUnit3TestExecutor","Source":"C:\\Users\\PC\\source\\repos\\WebApplication1\\TestProject1\\bin\\Debug\\net6.0\\fine-code-coverage\\build-output\\UnitTests.dll","CodeFilePath":null,"LineNumber":0,"Properties":[{"Key":{"Id":"NUnit.Seed","Label":"Seed","Category":"","Description":"","Attributes":0,"ValueType":"System.String"},"Value":"831945642"}]},"Attachments":[],"Outcome":1,"ErrorMessage":null,"ErrorStackTrace":null,"DisplayName":"Delete_InvalidIssues_DoesntUpdateDb","Messages":[],"ComputerName":"DESKTOP-F8FT2IU","Duration":"00:00:00.0850989","StartTime":"2023-06-27T12:07:03.4385549+00:00","EndTime":"2023-06-27T12:07:03.5236532+00:00","Properties":[{"Key":{"Id":"NUnit.Seed","Label":"Seed","Category":"","Description":"","Attributes":0,"ValueType":"System.String"},"Value":"831945642"}]},{"TestCase":{"Id":"24cf84fe-06a9-ff4e-abe8-53db6abfcde6","FullyQualifiedName":"TestProject1.Services.IssueServicesTests.Delete_ValidIssues_UpdatesDb","DisplayName":"Delete_ValidIssues_UpdatesDb","ExecutorUri":"executor://NUnit3TestExecutor","Source":"C:\\Users\\PC\\source\\repos\\WebApplication1\\TestProject1\\bin\\Debug\\net6.0\\fine-code-coverage\\build-output\\UnitTests.dll","CodeFilePath":null,"LineNumber":0,"Properties":[{"Key":{"Id":"NUnit.Seed","Label":"Seed","Category":"","Description":"","Attributes":0,"ValueType":"System.String"},"Value":"50498902"}]},"Attachments":[],"Outcome":1,"ErrorMessage":null,"ErrorStackTrace":null,"DisplayName":"Delete_ValidIssues_UpdatesDb","Messages":[],"ComputerName":"DESKTOP-F8FT2IU","Duration":"00:00:00.0140610","StartTime":"2023-06-27T12:07:03.5236776+00:00","EndTime":"2023-06-27T12:07:03.5377385+00:00","Properties":[{"Key":{"Id":"NUnit.Seed","Label":"Seed","Category":"","Description":"","Attributes":0,"ValueType":"System.String"},"Value":"50498902"}]},{"TestCase":{"Id":"614072cf-d279-0b34-76c8-517657ee3f22","FullyQualifiedName":"TestProject1.Services.IssueServicesTests.GetAll_ReturnsAllIssues","DisplayName":"GetAll_ReturnsAllIssues","ExecutorUri":"executor://NUnit3TestExecutor","Source":"C:\\Users\\PC\\source\\repos\\WebApplication1\\TestProject1\\bin\\Debug\\net6.0\\fine-code-coverage\\build-output\\UnitTests.dll","CodeFilePath":null,"LineNumber":0,"Properties":[{"Key":{"Id":"NUnit.Seed","Label":"Seed","Category":"","Description":"","Attributes":0,"ValueType":"System.String"},"Value":"3480903"}]},"Attachments":[],"Outcome":1,"ErrorMessage":null,"ErrorStackTrace":null,"DisplayName":"GetAll_ReturnsAllIssues","Messages":[],"ComputerName":"DESKTOP-F8FT2IU","Duration":"00:00:00.0125860","StartTime":"2023-06-27T12:07:03.5377613+00:00","EndTime":"2023-06-27T12:07:03.5503473+00:00","Properties":[{"Key":{"Id":"NUnit.Seed","Label":"Seed","Category":"","Description":"","Attributes":0,"ValueType":"System.String"},"Value":"3480903"}]},{"TestCase":{"Id":"c76d0c69-d6e0-5bcb-4e3f-9bd610ba24f9","FullyQualifiedName":"TestProject1.Services.IssueServicesTests.GetById_InvalidId_ReturnsDbUpdateException","DisplayName":"GetById_InvalidId_ReturnsDbUpdateException","ExecutorUri":"executor://NUnit3TestExecutor","Source":"C:\\Users\\PC\\source\\repos\\WebApplication1\\TestProject1\\bin\\Debug\\net6.0\\fine-code-coverage\\build-output\\UnitTests.dll","CodeFilePath":null,"LineNumber":0,"Properties":[{"Key":{"Id":"NUnit.Seed","Label":"Seed","Category":"","Description":"","Attributes":0,"ValueType":"System.String"},"Value":"250664614"}]},"Attachments":[],"Outcome":1,"ErrorMessage":null,"ErrorStackTrace":null,"DisplayName":"GetById_InvalidId_ReturnsDbUpdateException","Messages":[],"ComputerName":"DESKTOP-F8FT2IU","Duration":"00:00:00.0017570","StartTime":"2023-06-27T12:07:03.5503697+00:00","EndTime":"2023-06-27T12:07:03.5521265+00:00","Properties":[{"Key":{"Id":"NUnit.Seed","Label":"Seed","Category":"","Description":"","Attributes":0,"ValueType":"System.String"},"Value":"250664614"}]},{"TestCase":{"Id":"df4034dd-df9a-fb72-af94-635d0a1a4265","FullyQualifiedName":"TestProject1.Services.IssueServicesTests.GetById_ValidId_ReturnsIssue","DisplayName":"GetById_ValidId_ReturnsIssue","ExecutorUri":"executor://NUnit3TestExecutor","Source":"C:\\Users\\PC\\source\\repos\\WebApplication1\\TestProject1\\bin\\Debug\\net6.0\\fine-code-coverage\\build-output\\UnitTests.dll","CodeFilePath":null,"LineNumber":0,"Properties":[{"Key":{"Id":"NUnit.Seed","Label":"Seed","Category":"","Description":"","Attributes":0,"ValueType":"System.String"},"Value":"256803341"}]},"Attachments":[],"Outcome":1,"ErrorMessage":null,"ErrorStackTrace":null,"DisplayName":"GetById_ValidId_ReturnsIssue","Messages":[],"ComputerName":"DESKTOP-F8FT2IU","Duration":"00:00:00.0030940","StartTime":"2023-06-27T12:07:03.5521413+00:00","EndTime":"2023-06-27T12:07:03.5552349+00:00","Properties":[{"Key":{"Id":"NUnit.Seed","Label":"Seed","Category":"","Description":"","Attributes":0,"ValueType":"System.String"},"Value":"256803341"}]},{"TestCase":{"Id":"c87dd2b9-2898-5f4f-c776-e12aebea9310","FullyQualifiedName":"TestProject1.Services.IssueServicesTests.Update_InvalidIssues_ReturnsDbUpdateException","DisplayName":"Update_InvalidIssues_ReturnsDbUpdateException","ExecutorUri":"executor://NUnit3TestExecutor","Source":"C:\\Users\\PC\\source\\repos\\WebApplication1\\TestProject1\\bin\\Debug\\net6.0\\fine-code-coverage\\build-output\\UnitTests.dll","CodeFilePath":null,"LineNumber":0,"Properties":[{"Key":{"Id":"NUnit.Seed","Label":"Seed","Category":"","Description":"","Attributes":0,"ValueType":"System.String"},"Value":"972211288"}]},"Attachments":[],"Outcome":1,"ErrorMessage":null,"ErrorStackTrace":null,"DisplayName":"Update_InvalidIssues_ReturnsDbUpdateException","Messages":[],"ComputerName":"DESKTOP-F8FT2IU","Duration":"00:00:00.0013500","StartTime":"2023-06-27T12:07:03.5552543+00:00","EndTime":"2023-06-27T12:07:03.5566045+00:00","Properties":[{"Key":{"Id":"NUnit.Seed","Label":"Seed","Category":"","Description":"","Attributes":0,"ValueType":"System.String"},"Value":"972211288"}]},{"TestCase":{"Id":"55f988b4-5060-98d5-dc5c-e8c469348d0e","FullyQualifiedName":"TestProject1.Services.IssueServicesTests.Update_ValidIssues_UpdatesDb","DisplayName":"Update_ValidIssues_UpdatesDb","ExecutorUri":"executor://NUnit3TestExecutor","Source":"C:\\Users\\PC\\source\\repos\\WebApplication1\\TestProject1\\bin\\Debug\\net6.0\\fine-code-coverage\\build-output\\UnitTests.dll","CodeFilePath":null,"LineNumber":0,"Properties":[{"Key":{"Id":"NUnit.Seed","Label":"Seed","Category":"","Description":"","Attributes":0,"ValueType":"System.String"},"Value":"482391843"}]},"Attachments":[],"Outcome":1,"ErrorMessage":null,"ErrorStackTrace":null,"DisplayName":"Update_ValidIssues_UpdatesDb","Messages":[],"ComputerName":"DESKTOP-F8FT2IU","Duration":"00:00:00.0374320","StartTime":"2023-06-27T12:07:03.5566153+00:00","EndTime":"2023-06-27T12:07:03.5940431+00:00","Properties":[{"Key":{"Id":"NUnit.Seed","Label":"Seed","Category":"","Description":"","Attributes":0,"ValueType":"System.String"},"Value":"482391843"}]}],"TestRunStatistics":{"ExecutedTests":18,"Stats":{"Passed":18}},"ActiveTests":[{"Id":"8614bcea-3263-22d0-1abd-91f952945c96","FullyQualifiedName":"TestProject1.Services.IssueServicesTests.UpdateById_ValidId_UpdatesDb","DisplayName":"UpdateById_ValidId_UpdatesDb","ExecutorUri":"executor://NUnit3TestExecutor","Source":"C:\\Users\\PC\\source\\repos\\WebApplication1\\TestProject1\\bin\\Debug\\net6.0\\fine-code-coverage\\build-output\\UnitTests.dll","CodeFilePath":null,"LineNumber":0,"Properties":[{"Key":{"Id":"NUnit.Seed","Label":"Seed","Category":"","Description":"","Attributes":0,"ValueType":"System.String"},"Value":"822688038"}]}]}}
TpTrace Verbose: 0 : 21916, 13, 2023/06/27, 15:07:03.601, 11075400090162, vstest.console.dll, TestRunRequest:SendTestRunStatsChange: Starting.
TpTrace Verbose: 0 : 21916, 13, 2023/06/27, 15:07:03.601, 11075400090778, vstest.console.dll, InProgress is UpdateById_ValidId_UpdatesDb
TpTrace Verbose: 0 : 21916, 13, 2023/06/27, 15:07:03.601, 11075400091683, vstest.console.dll, MulticastDelegateUtilities.SafeInvoke: TestRun.RunStatsChanged: Invoking callbacks was skipped because there are no subscribers.
TpTrace Information: 0 : 21916, 13, 2023/06/27, 15:07:03.601, 11075400092195, vstest.console.dll, TestRunRequest:SendTestRunStatsChange: Completed.
TpTrace Verbose: 0 : 21916, 4, 2023/06/27, 15:07:03.601, 11075400092366, vstest.console.dll, MulticastDelegateUtilities.SafeInvoke: InternalTestLoggerEvents.SendTestResult: Invoking callback 1/1 for Microsoft.VisualStudio.TestPlatform.CommandLine.Internal.ConsoleLogger., took 0 ms.
TpTrace Verbose: 0 : 21916, 13, 2023/06/27, 15:07:03.601, 11075400092495, vstest.console.dll, MulticastDelegateUtilities.SafeInvoke: LengthPrefixCommunicationChannel: MessageReceived: Invoking callback 1/1 for Microsoft.VisualStudio.TestPlatform.CommunicationUtilities.TestRequestSender+<>c__DisplayClass34_0., took 1 ms.
TpTrace Verbose: 0 : 21916, 4, 2023/06/27, 15:07:03.601, 11075400093052, vstest.console.dll, MulticastDelegateUtilities.SafeInvoke: InternalTestLoggerEvents.SendTestResult: Invoking callback 1/1 for Microsoft.VisualStudio.TestPlatform.CommandLine.Internal.ConsoleLogger., took 0 ms.
TpTrace Verbose: 0 : 21916, 13, 2023/06/27, 15:07:03.601, 11075400093270, vstest.console.dll, TcpClientExtensions.MessageLoopAsync: Polling on remoteEndPoint: 127.0.0.1:56068 localEndPoint: 127.0.0.1:56067
TpTrace Verbose: 0 : 21916, 4, 2023/06/27, 15:07:03.601, 11075400093859, vstest.console.dll, MulticastDelegateUtilities.SafeInvoke: InternalTestLoggerEvents.SendTestResult: Invoking callback 1/1 for Microsoft.VisualStudio.TestPlatform.CommandLine.Internal.ConsoleLogger., took 0 ms.
TpTrace Verbose: 0 : 21916, 4, 2023/06/27, 15:07:03.601, 11075400094454, vstest.console.dll, MulticastDelegateUtilities.SafeInvoke: InternalTestLoggerEvents.SendTestResult: Invoking callback 1/1 for Microsoft.VisualStudio.TestPlatform.CommandLine.Internal.ConsoleLogger., took 0 ms.
TpTrace Verbose: 0 : 21916, 4, 2023/06/27, 15:07:03.601, 11075400094877, vstest.console.dll, MulticastDelegateUtilities.SafeInvoke: InternalTestLoggerEvents.SendTestResult: Invoking callback 1/1 for Microsoft.VisualStudio.TestPlatform.CommandLine.Internal.ConsoleLogger., took 0 ms.
TpTrace Verbose: 0 : 21916, 4, 2023/06/27, 15:07:03.602, 11075400102847, vstest.console.dll, MulticastDelegateUtilities.SafeInvoke: InternalTestLoggerEvents.SendTestResult: Invoking callback 1/1 for Microsoft.VisualStudio.TestPlatform.CommandLine.Internal.ConsoleLogger., took 0 ms.
TpTrace Verbose: 0 : 21916, 4, 2023/06/27, 15:07:03.602, 11075400103490, vstest.console.dll, MulticastDelegateUtilities.SafeInvoke: InternalTestLoggerEvents.SendTestResult: Invoking callback 1/1 for Microsoft.VisualStudio.TestPlatform.CommandLine.Internal.ConsoleLogger., took 0 ms.
TpTrace Verbose: 0 : 21916, 4, 2023/06/27, 15:07:03.602, 11075400103957, vstest.console.dll, MulticastDelegateUtilities.SafeInvoke: InternalTestLoggerEvents.SendTestResult: Invoking callback 1/1 for Microsoft.VisualStudio.TestPlatform.CommandLine.Internal.ConsoleLogger., took 0 ms.
TpTrace Verbose: 0 : 21916, 4, 2023/06/27, 15:07:03.602, 11075400104377, vstest.console.dll, MulticastDelegateUtilities.SafeInvoke: InternalTestLoggerEvents.SendTestResult: Invoking callback 1/1 for Microsoft.VisualStudio.TestPlatform.CommandLine.Internal.ConsoleLogger., took 0 ms.
TpTrace Verbose: 0 : 21916, 13, 2023/06/27, 15:07:03.641, 11075400497391, vstest.console.dll, TcpClientExtensions.MessageLoopAsync: NotifyDataAvailable remoteEndPoint: 127.0.0.1:56068 localEndPoint: 127.0.0.1:56067
TpTrace Verbose: 0 : 21916, 13, 2023/06/27, 15:07:03.641, 11075400498623, vstest.console.dll, TestRequestSender.OnExecutionMessageReceived: Received message: {"Version":5,"MessageType":"TestSession.Message","Payload":{"MessageLevel":0,"Message":"NUnit Adapter 4.2.0.0: Test execution complete"}}
TpTrace Verbose: 0 : 21916, 13, 2023/06/27, 15:07:03.642, 11075400499511, vstest.console.dll, TestRunRequest:SendTestRunMessage: Starting.
TpTrace Verbose: 0 : 21916, 13, 2023/06/27, 15:07:03.642, 11075400500084, vstest.console.dll, MulticastDelegateUtilities.SafeInvoke: TestRun.LogMessages: Invoking callback 1/1 for Microsoft.VisualStudio.TestPlatform.CommandLine.TestRunResultAggregator., took 0 ms.
TpTrace Verbose: 0 : 21916, 4, 2023/06/27, 15:07:03.642, 11075400500314, vstest.console.dll, MulticastDelegateUtilities.SafeInvoke: InternalTestLoggerEvents.SendTestRunMessage: Invoking callback 1/1 for Microsoft.VisualStudio.TestPlatform.CommandLine.Internal.ConsoleLogger., took 0 ms.
TpTrace Information: 0 : 21916, 13, 2023/06/27, 15:07:03.642, 11075400500388, vstest.console.dll, TestRunRequest:SendTestRunMessage: Completed.
TpTrace Verbose: 0 : 21916, 13, 2023/06/27, 15:07:03.642, 11075400501222, vstest.console.dll, MulticastDelegateUtilities.SafeInvoke: LengthPrefixCommunicationChannel: MessageReceived: Invoking callback 1/1 for Microsoft.VisualStudio.TestPlatform.CommunicationUtilities.TestRequestSender+<>c__DisplayClass34_0., took 0 ms.
TpTrace Verbose: 0 : 21916, 13, 2023/06/27, 15:07:03.642, 11075400501519, vstest.console.dll, TcpClientExtensions.MessageLoopAsync: Polling on remoteEndPoint: 127.0.0.1:56068 localEndPoint: 127.0.0.1:56067
TpTrace Verbose: 0 : 21916, 13, 2023/06/27, 15:07:03.655, 11075400629615, vstest.console.dll, TcpClientExtensions.MessageLoopAsync: NotifyDataAvailable remoteEndPoint: 127.0.0.1:56068 localEndPoint: 127.0.0.1:56067
TpTrace Verbose: 0 : 21916, 13, 2023/06/27, 15:07:03.655, 11075400630994, vstest.console.dll, TestRequestSender.OnExecutionMessageReceived: Received message: {"Version":5,"MessageType":"TestExecution.Completed","Payload":{"TestRunCompleteArgs":{"TestRunStatistics":{"ExecutedTests":19,"Stats":{"Passed":19}},"IsCanceled":false,"IsAborted":false,"Error":null,"AttachmentSets":[],"ElapsedTimeInRunningTests":"00:00:01.3449150","Metrics":{}},"LastRunTests":{"NewTestResults":[{"TestCase":{"Id":"8614bcea-3263-22d0-1abd-91f952945c96","FullyQualifiedName":"TestProject1.Services.IssueServicesTests.UpdateById_ValidId_UpdatesDb","DisplayName":"UpdateById_ValidId_UpdatesDb","ExecutorUri":"executor://NUnit3TestExecutor","Source":"C:\\Users\\PC\\source\\repos\\WebApplication1\\TestProject1\\bin\\Debug\\net6.0\\fine-code-coverage\\build-output\\UnitTests.dll","CodeFilePath":null,"LineNumber":0,"Properties":[{"Key":{"Id":"NUnit.Seed","Label":"Seed","Category":"","Description":"","Attributes":0,"ValueType":"System.String"},"Value":"822688038"}]},"Attachments":[],"Outcome":1,"ErrorMessage":null,"ErrorStackTrace":null,"DisplayName":"UpdateById_ValidId_UpdatesDb","Messages":[],"ComputerName":"DESKTOP-F8FT2IU","Duration":"00:00:00.0424659","StartTime":"2023-06-27T12:07:03.5940796+00:00","EndTime":"2023-06-27T12:07:03.6365453+00:00","Properties":[{"Key":{"Id":"NUnit.Seed","Label":"Seed","Category":"","Description":"","Attributes":0,"ValueType":"System.String"},"Value":"822688038"}]}],"TestRunStatistics":{"ExecutedTests":19,"Stats":{"Passed":19}},"ActiveTests":[]},"RunAttachments":[],"ExecutorUris":["executor://nunit3testexecutor/"]}}
TpTrace Verbose: 0 : 21916, 13, 2023/06/27, 15:07:03.655, 11075400631839, vstest.console.dll, TestRequestSender.EndSession: Sending end session.
TpTrace Verbose: 0 : 21916, 13, 2023/06/27, 15:07:03.655, 11075400633184, vstest.console.dll, ProxyOperationManager.Close: waiting for test host to exit for 100 ms
TpTrace Warning: 0 : 21916, 12, 2023/06/27, 15:07:03.676, 11075400840676, vstest.console.dll, TestHostManagerCallbacks.ErrorReceivedCallback Test host standard error line: 
TpTrace Verbose: 0 : 21916, 12, 2023/06/27, 15:07:03.684, 11075400922384, vstest.console.dll, TestHostProvider.ExitCallBack: Host exited starting callback.
TpTrace Information: 0 : 21916, 12, 2023/06/27, 15:07:03.684, 11075400924011, vstest.console.dll, TestHostManagerCallbacks.ExitCallBack: Testhost processId: 7996 exited with exitcode: 0 error: ''
TpTrace Verbose: 0 : 21916, 12, 2023/06/27, 15:07:03.684, 11075400924419, vstest.console.dll, DotnetTestHostManager.OnHostExited: invoking OnHostExited callback
TpTrace Verbose: 0 : 21916, 12, 2023/06/27, 15:07:03.684, 11075400924894, vstest.console.dll, CrossPlatEngine.TestHostManagerHostExited: calling on client process exit callback.
TpTrace Information: 0 : 21916, 12, 2023/06/27, 15:07:03.684, 11075400925386, vstest.console.dll, TestRequestSender.OnClientProcessExit: Test host process exited. Standard error: 
TpTrace Information: 0 : 21916, 12, 2023/06/27, 15:07:03.684, 11075400925785, vstest.console.dll, SocketServer.Stop: Stop server endPoint: 127.0.0.1:56067
TpTrace Information: 0 : 21916, 12, 2023/06/27, 15:07:03.684, 11075400926060, vstest.console.dll, SocketServer.Stop: Cancellation requested. Stopping message loop.
TpTrace Information: 0 : 21916, 13, 2023/06/27, 15:07:03.684, 11075400926383, vstest.console.dll, SocketServer.Stop: Stop server endPoint: 127.0.0.1:56067
TpTrace Verbose: 0 : 21916, 12, 2023/06/27, 15:07:03.684, 11075400926775, vstest.console.dll, MulticastDelegateUtilities.SafeInvoke: HostProviderEvents.OnHostExited: Invoking callback 1/1 for Microsoft.VisualStudio.TestPlatform.CrossPlatEngine.Client.ProxyOperationManager., took 0 ms.
TpTrace Information: 0 : 21916, 13, 2023/06/27, 15:07:03.684, 11075400926872, vstest.console.dll, SocketServer.Stop: Cancellation requested. Stopping message loop.
TpTrace Information: 0 : 21916, 13, 2023/06/27, 15:07:03.684, 11075400927773, vstest.console.dll, Closing the connection
TpTrace Verbose: 0 : 21916, 13, 2023/06/27, 15:07:03.685, 11075400930111, vstest.console.dll, ProxyDataCollectionManager.InvokeDataCollectionServiceAction: Starting.
TpTrace Information: 0 : 21916, 13, 2023/06/27, 15:07:03.685, 11075400930848, vstest.console.dll, ProxyDataCollectionManager.AfterTestRunEnd: Get attachment set and invoked data collectors processId: 16764 port: 56064
TpTrace Verbose: 0 : 21916, 13, 2023/06/27, 15:07:03.685, 11075400931690, vstest.console.dll, DataCollectionRequestSender.SendAfterTestRunStartAndGetResult: Send AfterTestRunEnd message with isCancelled: False
TpTrace Verbose: 0 : 21916, 13, 2023/06/27, 15:07:03.692, 11075401001694, vstest.console.dll, DataCollectionRequestSender.SendAfterTestRunStartAndGetResult: Received message: (DataCollection.AfterTestRunEndResult) -> {"MessageType":"DataCollection.AfterTestRunEndResult","Payload":{"AttachmentSets":[],"InvokedDataCollectors":[{"Uri":"datacollector://Microsoft/TestPlatform/Extensions/Blame/v1","FriendlyName":"Blame","AssemblyQualifiedName":"Microsoft.TestPlatform.Extensions.BlameDataCollector.BlameCollector, Microsoft.TestPlatform.Extensions.BlameDataCollector, Version=15.0.0.0, Culture=neutral, PublicKeyToken=b03f5f7f11d50a3a","FilePath":"C:\\Program Files\\dotnet\\sdk\\7.0.302\\Extensions\\Microsoft.TestPlatform.Extensions.BlameDataCollector.dll","HasAttachmentProcessor":false}],"Metrics":{}}}
TpTrace Warning: 0 : 21916, 10, 2023/06/27, 15:07:03.696, 11075401043917, vstest.console.dll, DataCollectionLauncher.ErrorReceivedCallback datacollector standard error line: 
TpTrace Information: 0 : 21916, 13, 2023/06/27, 15:07:03.697, 11075401055458, vstest.console.dll, ProxyDataCollectionManager.InvokeDataCollectionServiceAction: Completed.
TpTrace Information: 0 : 21916, 10, 2023/06/27, 15:07:03.702, 11075401101592, vstest.console.dll, DataCollectionLauncher.ExitCallBack: Data collector exited with exitcode: 0 error: ''
TpTrace Verbose: 0 : 21916, 13, 2023/06/27, 15:07:03.727, 11075401354246, vstest.console.dll, TestRunRequest:SendTestRunStatsChange: Starting.
TpTrace Verbose: 0 : 21916, 13, 2023/06/27, 15:07:03.727, 11075401355618, vstest.console.dll, MulticastDelegateUtilities.SafeInvoke: TestRun.RunStatsChanged: Invoking callbacks was skipped because there are no subscribers.
TpTrace Information: 0 : 21916, 13, 2023/06/27, 15:07:03.727, 11075401356240, vstest.console.dll, TestRunRequest:SendTestRunStatsChange: Completed.
TpTrace Verbose: 0 : 21916, 4, 2023/06/27, 15:07:03.727, 11075401356399, vstest.console.dll, MulticastDelegateUtilities.SafeInvoke: InternalTestLoggerEvents.SendTestResult: Invoking callback 1/1 for Microsoft.VisualStudio.TestPlatform.CommandLine.Internal.ConsoleLogger., took 0 ms.
TpTrace Verbose: 0 : 21916, 13, 2023/06/27, 15:07:03.728, 11075401363099, vstest.console.dll, ParallelProxyExecutionManager: HandlePartialRunComplete: Total completed clients = 1, Run complete = True, Run canceled: False.
TpTrace Verbose: 0 : 21916, 4, 2023/06/27, 15:07:03.738, 11075401463163, vstest.console.dll, MulticastDelegateUtilities.SafeInvoke: InternalTestLoggerEvents.SendTestRunComplete: Invoking callback 1/2 for Microsoft.TestPlatform.Extensions.BlameDataCollector.BlameLogger., took 0 ms.
TpTrace Verbose: 0 : 21916, 4, 2023/06/27, 15:07:03.743, 11075401512784, vstest.console.dll, MulticastDelegateUtilities.SafeInvoke: InternalTestLoggerEvents.SendTestRunComplete: Invoking callback 2/2 for Microsoft.VisualStudio.TestPlatform.CommandLine.Internal.ConsoleLogger., took 4 ms.
TpTrace Verbose: 0 : 21916, 13, 2023/06/27, 15:07:03.743, 11075401515796, vstest.console.dll, TestRunRequest:TestRunComplete: Starting. IsAborted:False IsCanceled:False.
TpTrace Verbose: 0 : 21916, 13, 2023/06/27, 15:07:03.745, 11075401529648, vstest.console.dll, TestLoggerManager.HandleTestRunComplete: Ignoring as the object is disposed.
TpTrace Verbose: 0 : 21916, 13, 2023/06/27, 15:07:03.745, 11075401531458, vstest.console.dll, MulticastDelegateUtilities.SafeInvoke: TestRun.TestRunComplete: Invoking callback 1/2 for Microsoft.VisualStudio.TestPlatform.CommandLine.TestRunResultAggregator., took 0 ms.
TpTrace Verbose: 0 : 21916, 13, 2023/06/27, 15:07:03.745, 11075401532756, vstest.console.dll, MulticastDelegateUtilities.SafeInvoke: TestRun.TestRunComplete: Invoking callback 2/2 for Microsoft.VisualStudio.TestPlatform.CommandLine.Processors.RunTestsArgumentExecutor+TestRunRequestEventsRegistrar., took 0 ms.
TpTrace Information: 0 : 21916, 13, 2023/06/27, 15:07:03.745, 11075401533591, vstest.console.dll, TestRunRequest:TestRunComplete: Completed.
TpTrace Verbose: 0 : 21916, 13, 2023/06/27, 15:07:03.745, 11075401533992, vstest.console.dll, TestRequestSender.SetOperationComplete: Setting operation complete.
TpTrace Information: 0 : 21916, 13, 2023/06/27, 15:07:03.745, 11075401534280, vstest.console.dll, SocketServer.Stop: Stop server endPoint: 127.0.0.1:56067
TpTrace Information: 0 : 21916, 13, 2023/06/27, 15:07:03.745, 11075401534522, vstest.console.dll, SocketServer.Stop: Cancellation requested. Stopping message loop.
TpTrace Verbose: 0 : 21916, 1, 2023/06/27, 15:07:03.745, 11075401534334, vstest.console.dll, TestRunRequest.Dispose: Starting.
TpTrace Verbose: 0 : 21916, 13, 2023/06/27, 15:07:03.745, 11075401534807, vstest.console.dll, MulticastDelegateUtilities.SafeInvoke: LengthPrefixCommunicationChannel: MessageReceived: Invoking callback 1/1 for Microsoft.VisualStudio.TestPlatform.CommunicationUtilities.TestRequestSender+<>c__DisplayClass34_0., took 90 ms.
TpTrace Information: 0 : 21916, 1, 2023/06/27, 15:07:03.745, 11075401535371, vstest.console.dll, TestRunRequest.Dispose: Completed.
TpTrace Information: 0 : 21916, 13, 2023/06/27, 15:07:03.745, 11075401535894, vstest.console.dll, SocketServer.PrivateStop: Stopping server endPoint: 127.0.0.1:56067 error: 
TpTrace Information: 0 : 21916, 1, 2023/06/27, 15:07:03.745, 11075401536361, vstest.console.dll, TestRequestManager.RunTests: run tests completed.
TpTrace Information: 0 : 21916, 1, 2023/06/27, 15:07:03.745, 11075401537620, vstest.console.dll, RunTestsArgumentProcessor:Execute: Test run is completed.
TpTrace Verbose: 0 : 21916, 1, 2023/06/27, 15:07:03.746, 11075401540106, vstest.console.dll, Executor.Execute: Exiting with exit code of 0
TpTrace Verbose: 0 : 21916, 13, 2023/06/27, 15:07:03.746, 11075401540874, vstest.console.dll, LengthPrefixCommunicationChannel.Dispose: Dispose reader and writer.
TpTrace Information: 0 : 21916, 13, 2023/06/27, 15:07:03.746, 11075401541954, vstest.console.dll, SocketServer.Stop: Raise disconnected event endPoint: 127.0.0.1:56067 error: 
TpTrace Verbose: 0 : 21916, 13, 2023/06/27, 15:07:03.746, 11075401542853, vstest.console.dll, TestRequestSender: OnTestRunAbort: Operation is already complete. Skip error message.
TpTrace Verbose: 0 : 21916, 13, 2023/06/27, 15:07:03.746, 11075401543264, vstest.console.dll, MulticastDelegateUtilities.SafeInvoke: SocketServer: ClientDisconnected: Invoking callback 1/1 for Microsoft.VisualStudio.TestPlatform.CommunicationUtilities.TestRequestSender., took 0 ms.
TpTrace Verbose: 0 : 21916, 13, 2023/06/27, 15:07:03.746, 11075401543535, vstest.console.dll, TcpClientExtensions.MessageLoopAsync: exiting MessageLoopAsync remoteEndPoint: 127.0.0.1:56068 localEndPoint: 127.0.0.1:56067
